[2.728s] Invoking command in '/mnt/c/ros2_ws/3-26-src/control': PYTHONPATH=/mnt/c/ros2_ws/3-26-src/build/control/prefix_override:/usr/lib/python3/dist-packages/colcon_core/task/python/colcon_distutils_commands:/mnt/c/ros2_ws/3-26-src/install/control/lib/python3.10/site-packages:${PYTHONPATH} /usr/bin/python3 -W ignore:setup.py install is deprecated -W ignore:easy_install command is deprecated setup.py egg_info --egg-base ../build/control build --build-base /mnt/c/ros2_ws/3-26-src/build/control/build install --record /mnt/c/ros2_ws/3-26-src/build/control/install.log --single-version-externally-managed install_data
[3.814s] running egg_info
[3.820s] writing ../build/control/control.egg-info/PKG-INFO
[3.828s] writing dependency_links to ../build/control/control.egg-info/dependency_links.txt
[3.838s] writing entry points to ../build/control/control.egg-info/entry_points.txt
[3.845s] writing requirements to ../build/control/control.egg-info/requires.txt
[3.850s] writing top-level names to ../build/control/control.egg-info/top_level.txt
[3.895s] reading manifest file '../build/control/control.egg-info/SOURCES.txt'
[3.995s] writing manifest file '../build/control/control.egg-info/SOURCES.txt'
[4.000s] running build
[4.002s] running build_py
[4.096s] copying control/midterm3.py -> /mnt/c/ros2_ws/3-26-src/build/control/build/lib/control
[4.155s] running install
[4.156s] running install_lib
[4.325s] copying /mnt/c/ros2_ws/3-26-src/build/control/build/lib/control/midterm3.py -> /mnt/c/ros2_ws/3-26-src/install/control/lib/python3.10/site-packages/control
[4.521s] byte-compiling /mnt/c/ros2_ws/3-26-src/install/control/lib/python3.10/site-packages/control/midterm3.py to midterm3.cpython-310.pyc
[4.609s] running install_data
[4.643s] running install_egg_info
[4.657s] removing '/mnt/c/ros2_ws/3-26-src/install/control/lib/python3.10/site-packages/control-0.0.0-py3.10.egg-info' (and everything under it)
[4.733s] Copying ../build/control/control.egg-info to /mnt/c/ros2_ws/3-26-src/install/control/lib/python3.10/site-packages/control-0.0.0-py3.10.egg-info
[5.075s] running install_scripts
[5.172s] Installing midterm3 script to /mnt/c/ros2_ws/3-26-src/install/control/lib/control
[5.188s] Installing startpublisher script to /mnt/c/ros2_ws/3-26-src/install/control/lib/control
[5.206s] writing list of installed files to '/mnt/c/ros2_ws/3-26-src/build/control/install.log'
[5.263s] Invoked command in '/mnt/c/ros2_ws/3-26-src/control' returned '0': PYTHONPATH=/mnt/c/ros2_ws/3-26-src/build/control/prefix_override:/usr/lib/python3/dist-packages/colcon_core/task/python/colcon_distutils_commands:/mnt/c/ros2_ws/3-26-src/install/control/lib/python3.10/site-packages:${PYTHONPATH} /usr/bin/python3 -W ignore:setup.py install is deprecated -W ignore:easy_install command is deprecated setup.py egg_info --egg-base ../build/control build --build-base /mnt/c/ros2_ws/3-26-src/build/control/build install --record /mnt/c/ros2_ws/3-26-src/build/control/install.log --single-version-externally-managed install_data
