[3.839s] Invoking command in '/mnt/c/ros2_ws/src/control': PYTHONPATH=/mnt/c/ros2_ws/build/control/prefix_override:/usr/lib/python3/dist-packages/colcon_core/task/python/colcon_distutils_commands:/mnt/c/ros2_ws/install/control/lib/python3.10/site-packages:${PYTHONPATH} /usr/bin/python3 -W ignore:setup.py install is deprecated -W ignore:easy_install command is deprecated setup.py egg_info --egg-base ../../build/control build --build-base /mnt/c/ros2_ws/build/control/build install --record /mnt/c/ros2_ws/build/control/install.log --single-version-externally-managed install_data
[5.015s] running egg_info
[5.022s] writing ../../build/control/control.egg-info/PKG-INFO
[5.048s] writing dependency_links to ../../build/control/control.egg-info/dependency_links.txt
[5.063s] writing entry points to ../../build/control/control.egg-info/entry_points.txt
[5.076s] writing requirements to ../../build/control/control.egg-info/requires.txt
[5.086s] writing top-level names to ../../build/control/control.egg-info/top_level.txt
[5.151s] reading manifest file '../../build/control/control.egg-info/SOURCES.txt'
[5.271s] writing manifest file '../../build/control/control.egg-info/SOURCES.txt'
[5.278s] running build
[5.280s] running build_py
[5.327s] copying control/__init__.py -> /mnt/c/ros2_ws/build/control/build/lib/control
[5.354s] running install
[5.356s] running install_lib
[5.449s] copying /mnt/c/ros2_ws/build/control/build/lib/control/__init__.py -> /mnt/c/ros2_ws/install/control/lib/python3.10/site-packages/control
[5.528s] byte-compiling /mnt/c/ros2_ws/install/control/lib/python3.10/site-packages/control/__init__.py to __init__.cpython-310.pyc
[5.594s] running install_data
[5.621s] copying resource/control -> /mnt/c/ros2_ws/install/control/share/ament_index/resource_index/packages
[5.665s] running install_egg_info
[5.684s] removing '/mnt/c/ros2_ws/install/control/lib/python3.10/site-packages/control-0.0.0-py3.10.egg-info' (and everything under it)
[5.770s] Copying ../../build/control/control.egg-info to /mnt/c/ros2_ws/install/control/lib/python3.10/site-packages/control-0.0.0-py3.10.egg-info
[6.134s] running install_scripts
[6.265s] Installing control script to /mnt/c/ros2_ws/install/control/lib/control
[6.309s] writing list of installed files to '/mnt/c/ros2_ws/build/control/install.log'
[7.145s] Invoked command in '/mnt/c/ros2_ws/src/control' returned '0': PYTHONPATH=/mnt/c/ros2_ws/build/control/prefix_override:/usr/lib/python3/dist-packages/colcon_core/task/python/colcon_distutils_commands:/mnt/c/ros2_ws/install/control/lib/python3.10/site-packages:${PYTHONPATH} /usr/bin/python3 -W ignore:setup.py install is deprecated -W ignore:easy_install command is deprecated setup.py egg_info --egg-base ../../build/control build --build-base /mnt/c/ros2_ws/build/control/build install --record /mnt/c/ros2_ws/build/control/install.log --single-version-externally-managed install_data
