[5.854s] Invoking command in '/mnt/c/ros2_ws/src/control': PYTHONPATH=/mnt/c/ros2_ws/build/control/prefix_override:/usr/lib/python3/dist-packages/colcon_core/task/python/colcon_distutils_commands:/mnt/c/ros2_ws/install/control/lib/python3.10/site-packages:${PYTHONPATH} /usr/bin/python3 -W ignore:setup.py install is deprecated -W ignore:easy_install command is deprecated setup.py egg_info --egg-base ../../build/control build --build-base /mnt/c/ros2_ws/build/control/build install --record /mnt/c/ros2_ws/build/control/install.log --single-version-externally-managed install_data
[7.573s] running egg_info
[7.582s] writing ../../build/control/control.egg-info/PKG-INFO
[7.594s] writing dependency_links to ../../build/control/control.egg-info/dependency_links.txt
[7.604s] writing entry points to ../../build/control/control.egg-info/entry_points.txt
[7.614s] writing requirements to ../../build/control/control.egg-info/requires.txt
[7.619s] writing top-level names to ../../build/control/control.egg-info/top_level.txt
[7.679s] reading manifest file '../../build/control/control.egg-info/SOURCES.txt'
[7.809s] writing manifest file '../../build/control/control.egg-info/SOURCES.txt'
[7.816s] running build
[7.818s] running build_py
[7.849s] copying control/control.py -> /mnt/c/ros2_ws/build/control/build/lib/control
[7.915s] running install
[7.916s] running install_lib
[7.979s] copying /mnt/c/ros2_ws/build/control/build/lib/control/control.py -> /mnt/c/ros2_ws/install/control/lib/python3.10/site-packages/control
[8.080s] byte-compiling /mnt/c/ros2_ws/install/control/lib/python3.10/site-packages/control/control.py to control.cpython-310.pyc
[8.171s] running install_data
[8.212s] running install_egg_info
[8.233s] removing '/mnt/c/ros2_ws/install/control/lib/python3.10/site-packages/control-0.0.0-py3.10.egg-info' (and everything under it)
[8.332s] Copying ../../build/control/control.egg-info to /mnt/c/ros2_ws/install/control/lib/python3.10/site-packages/control-0.0.0-py3.10.egg-info
[8.728s] running install_scripts
[8.891s] Installing control script to /mnt/c/ros2_ws/install/control/lib/control
[8.915s] writing list of installed files to '/mnt/c/ros2_ws/build/control/install.log'
[9.402s] Invoked command in '/mnt/c/ros2_ws/src/control' returned '0': PYTHONPATH=/mnt/c/ros2_ws/build/control/prefix_override:/usr/lib/python3/dist-packages/colcon_core/task/python/colcon_distutils_commands:/mnt/c/ros2_ws/install/control/lib/python3.10/site-packages:${PYTHONPATH} /usr/bin/python3 -W ignore:setup.py install is deprecated -W ignore:easy_install command is deprecated setup.py egg_info --egg-base ../../build/control build --build-base /mnt/c/ros2_ws/build/control/build install --record /mnt/c/ros2_ws/build/control/install.log --single-version-externally-managed install_data
