[8.300s] Invoking command in '/mnt/c/ros2_ws/src/pub_sub': PYTHONPATH=/mnt/c/ros2_ws/build/pub_sub/prefix_override:/usr/lib/python3/dist-packages/colcon_core/task/python/colcon_distutils_commands:/mnt/c/ros2_ws/install/pub_sub/lib/python3.10/site-packages:${PYTHONPATH} /usr/bin/python3 -W ignore:setup.py install is deprecated -W ignore:easy_install command is deprecated setup.py egg_info --egg-base ../../build/pub_sub build --build-base /mnt/c/ros2_ws/build/pub_sub/build install --record /mnt/c/ros2_ws/build/pub_sub/install.log --single-version-externally-managed install_data
[10.339s] running egg_info
[10.348s] writing ../../build/pub_sub/pub_sub.egg-info/PKG-INFO
[10.362s] writing dependency_links to ../../build/pub_sub/pub_sub.egg-info/dependency_links.txt
[10.371s] writing entry points to ../../build/pub_sub/pub_sub.egg-info/entry_points.txt
[10.380s] writing requirements to ../../build/pub_sub/pub_sub.egg-info/requires.txt
[10.388s] writing top-level names to ../../build/pub_sub/pub_sub.egg-info/top_level.txt
[10.449s] reading manifest file '../../build/pub_sub/pub_sub.egg-info/SOURCES.txt'
[10.552s] writing manifest file '../../build/pub_sub/pub_sub.egg-info/SOURCES.txt'
[10.558s] running build
[10.560s] running build_py
[10.630s] running install
[10.633s] running install_lib
[10.826s] running install_data
[10.865s] running install_egg_info
[10.890s] removing '/mnt/c/ros2_ws/install/pub_sub/lib/python3.10/site-packages/pub_sub-0.0.0-py3.10.egg-info' (and everything under it)
[10.977s] Copying ../../build/pub_sub/pub_sub.egg-info to /mnt/c/ros2_ws/install/pub_sub/lib/python3.10/site-packages/pub_sub-0.0.0-py3.10.egg-info
[11.385s] running install_scripts
[11.570s] Installing pub script to /mnt/c/ros2_ws/install/pub_sub/lib/pub_sub
[11.588s] Installing sub script to /mnt/c/ros2_ws/install/pub_sub/lib/pub_sub
[11.608s] writing list of installed files to '/mnt/c/ros2_ws/build/pub_sub/install.log'
[11.725s] Invoked command in '/mnt/c/ros2_ws/src/pub_sub' returned '0': PYTHONPATH=/mnt/c/ros2_ws/build/pub_sub/prefix_override:/usr/lib/python3/dist-packages/colcon_core/task/python/colcon_distutils_commands:/mnt/c/ros2_ws/install/pub_sub/lib/python3.10/site-packages:${PYTHONPATH} /usr/bin/python3 -W ignore:setup.py install is deprecated -W ignore:easy_install command is deprecated setup.py egg_info --egg-base ../../build/pub_sub build --build-base /mnt/c/ros2_ws/build/pub_sub/build install --record /mnt/c/ros2_ws/build/pub_sub/install.log --single-version-externally-managed install_data
