[1.810s] DEBUG:colcon:Command line arguments: ['/usr/bin/colcon', 'build']
[1.815s] DEBUG:colcon:Parsed command line arguments: Namespace(log_base=None, log_level=None, verb_name='build', build_base='build', install_base='install', merge_install=False, symlink_install=False, test_result_base=None, continue_on_error=False, executor='parallel', parallel_workers=8, event_handlers=None, ignore_user_meta=False, metas=['./colcon.meta'], base_paths=['.'], packages_ignore=None, packages_ignore_regex=None, paths=None, packages_up_to=None, packages_up_to_regex=None, packages_above=None, packages_above_and_dependencies=None, packages_above_depth=None, packages_select_by_dep=None, packages_skip_by_dep=None, packages_skip_up_to=None, packages_select_build_failed=False, packages_skip_build_finished=False, packages_select_test_failures=False, packages_skip_test_passed=False, packages_select=None, packages_skip=None, packages_select_regex=None, packages_skip_regex=None, packages_start=None, packages_end=None, allow_overriding=[], cmake_args=None, cmake_target=None, cmake_target_skip_unavailable=False, cmake_clean_cache=False, cmake_clean_first=False, cmake_force_configure=False, ament_cmake_args=None, catkin_cmake_args=None, catkin_skip_building_tests=False, mixin_files=None, mixin=None, verb_parser=<colcon_mixin.mixin.mixin_argument.MixinArgumentDecorator object at 0x7f61c8934550>, verb_extension=<colcon_core.verb.build.BuildVerb object at 0x7f61c890ff10>, main=<bound method BuildVerb.main of <colcon_core.verb.build.BuildVerb object at 0x7f61c890ff10>>, mixin_verb=('build',))
[3.390s] Level 1:colcon.colcon_core.package_discovery:discover_packages(colcon_meta) check parameters
[3.392s] Level 1:colcon.colcon_core.package_discovery:discover_packages(recursive) check parameters
[3.392s] Level 1:colcon.colcon_core.package_discovery:discover_packages(ignore) check parameters
[3.393s] Level 1:colcon.colcon_core.package_discovery:discover_packages(path) check parameters
[3.393s] Level 1:colcon.colcon_core.package_discovery:discover_packages(colcon_meta) discover
[3.393s] Level 1:colcon.colcon_core.package_discovery:discover_packages(recursive) discover
[3.394s] INFO:colcon.colcon_core.package_discovery:Crawling recursively for packages in '/mnt/c/ros2_ws'
[3.399s] Level 1:colcon.colcon_core.package_identification:_identify(.) by extensions ['ignore', 'ignore_ament_install']
[3.400s] Level 1:colcon.colcon_core.package_identification:_identify(.) by extension 'ignore'
[3.403s] Level 1:colcon.colcon_core.package_identification:_identify(.) by extension 'ignore_ament_install'
[3.407s] Level 1:colcon.colcon_core.package_identification:_identify(.) by extensions ['colcon_pkg']
[3.407s] Level 1:colcon.colcon_core.package_identification:_identify(.) by extension 'colcon_pkg'
[3.409s] Level 1:colcon.colcon_core.package_identification:_identify(.) by extensions ['colcon_meta']
[3.410s] Level 1:colcon.colcon_core.package_identification:_identify(.) by extension 'colcon_meta'
[3.411s] Level 1:colcon.colcon_core.package_identification:_identify(.) by extensions ['ros']
[3.412s] Level 1:colcon.colcon_core.package_identification:_identify(.) by extension 'ros'
[3.486s] Level 1:colcon.colcon_core.package_identification:_identify(.) by extensions ['cmake', 'python']
[3.487s] Level 1:colcon.colcon_core.package_identification:_identify(.) by extension 'cmake'
[3.488s] Level 1:colcon.colcon_core.package_identification:_identify(.) by extension 'python'
[3.489s] Level 1:colcon.colcon_core.package_identification:_identify(.) by extensions ['python_setup_py']
[3.490s] Level 1:colcon.colcon_core.package_identification:_identify(.) by extension 'python_setup_py'
[3.497s] Level 1:colcon.colcon_core.package_identification:_identify(3-26-src) by extensions ['ignore', 'ignore_ament_install']
[3.498s] Level 1:colcon.colcon_core.package_identification:_identify(3-26-src) by extension 'ignore'
[3.499s] Level 1:colcon.colcon_core.package_identification:_identify(3-26-src) by extension 'ignore_ament_install'
[3.503s] Level 1:colcon.colcon_core.package_identification:_identify(3-26-src) by extensions ['colcon_pkg']
[3.504s] Level 1:colcon.colcon_core.package_identification:_identify(3-26-src) by extension 'colcon_pkg'
[3.507s] Level 1:colcon.colcon_core.package_identification:_identify(3-26-src) by extensions ['colcon_meta']
[3.507s] Level 1:colcon.colcon_core.package_identification:_identify(3-26-src) by extension 'colcon_meta'
[3.509s] Level 1:colcon.colcon_core.package_identification:_identify(3-26-src) by extensions ['ros']
[3.510s] Level 1:colcon.colcon_core.package_identification:_identify(3-26-src) by extension 'ros'
[3.516s] Level 1:colcon.colcon_core.package_identification:_identify(3-26-src) by extensions ['cmake', 'python']
[3.516s] Level 1:colcon.colcon_core.package_identification:_identify(3-26-src) by extension 'cmake'
[3.518s] Level 1:colcon.colcon_core.package_identification:_identify(3-26-src) by extension 'python'
[3.521s] Level 1:colcon.colcon_core.package_identification:_identify(3-26-src) by extensions ['python_setup_py']
[3.522s] Level 1:colcon.colcon_core.package_identification:_identify(3-26-src) by extension 'python_setup_py'
[3.531s] Level 1:colcon.colcon_core.package_identification:_identify(3-26-src/control) by extensions ['ignore', 'ignore_ament_install']
[3.531s] Level 1:colcon.colcon_core.package_identification:_identify(3-26-src/control) by extension 'ignore'
[3.534s] Level 1:colcon.colcon_core.package_identification:_identify(3-26-src/control) by extension 'ignore_ament_install'
[3.540s] Level 1:colcon.colcon_core.package_identification:_identify(3-26-src/control) by extensions ['colcon_pkg']
[3.541s] Level 1:colcon.colcon_core.package_identification:_identify(3-26-src/control) by extension 'colcon_pkg'
[3.544s] Level 1:colcon.colcon_core.package_identification:_identify(3-26-src/control) by extensions ['colcon_meta']
[3.544s] Level 1:colcon.colcon_core.package_identification:_identify(3-26-src/control) by extension 'colcon_meta'
[3.548s] Level 1:colcon.colcon_core.package_identification:_identify(3-26-src/control) by extensions ['ros']
[3.548s] Level 1:colcon.colcon_core.package_identification:_identify(3-26-src/control) by extension 'ros'
[3.603s] DEBUG:colcon.colcon_core.package_identification:Package '3-26-src/control' with type 'ros.ament_python' and name 'control'
[3.615s] Level 1:colcon.colcon_core.package_identification:_identify(build) by extensions ['ignore', 'ignore_ament_install']
[3.615s] Level 1:colcon.colcon_core.package_identification:_identify(build) by extension 'ignore'
[3.621s] Level 1:colcon.colcon_core.package_identification:_identify(build) ignored
[3.629s] Level 1:colcon.colcon_core.package_identification:_identify(install) by extensions ['ignore', 'ignore_ament_install']
[3.630s] Level 1:colcon.colcon_core.package_identification:_identify(install) by extension 'ignore'
[3.633s] Level 1:colcon.colcon_core.package_identification:_identify(install) ignored
[3.647s] Level 1:colcon.colcon_core.package_identification:_identify(log) by extensions ['ignore', 'ignore_ament_install']
[3.648s] Level 1:colcon.colcon_core.package_identification:_identify(log) by extension 'ignore'
[3.650s] Level 1:colcon.colcon_core.package_identification:_identify(log) ignored
[3.659s] Level 1:colcon.colcon_core.package_identification:_identify(src) by extensions ['ignore', 'ignore_ament_install']
[3.660s] Level 1:colcon.colcon_core.package_identification:_identify(src) by extension 'ignore'
[3.663s] Level 1:colcon.colcon_core.package_identification:_identify(src) by extension 'ignore_ament_install'
[3.668s] Level 1:colcon.colcon_core.package_identification:_identify(src) by extensions ['colcon_pkg']
[3.668s] Level 1:colcon.colcon_core.package_identification:_identify(src) by extension 'colcon_pkg'
[3.670s] Level 1:colcon.colcon_core.package_identification:_identify(src) by extensions ['colcon_meta']
[3.671s] Level 1:colcon.colcon_core.package_identification:_identify(src) by extension 'colcon_meta'
[3.676s] Level 1:colcon.colcon_core.package_identification:_identify(src) by extensions ['ros']
[3.677s] Level 1:colcon.colcon_core.package_identification:_identify(src) by extension 'ros'
[3.689s] Level 1:colcon.colcon_core.package_identification:_identify(src) by extensions ['cmake', 'python']
[3.690s] Level 1:colcon.colcon_core.package_identification:_identify(src) by extension 'cmake'
[3.693s] Level 1:colcon.colcon_core.package_identification:_identify(src) by extension 'python'
[3.696s] Level 1:colcon.colcon_core.package_identification:_identify(src) by extensions ['python_setup_py']
[3.697s] Level 1:colcon.colcon_core.package_identification:_identify(src) by extension 'python_setup_py'
[3.718s] Level 1:colcon.colcon_core.package_identification:_identify(src/control) by extensions ['ignore', 'ignore_ament_install']
[3.719s] Level 1:colcon.colcon_core.package_identification:_identify(src/control) by extension 'ignore'
[3.725s] Level 1:colcon.colcon_core.package_identification:_identify(src/control) by extension 'ignore_ament_install'
[3.735s] Level 1:colcon.colcon_core.package_identification:_identify(src/control) by extensions ['colcon_pkg']
[3.736s] Level 1:colcon.colcon_core.package_identification:_identify(src/control) by extension 'colcon_pkg'
[3.740s] Level 1:colcon.colcon_core.package_identification:_identify(src/control) by extensions ['colcon_meta']
[3.742s] Level 1:colcon.colcon_core.package_identification:_identify(src/control) by extension 'colcon_meta'
[3.749s] Level 1:colcon.colcon_core.package_identification:_identify(src/control) by extensions ['ros']
[3.750s] Level 1:colcon.colcon_core.package_identification:_identify(src/control) by extension 'ros'
[3.916s] DEBUG:colcon.colcon_core.package_identification:Package 'src/control' with type 'ros.ament_python' and name 'control'
[3.936s] Level 1:colcon.colcon_core.package_identification:_identify(src/pub_sub) by extensions ['ignore', 'ignore_ament_install']
[3.936s] Level 1:colcon.colcon_core.package_identification:_identify(src/pub_sub) by extension 'ignore'
[3.939s] Level 1:colcon.colcon_core.package_identification:_identify(src/pub_sub) by extension 'ignore_ament_install'
[3.947s] Level 1:colcon.colcon_core.package_identification:_identify(src/pub_sub) by extensions ['colcon_pkg']
[3.948s] Level 1:colcon.colcon_core.package_identification:_identify(src/pub_sub) by extension 'colcon_pkg'
[3.951s] Level 1:colcon.colcon_core.package_identification:_identify(src/pub_sub) by extensions ['colcon_meta']
[3.952s] Level 1:colcon.colcon_core.package_identification:_identify(src/pub_sub) by extension 'colcon_meta'
[3.956s] Level 1:colcon.colcon_core.package_identification:_identify(src/pub_sub) by extensions ['ros']
[3.957s] Level 1:colcon.colcon_core.package_identification:_identify(src/pub_sub) by extension 'ros'
[4.015s] DEBUG:colcon.colcon_core.package_identification:Package 'src/pub_sub' with type 'ros.ament_python' and name 'pub_sub'
[4.025s] Level 1:colcon.colcon_core.package_identification:_identify(src/week5) by extensions ['ignore', 'ignore_ament_install']
[4.025s] Level 1:colcon.colcon_core.package_identification:_identify(src/week5) by extension 'ignore'
[4.029s] Level 1:colcon.colcon_core.package_identification:_identify(src/week5) by extension 'ignore_ament_install'
[4.035s] Level 1:colcon.colcon_core.package_identification:_identify(src/week5) by extensions ['colcon_pkg']
[4.035s] Level 1:colcon.colcon_core.package_identification:_identify(src/week5) by extension 'colcon_pkg'
[4.038s] Level 1:colcon.colcon_core.package_identification:_identify(src/week5) by extensions ['colcon_meta']
[4.039s] Level 1:colcon.colcon_core.package_identification:_identify(src/week5) by extension 'colcon_meta'
[4.042s] Level 1:colcon.colcon_core.package_identification:_identify(src/week5) by extensions ['ros']
[4.042s] Level 1:colcon.colcon_core.package_identification:_identify(src/week5) by extension 'ros'
[4.093s] DEBUG:colcon.colcon_core.package_identification:Package 'src/week5' with type 'ros.ament_python' and name 'week5'
[4.093s] Level 1:colcon.colcon_core.package_discovery:discover_packages(recursive) using defaults
[4.095s] Level 1:colcon.colcon_core.package_discovery:discover_packages(ignore) discover
[4.097s] Level 1:colcon.colcon_core.package_discovery:discover_packages(ignore) using defaults
[4.098s] Level 1:colcon.colcon_core.package_discovery:discover_packages(path) discover
[4.098s] Level 1:colcon.colcon_core.package_discovery:discover_packages(path) using defaults
[4.465s] Level 1:colcon.colcon_core.package_discovery:discover_packages(prefix_path) check parameters
[4.466s] Level 1:colcon.colcon_core.package_discovery:discover_packages(prefix_path) discover
[4.484s] DEBUG:colcon.colcon_installed_package_information.package_discovery:Found 271 installed packages in /opt/ros/humble
[4.490s] Level 1:colcon.colcon_core.package_discovery:discover_packages(prefix_path) using defaults
[4.803s] ERROR:colcon:colcon build: Duplicate package names not supported:
- control:
  - 3-26-src/control
  - src/control
