[6.883s] Invoking command in '/mnt/c/ros2_ws/3-26-SRC/control': PYTHONPATH=/mnt/c/ros2_ws/3-26-SRC/build/control/prefix_override:/usr/lib/python3/dist-packages/colcon_core/task/python/colcon_distutils_commands:/mnt/c/ros2_ws/3-26-SRC/install/control/lib/python3.10/site-packages:${PYTHONPATH} /usr/bin/python3 -W ignore:setup.py install is deprecated -W ignore:easy_install command is deprecated setup.py egg_info --egg-base ../build/control build --build-base /mnt/c/ros2_ws/3-26-SRC/build/control/build install --record /mnt/c/ros2_ws/3-26-SRC/build/control/install.log --single-version-externally-managed install_data
[9.682s] running egg_info
[9.689s] writing ../build/control/control.egg-info/PKG-INFO
[9.703s] writing dependency_links to ../build/control/control.egg-info/dependency_links.txt
[9.713s] writing entry points to ../build/control/control.egg-info/entry_points.txt
[9.722s] writing requirements to ../build/control/control.egg-info/requires.txt
[9.728s] writing top-level names to ../build/control/control.egg-info/top_level.txt
[9.789s] reading manifest file '../build/control/control.egg-info/SOURCES.txt'
[9.897s] writing manifest file '../build/control/control.egg-info/SOURCES.txt'
[9.903s] running build
[9.904s] running build_py
[9.928s] copying control/ex1.py -> /mnt/c/ros2_ws/3-26-SRC/build/control/build/lib/control
[10.028s] running install
[10.030s] running install_lib
[10.090s] copying /mnt/c/ros2_ws/3-26-SRC/build/control/build/lib/control/ex1.py -> /mnt/c/ros2_ws/3-26-SRC/install/control/lib/python3.10/site-packages/control
[10.240s] byte-compiling /mnt/c/ros2_ws/3-26-SRC/install/control/lib/python3.10/site-packages/control/ex1.py to ex1.cpython-310.pyc
[10.364s] running install_data
[10.412s] running install_egg_info
[10.444s] removing '/mnt/c/ros2_ws/3-26-SRC/install/control/lib/python3.10/site-packages/control-0.0.0-py3.10.egg-info' (and everything under it)
[10.557s] Copying ../build/control/control.egg-info to /mnt/c/ros2_ws/3-26-SRC/install/control/lib/python3.10/site-packages/control-0.0.0-py3.10.egg-info
[10.953s] running install_scripts
[11.214s] Installing ex1 script to /mnt/c/ros2_ws/3-26-SRC/install/control/lib/control
[11.234s] writing list of installed files to '/mnt/c/ros2_ws/3-26-SRC/build/control/install.log'
[11.297s] Invoked command in '/mnt/c/ros2_ws/3-26-SRC/control' returned '0': PYTHONPATH=/mnt/c/ros2_ws/3-26-SRC/build/control/prefix_override:/usr/lib/python3/dist-packages/colcon_core/task/python/colcon_distutils_commands:/mnt/c/ros2_ws/3-26-SRC/install/control/lib/python3.10/site-packages:${PYTHONPATH} /usr/bin/python3 -W ignore:setup.py install is deprecated -W ignore:easy_install command is deprecated setup.py egg_info --egg-base ../build/control build --build-base /mnt/c/ros2_ws/3-26-SRC/build/control/build install --record /mnt/c/ros2_ws/3-26-SRC/build/control/install.log --single-version-externally-managed install_data
