[2.638s] Invoking command in '/mnt/c/ros2_ws/3-26-src/control': PYTHONPATH=/mnt/c/ros2_ws/3-26-src/build/control/prefix_override:/usr/lib/python3/dist-packages/colcon_core/task/python/colcon_distutils_commands:/mnt/c/ros2_ws/3-26-src/install/control/lib/python3.10/site-packages:${PYTHONPATH} /usr/bin/python3 -W ignore:setup.py install is deprecated -W ignore:easy_install command is deprecated setup.py egg_info --egg-base ../build/control build --build-base /mnt/c/ros2_ws/3-26-src/build/control/build install --record /mnt/c/ros2_ws/3-26-src/build/control/install.log --single-version-externally-managed install_data
[3.643s] running egg_info
[3.650s] writing ../build/control/control.egg-info/PKG-INFO
[3.659s] writing dependency_links to ../build/control/control.egg-info/dependency_links.txt
[3.668s] writing entry points to ../build/control/control.egg-info/entry_points.txt
[3.675s] writing requirements to ../build/control/control.egg-info/requires.txt
[3.681s] writing top-level names to ../build/control/control.egg-info/top_level.txt
[3.730s] reading manifest file '../build/control/control.egg-info/SOURCES.txt'
[3.817s] writing manifest file '../build/control/control.egg-info/SOURCES.txt'
[3.822s] running build
[3.824s] running build_py
[3.915s] copying control/starterpublisher.py -> /mnt/c/ros2_ws/3-26-src/build/control/build/lib/control
[3.970s] running install
[3.972s] running install_lib
[4.161s] copying /mnt/c/ros2_ws/3-26-src/build/control/build/lib/control/starterpublisher.py -> /mnt/c/ros2_ws/3-26-src/install/control/lib/python3.10/site-packages/control
[4.301s] byte-compiling /mnt/c/ros2_ws/3-26-src/install/control/lib/python3.10/site-packages/control/starterpublisher.py to starterpublisher.cpython-310.pyc
[4.364s] running install_data
[4.397s] running install_egg_info
[4.411s] removing '/mnt/c/ros2_ws/3-26-src/install/control/lib/python3.10/site-packages/control-0.0.0-py3.10.egg-info' (and everything under it)
[4.486s] Copying ../build/control/control.egg-info to /mnt/c/ros2_ws/3-26-src/install/control/lib/python3.10/site-packages/control-0.0.0-py3.10.egg-info
[4.802s] running install_scripts
[4.925s] Installing midterm2 script to /mnt/c/ros2_ws/3-26-src/install/control/lib/control
[4.944s] Installing startpublish script to /mnt/c/ros2_ws/3-26-src/install/control/lib/control
[4.969s] writing list of installed files to '/mnt/c/ros2_ws/3-26-src/build/control/install.log'
[5.030s] Invoked command in '/mnt/c/ros2_ws/3-26-src/control' returned '0': PYTHONPATH=/mnt/c/ros2_ws/3-26-src/build/control/prefix_override:/usr/lib/python3/dist-packages/colcon_core/task/python/colcon_distutils_commands:/mnt/c/ros2_ws/3-26-src/install/control/lib/python3.10/site-packages:${PYTHONPATH} /usr/bin/python3 -W ignore:setup.py install is deprecated -W ignore:easy_install command is deprecated setup.py egg_info --egg-base ../build/control build --build-base /mnt/c/ros2_ws/3-26-src/build/control/build install --record /mnt/c/ros2_ws/3-26-src/build/control/install.log --single-version-externally-managed install_data
