running egg_info
creating ../../build/control/control.egg-info
writing ../../build/control/control.egg-info/PKG-INFO
writing dependency_links to ../../build/control/control.egg-info/dependency_links.txt
writing entry points to ../../build/control/control.egg-info/entry_points.txt
writing requirements to ../../build/control/control.egg-info/requires.txt
writing top-level names to ../../build/control/control.egg-info/top_level.txt
writing manifest file '../../build/control/control.egg-info/SOURCES.txt'
reading manifest file '../../build/control/control.egg-info/SOURCES.txt'
writing manifest file '../../build/control/control.egg-info/SOURCES.txt'
running build
running build_py
creating /mnt/c/ros2_ws/build/control/build
creating /mnt/c/ros2_ws/build/control/build/lib
creating /mnt/c/ros2_ws/build/control/build/lib/control
copying control/__init__.py -> /mnt/c/ros2_ws/build/control/build/lib/control
running install
running install_lib
creating /mnt/c/ros2_ws/install/control/lib/python3.10/site-packages/control
copying /mnt/c/ros2_ws/build/control/build/lib/control/__init__.py -> /mnt/c/ros2_ws/install/control/lib/python3.10/site-packages/control
byte-compiling /mnt/c/ros2_ws/install/control/lib/python3.10/site-packages/control/__init__.py to __init__.cpython-310.pyc
running install_data
creating /mnt/c/ros2_ws/install/control/share/ament_index
creating /mnt/c/ros2_ws/install/control/share/ament_index/resource_index
creating /mnt/c/ros2_ws/install/control/share/ament_index/resource_index/packages
copying resource/control -> /mnt/c/ros2_ws/install/control/share/ament_index/resource_index/packages
copying package.xml -> /mnt/c/ros2_ws/install/control/share/control
running install_egg_info
Copying ../../build/control/control.egg-info to /mnt/c/ros2_ws/install/control/lib/python3.10/site-packages/control-0.0.0-py3.10.egg-info
running install_scripts
Installing control script to /mnt/c/ros2_ws/install/control/lib/control
writing list of installed files to '/mnt/c/ros2_ws/build/control/install.log'
