[3.051s] Invoking command in '/mnt/c/ros2_ws/3-26-src/control': PYTHONPATH=/mnt/c/ros2_ws/3-26-src/build/control/prefix_override:/usr/lib/python3/dist-packages/colcon_core/task/python/colcon_distutils_commands:/mnt/c/ros2_ws/3-26-src/install/control/lib/python3.10/site-packages:${PYTHONPATH} /usr/bin/python3 -W ignore:setup.py install is deprecated -W ignore:easy_install command is deprecated setup.py egg_info --egg-base ../build/control build --build-base /mnt/c/ros2_ws/3-26-src/build/control/build install --record /mnt/c/ros2_ws/3-26-src/build/control/install.log --single-version-externally-managed install_data
[4.177s] running egg_info
[4.184s] writing ../build/control/control.egg-info/PKG-INFO
[4.195s] writing dependency_links to ../build/control/control.egg-info/dependency_links.txt
[4.204s] writing entry points to ../build/control/control.egg-info/entry_points.txt
[4.214s] writing requirements to ../build/control/control.egg-info/requires.txt
[4.220s] writing top-level names to ../build/control/control.egg-info/top_level.txt
[4.275s] reading manifest file '../build/control/control.egg-info/SOURCES.txt'
[4.385s] writing manifest file '../build/control/control.egg-info/SOURCES.txt'
[4.390s] running build
[4.392s] running build_py
[4.499s] running install
[4.500s] running install_lib
[4.805s] running install_data
[4.843s] running install_egg_info
[4.859s] removing '/mnt/c/ros2_ws/3-26-src/install/control/lib/python3.10/site-packages/control-0.0.0-py3.10.egg-info' (and everything under it)
[4.937s] Copying ../build/control/control.egg-info to /mnt/c/ros2_ws/3-26-src/install/control/lib/python3.10/site-packages/control-0.0.0-py3.10.egg-info
[5.264s] running install_scripts
[5.366s] Installing midterm2 script to /mnt/c/ros2_ws/3-26-src/install/control/lib/control
[5.386s] writing list of installed files to '/mnt/c/ros2_ws/3-26-src/build/control/install.log'
[5.442s] Invoked command in '/mnt/c/ros2_ws/3-26-src/control' returned '0': PYTHONPATH=/mnt/c/ros2_ws/3-26-src/build/control/prefix_override:/usr/lib/python3/dist-packages/colcon_core/task/python/colcon_distutils_commands:/mnt/c/ros2_ws/3-26-src/install/control/lib/python3.10/site-packages:${PYTHONPATH} /usr/bin/python3 -W ignore:setup.py install is deprecated -W ignore:easy_install command is deprecated setup.py egg_info --egg-base ../build/control build --build-base /mnt/c/ros2_ws/3-26-src/build/control/build install --record /mnt/c/ros2_ws/3-26-src/build/control/install.log --single-version-externally-managed install_data
