/mnt/c/ros2_ws/3-26-src/install/control/lib/python3.10/site-packages/control/ex1.py
/mnt/c/ros2_ws/3-26-src/install/control/lib/python3.10/site-packages/control/ex2.py
/mnt/c/ros2_ws/3-26-src/install/control/lib/python3.10/site-packages/control/midterm.py
/mnt/c/ros2_ws/3-26-src/install/control/lib/python3.10/site-packages/control/midterm2.py
/mnt/c/ros2_ws/3-26-src/install/control/lib/python3.10/site-packages/control/midterm3.py
/mnt/c/ros2_ws/3-26-src/install/control/lib/python3.10/site-packages/control/midterm4.py
/mnt/c/ros2_ws/3-26-src/install/control/lib/python3.10/site-packages/control/midterm_ex.py
/mnt/c/ros2_ws/3-26-src/install/control/lib/python3.10/site-packages/control/starterpublisher.py
/mnt/c/ros2_ws/3-26-src/install/control/lib/python3.10/site-packages/control/__init__.py
/mnt/c/ros2_ws/3-26-src/install/control/lib/python3.10/site-packages/control/__pycache__/ex1.cpython-310.pyc
/mnt/c/ros2_ws/3-26-src/install/control/lib/python3.10/site-packages/control/__pycache__/ex2.cpython-310.pyc
/mnt/c/ros2_ws/3-26-src/install/control/lib/python3.10/site-packages/control/__pycache__/midterm.cpython-310.pyc
/mnt/c/ros2_ws/3-26-src/install/control/lib/python3.10/site-packages/control/__pycache__/midterm2.cpython-310.pyc
/mnt/c/ros2_ws/3-26-src/install/control/lib/python3.10/site-packages/control/__pycache__/midterm3.cpython-310.pyc
/mnt/c/ros2_ws/3-26-src/install/control/lib/python3.10/site-packages/control/__pycache__/midterm4.cpython-310.pyc
/mnt/c/ros2_ws/3-26-src/install/control/lib/python3.10/site-packages/control/__pycache__/midterm_ex.cpython-310.pyc
/mnt/c/ros2_ws/3-26-src/install/control/lib/python3.10/site-packages/control/__pycache__/starterpublisher.cpython-310.pyc
/mnt/c/ros2_ws/3-26-src/install/control/lib/python3.10/site-packages/control/__pycache__/__init__.cpython-310.pyc
/mnt/c/ros2_ws/3-26-src/install/control/share/ament_index/resource_index/packages/control
/mnt/c/ros2_ws/3-26-src/install/control/share/control/package.xml
/mnt/c/ros2_ws/3-26-src/install/control/lib/python3.10/site-packages/control-0.0.0-py3.10.egg-info/dependency_links.txt
/mnt/c/ros2_ws/3-26-src/install/control/lib/python3.10/site-packages/control-0.0.0-py3.10.egg-info/entry_points.txt
/mnt/c/ros2_ws/3-26-src/install/control/lib/python3.10/site-packages/control-0.0.0-py3.10.egg-info/PKG-INFO
/mnt/c/ros2_ws/3-26-src/install/control/lib/python3.10/site-packages/control-0.0.0-py3.10.egg-info/requires.txt
/mnt/c/ros2_ws/3-26-src/install/control/lib/python3.10/site-packages/control-0.0.0-py3.10.egg-info/SOURCES.txt
/mnt/c/ros2_ws/3-26-src/install/control/lib/python3.10/site-packages/control-0.0.0-py3.10.egg-info/top_level.txt
/mnt/c/ros2_ws/3-26-src/install/control/lib/python3.10/site-packages/control-0.0.0-py3.10.egg-info/zip-safe
/mnt/c/ros2_ws/3-26-src/install/control/lib/control/midterm4
/mnt/c/ros2_ws/3-26-src/install/control/lib/control/startpublisher
