[0.950s] DEBUG:colcon:Command line arguments: ['/usr/bin/colcon', 'build']
[0.951s] DEBUG:colcon:Parsed command line arguments: Namespace(log_base=None, log_level=None, verb_name='build', build_base='build', install_base='install', merge_install=False, symlink_install=False, test_result_base=None, continue_on_error=False, executor='parallel', parallel_workers=8, event_handlers=None, ignore_user_meta=False, metas=['./colcon.meta'], base_paths=['.'], packages_ignore=None, packages_ignore_regex=None, paths=None, packages_up_to=None, packages_up_to_regex=None, packages_above=None, packages_above_and_dependencies=None, packages_above_depth=None, packages_select_by_dep=None, packages_skip_by_dep=None, packages_skip_up_to=None, packages_select_build_failed=False, packages_skip_build_finished=False, packages_select_test_failures=False, packages_skip_test_passed=False, packages_select=None, packages_skip=None, packages_select_regex=None, packages_skip_regex=None, packages_start=None, packages_end=None, allow_overriding=[], cmake_args=None, cmake_target=None, cmake_target_skip_unavailable=False, cmake_clean_cache=False, cmake_clean_first=False, cmake_force_configure=False, ament_cmake_args=None, catkin_cmake_args=None, catkin_skip_building_tests=False, mixin_files=None, mixin=None, verb_parser=<colcon_mixin.mixin.mixin_argument.MixinArgumentDecorator object at 0x7f3f67160850>, verb_extension=<colcon_core.verb.build.BuildVerb object at 0x7f3f67160370>, main=<bound method BuildVerb.main of <colcon_core.verb.build.BuildVerb object at 0x7f3f67160370>>, mixin_verb=('build',))
[1.847s] Level 1:colcon.colcon_core.package_discovery:discover_packages(colcon_meta) check parameters
[1.848s] Level 1:colcon.colcon_core.package_discovery:discover_packages(recursive) check parameters
[1.848s] Level 1:colcon.colcon_core.package_discovery:discover_packages(ignore) check parameters
[1.849s] Level 1:colcon.colcon_core.package_discovery:discover_packages(path) check parameters
[1.849s] Level 1:colcon.colcon_core.package_discovery:discover_packages(colcon_meta) discover
[1.849s] Level 1:colcon.colcon_core.package_discovery:discover_packages(recursive) discover
[1.850s] INFO:colcon.colcon_core.package_discovery:Crawling recursively for packages in '/mnt/c/ros2_ws/3-26-src'
[1.853s] Level 1:colcon.colcon_core.package_identification:_identify(.) by extensions ['ignore', 'ignore_ament_install']
[1.854s] Level 1:colcon.colcon_core.package_identification:_identify(.) by extension 'ignore'
[1.854s] Level 1:colcon.colcon_core.package_identification:_identify(.) by extension 'ignore_ament_install'
[1.855s] Level 1:colcon.colcon_core.package_identification:_identify(.) by extensions ['colcon_pkg']
[1.856s] Level 1:colcon.colcon_core.package_identification:_identify(.) by extension 'colcon_pkg'
[1.857s] Level 1:colcon.colcon_core.package_identification:_identify(.) by extensions ['colcon_meta']
[1.858s] Level 1:colcon.colcon_core.package_identification:_identify(.) by extension 'colcon_meta'
[1.858s] Level 1:colcon.colcon_core.package_identification:_identify(.) by extensions ['ros']
[1.859s] Level 1:colcon.colcon_core.package_identification:_identify(.) by extension 'ros'
[1.894s] Level 1:colcon.colcon_core.package_identification:_identify(.) by extensions ['cmake', 'python']
[1.895s] Level 1:colcon.colcon_core.package_identification:_identify(.) by extension 'cmake'
[1.896s] Level 1:colcon.colcon_core.package_identification:_identify(.) by extension 'python'
[1.897s] Level 1:colcon.colcon_core.package_identification:_identify(.) by extensions ['python_setup_py']
[1.897s] Level 1:colcon.colcon_core.package_identification:_identify(.) by extension 'python_setup_py'
[1.902s] Level 1:colcon.colcon_core.package_identification:_identify(build) by extensions ['ignore', 'ignore_ament_install']
[1.902s] Level 1:colcon.colcon_core.package_identification:_identify(build) by extension 'ignore'
[1.905s] Level 1:colcon.colcon_core.package_identification:_identify(build) ignored
[1.910s] Level 1:colcon.colcon_core.package_identification:_identify(control) by extensions ['ignore', 'ignore_ament_install']
[1.911s] Level 1:colcon.colcon_core.package_identification:_identify(control) by extension 'ignore'
[1.913s] Level 1:colcon.colcon_core.package_identification:_identify(control) by extension 'ignore_ament_install'
[1.917s] Level 1:colcon.colcon_core.package_identification:_identify(control) by extensions ['colcon_pkg']
[1.917s] Level 1:colcon.colcon_core.package_identification:_identify(control) by extension 'colcon_pkg'
[1.919s] Level 1:colcon.colcon_core.package_identification:_identify(control) by extensions ['colcon_meta']
[1.919s] Level 1:colcon.colcon_core.package_identification:_identify(control) by extension 'colcon_meta'
[1.922s] Level 1:colcon.colcon_core.package_identification:_identify(control) by extensions ['ros']
[1.922s] Level 1:colcon.colcon_core.package_identification:_identify(control) by extension 'ros'
[1.946s] DEBUG:colcon.colcon_core.package_identification:Package 'control' with type 'ros.ament_python' and name 'control'
[1.952s] Level 1:colcon.colcon_core.package_identification:_identify(install) by extensions ['ignore', 'ignore_ament_install']
[1.953s] Level 1:colcon.colcon_core.package_identification:_identify(install) by extension 'ignore'
[1.955s] Level 1:colcon.colcon_core.package_identification:_identify(install) ignored
[1.963s] Level 1:colcon.colcon_core.package_identification:_identify(log) by extensions ['ignore', 'ignore_ament_install']
[1.963s] Level 1:colcon.colcon_core.package_identification:_identify(log) by extension 'ignore'
[1.965s] Level 1:colcon.colcon_core.package_identification:_identify(log) ignored
[1.965s] Level 1:colcon.colcon_core.package_discovery:discover_packages(recursive) using defaults
[1.966s] Level 1:colcon.colcon_core.package_discovery:discover_packages(ignore) discover
[1.967s] Level 1:colcon.colcon_core.package_discovery:discover_packages(ignore) using defaults
[1.968s] Level 1:colcon.colcon_core.package_discovery:discover_packages(path) discover
[1.969s] Level 1:colcon.colcon_core.package_discovery:discover_packages(path) using defaults
[2.105s] Level 1:colcon.colcon_core.package_discovery:discover_packages(prefix_path) check parameters
[2.105s] Level 1:colcon.colcon_core.package_discovery:discover_packages(prefix_path) discover
[2.208s] DEBUG:colcon.colcon_installed_package_information.package_discovery:Found 1 installed packages in /mnt/c/ros2_ws/3-26-src/install
[2.213s] DEBUG:colcon.colcon_installed_package_information.package_discovery:Found 271 installed packages in /opt/ros/humble
[2.216s] Level 1:colcon.colcon_core.package_discovery:discover_packages(prefix_path) using defaults
[2.407s] Level 5:colcon.colcon_core.verb:set package 'control' build argument 'cmake_args' from command line to 'None'
[2.408s] Level 5:colcon.colcon_core.verb:set package 'control' build argument 'cmake_target' from command line to 'None'
[2.408s] Level 5:colcon.colcon_core.verb:set package 'control' build argument 'cmake_target_skip_unavailable' from command line to 'False'
[2.409s] Level 5:colcon.colcon_core.verb:set package 'control' build argument 'cmake_clean_cache' from command line to 'False'
[2.410s] Level 5:colcon.colcon_core.verb:set package 'control' build argument 'cmake_clean_first' from command line to 'False'
[2.410s] Level 5:colcon.colcon_core.verb:set package 'control' build argument 'cmake_force_configure' from command line to 'False'
[2.410s] Level 5:colcon.colcon_core.verb:set package 'control' build argument 'ament_cmake_args' from command line to 'None'
[2.411s] Level 5:colcon.colcon_core.verb:set package 'control' build argument 'catkin_cmake_args' from command line to 'None'
[2.411s] Level 5:colcon.colcon_core.verb:set package 'control' build argument 'catkin_skip_building_tests' from command line to 'False'
[2.412s] DEBUG:colcon.colcon_core.verb:Building package 'control' with the following arguments: {'ament_cmake_args': None, 'build_base': '/mnt/c/ros2_ws/3-26-src/build/control', 'catkin_cmake_args': None, 'catkin_skip_building_tests': False, 'cmake_args': None, 'cmake_clean_cache': False, 'cmake_clean_first': False, 'cmake_force_configure': False, 'cmake_target': None, 'cmake_target_skip_unavailable': False, 'install_base': '/mnt/c/ros2_ws/3-26-src/install/control', 'merge_install': False, 'path': '/mnt/c/ros2_ws/3-26-src/control', 'symlink_install': False, 'test_result_base': None}
[2.412s] INFO:colcon.colcon_core.executor:Executing jobs using 'parallel' executor
[2.417s] DEBUG:colcon.colcon_parallel_executor.executor.parallel:run_until_complete
[2.418s] INFO:colcon.colcon_ros.task.ament_python.build:Building ROS package in '/mnt/c/ros2_ws/3-26-src/control' with build type 'ament_python'
[2.418s] Level 1:colcon.colcon_core.shell:create_environment_hook('control', 'ament_prefix_path')
[2.441s] INFO:colcon.colcon_core.plugin_system:Skipping extension 'colcon_core.shell.bat': Not used on non-Windows systems
[2.442s] INFO:colcon.colcon_core.shell:Creating environment hook '/mnt/c/ros2_ws/3-26-src/install/control/share/control/hook/ament_prefix_path.ps1'
[2.471s] INFO:colcon.colcon_core.shell:Creating environment descriptor '/mnt/c/ros2_ws/3-26-src/install/control/share/control/hook/ament_prefix_path.dsv'
[2.504s] INFO:colcon.colcon_core.shell:Creating environment hook '/mnt/c/ros2_ws/3-26-src/install/control/share/control/hook/ament_prefix_path.sh'
[2.539s] INFO:colcon.colcon_core.shell:Skip shell extension 'powershell' for command environment: Not usable outside of PowerShell
[2.541s] DEBUG:colcon.colcon_core.shell:Skip shell extension 'dsv' for command environment
[3.824s] INFO:colcon.colcon_core.task.python.build:Building Python package in '/mnt/c/ros2_ws/3-26-src/control'
[3.825s] INFO:colcon.colcon_core.shell:Skip shell extension 'powershell' for command environment: Not usable outside of PowerShell
[3.826s] DEBUG:colcon.colcon_core.shell:Skip shell extension 'dsv' for command environment
[5.950s] DEBUG:colcon.colcon_core.event_handler.log_command:Invoking command in '/mnt/c/ros2_ws/3-26-src/control': PYTHONPATH=/mnt/c/ros2_ws/3-26-src/build/control/prefix_override:/usr/lib/python3/dist-packages/colcon_core/task/python/colcon_distutils_commands:/mnt/c/ros2_ws/3-26-src/install/control/lib/python3.10/site-packages:${PYTHONPATH} /usr/bin/python3 -W ignore:setup.py install is deprecated -W ignore:easy_install command is deprecated setup.py egg_info --egg-base ../build/control build --build-base /mnt/c/ros2_ws/3-26-src/build/control/build install --record /mnt/c/ros2_ws/3-26-src/build/control/install.log --single-version-externally-managed install_data
[16.992s] DEBUG:colcon.colcon_core.event_handler.log_command:Invoked command in '/mnt/c/ros2_ws/3-26-src/control' returned '0': PYTHONPATH=/mnt/c/ros2_ws/3-26-src/build/control/prefix_override:/usr/lib/python3/dist-packages/colcon_core/task/python/colcon_distutils_commands:/mnt/c/ros2_ws/3-26-src/install/control/lib/python3.10/site-packages:${PYTHONPATH} /usr/bin/python3 -W ignore:setup.py install is deprecated -W ignore:easy_install command is deprecated setup.py egg_info --egg-base ../build/control build --build-base /mnt/c/ros2_ws/3-26-src/build/control/build install --record /mnt/c/ros2_ws/3-26-src/build/control/install.log --single-version-externally-managed install_data
[17.011s] Level 1:colcon.colcon_core.environment:checking '/mnt/c/ros2_ws/3-26-src/install/control' for CMake module files
[8.765s] Level 1:colcon.colcon_core.environment:checking '/mnt/c/ros2_ws/3-26-src/install/control' for CMake config files
[8.882s] Level 1:colcon.colcon_core.environment:checking '/mnt/c/ros2_ws/3-26-src/install/control/lib'
[8.886s] Level 1:colcon.colcon_core.environment:checking '/mnt/c/ros2_ws/3-26-src/install/control/bin'
[8.888s] Level 1:colcon.colcon_core.environment:checking '/mnt/c/ros2_ws/3-26-src/install/control/lib/pkgconfig/control.pc'
[8.890s] Level 1:colcon.colcon_core.environment:checking '/mnt/c/ros2_ws/3-26-src/install/control/lib/python3.10/site-packages'
[8.893s] Level 1:colcon.colcon_core.shell:create_environment_hook('control', 'pythonpath')
[8.894s] INFO:colcon.colcon_core.shell:Creating environment hook '/mnt/c/ros2_ws/3-26-src/install/control/share/control/hook/pythonpath.ps1'
[8.909s] INFO:colcon.colcon_core.shell:Creating environment descriptor '/mnt/c/ros2_ws/3-26-src/install/control/share/control/hook/pythonpath.dsv'
[8.927s] INFO:colcon.colcon_core.shell:Creating environment hook '/mnt/c/ros2_ws/3-26-src/install/control/share/control/hook/pythonpath.sh'
[8.942s] Level 1:colcon.colcon_core.environment:checking '/mnt/c/ros2_ws/3-26-src/install/control/bin'
[8.944s] Level 1:colcon.colcon_core.environment:create_environment_scripts_only(control)
[8.945s] INFO:colcon.colcon_core.shell:Creating package script '/mnt/c/ros2_ws/3-26-src/install/control/share/control/package.ps1'
[8.959s] INFO:colcon.colcon_core.shell:Creating package descriptor '/mnt/c/ros2_ws/3-26-src/install/control/share/control/package.dsv'
[8.974s] INFO:colcon.colcon_core.shell:Creating package script '/mnt/c/ros2_ws/3-26-src/install/control/share/control/package.sh'
[8.988s] INFO:colcon.colcon_core.shell:Creating package script '/mnt/c/ros2_ws/3-26-src/install/control/share/control/package.bash'
[9.000s] INFO:colcon.colcon_core.shell:Creating package script '/mnt/c/ros2_ws/3-26-src/install/control/share/control/package.zsh'
[9.019s] Level 1:colcon.colcon_core.environment:create_file_with_runtime_dependencies(/mnt/c/ros2_ws/3-26-src/install/control/share/colcon-core/packages/control)
[9.031s] DEBUG:colcon.colcon_parallel_executor.executor.parallel:closing loop
[9.033s] DEBUG:colcon.colcon_parallel_executor.executor.parallel:loop closed
[9.033s] DEBUG:colcon.colcon_parallel_executor.executor.parallel:run_until_complete finished with '0'
[9.035s] DEBUG:colcon.colcon_core.event_reactor:joining thread
[9.132s] INFO:colcon.colcon_core.plugin_system:Skipping extension 'colcon_notification.desktop_notification.notify_send': Could not find 'notify-send'
[9.133s] INFO:colcon.colcon_core.plugin_system:Skipping extension 'colcon_notification.desktop_notification.terminal_notifier': Not used on non-Darwin systems
[9.133s] INFO:colcon.colcon_core.plugin_system:Skipping extension 'colcon_notification.desktop_notification.win32': Not used on non-Windows systems
[9.134s] INFO:colcon.colcon_notification.desktop_notification:Sending desktop notification using 'notify2'
[9.134s] DEBUG:colcon.colcon_notification.desktop_notification.notify2:Failed to initialize notify2: org.freedesktop.DBus.Error.FileNotFound: Failed to connect to socket /run/user/1000/bus: No such file or directory
[9.135s] DEBUG:colcon.colcon_core.event_reactor:joined thread
[9.135s] INFO:colcon.colcon_core.shell:Creating prefix script '/mnt/c/ros2_ws/3-26-src/install/local_setup.ps1'
[9.144s] INFO:colcon.colcon_core.shell:Creating prefix util module '/mnt/c/ros2_ws/3-26-src/install/_local_setup_util_ps1.py'
[9.152s] INFO:colcon.colcon_core.shell:Creating prefix chain script '/mnt/c/ros2_ws/3-26-src/install/setup.ps1'
[9.170s] INFO:colcon.colcon_core.shell:Creating prefix script '/mnt/c/ros2_ws/3-26-src/install/local_setup.sh'
[9.180s] INFO:colcon.colcon_core.shell:Creating prefix util module '/mnt/c/ros2_ws/3-26-src/install/_local_setup_util_sh.py'
[9.188s] INFO:colcon.colcon_core.shell:Creating prefix chain script '/mnt/c/ros2_ws/3-26-src/install/setup.sh'
[9.208s] INFO:colcon.colcon_core.shell:Creating prefix script '/mnt/c/ros2_ws/3-26-src/install/local_setup.bash'
[9.217s] INFO:colcon.colcon_core.shell:Creating prefix chain script '/mnt/c/ros2_ws/3-26-src/install/setup.bash'
[9.231s] INFO:colcon.colcon_core.shell:Creating prefix script '/mnt/c/ros2_ws/3-26-src/install/local_setup.zsh'
[9.238s] INFO:colcon.colcon_core.shell:Creating prefix chain script '/mnt/c/ros2_ws/3-26-src/install/setup.zsh'
