[6.109s] Invoking command in '/mnt/c/ros2_ws/src/pub_sub': PYTHONPATH=/mnt/c/ros2_ws/build/pub_sub/prefix_override:/usr/lib/python3/dist-packages/colcon_core/task/python/colcon_distutils_commands:/mnt/c/ros2_ws/install/pub_sub/lib/python3.10/site-packages:${PYTHONPATH} /usr/bin/python3 -W ignore:setup.py install is deprecated -W ignore:easy_install command is deprecated setup.py egg_info --egg-base ../../build/pub_sub build --build-base /mnt/c/ros2_ws/build/pub_sub/build install --record /mnt/c/ros2_ws/build/pub_sub/install.log --single-version-externally-managed install_data
[7.764s] running egg_info
[7.775s] writing ../../build/pub_sub/pub_sub.egg-info/PKG-INFO
[7.791s] writing dependency_links to ../../build/pub_sub/pub_sub.egg-info/dependency_links.txt
[7.805s] writing entry points to ../../build/pub_sub/pub_sub.egg-info/entry_points.txt
[7.815s] writing requirements to ../../build/pub_sub/pub_sub.egg-info/requires.txt
[7.822s] writing top-level names to ../../build/pub_sub/pub_sub.egg-info/top_level.txt
[7.888s] reading manifest file '../../build/pub_sub/pub_sub.egg-info/SOURCES.txt'
[7.994s] writing manifest file '../../build/pub_sub/pub_sub.egg-info/SOURCES.txt'
[8.001s] running build
[8.003s] running build_py
[8.082s] running install
[8.085s] running install_lib
[8.285s] running install_data
[8.326s] running install_egg_info
[8.357s] removing '/mnt/c/ros2_ws/install/pub_sub/lib/python3.10/site-packages/pub_sub-0.0.0-py3.10.egg-info' (and everything under it)
[8.450s] Copying ../../build/pub_sub/pub_sub.egg-info to /mnt/c/ros2_ws/install/pub_sub/lib/python3.10/site-packages/pub_sub-0.0.0-py3.10.egg-info
[8.888s] running install_scripts
[9.055s] Installing pub script to /mnt/c/ros2_ws/install/pub_sub/lib/pub_sub
[9.074s] Installing sub script to /mnt/c/ros2_ws/install/pub_sub/lib/pub_sub
[9.101s] writing list of installed files to '/mnt/c/ros2_ws/build/pub_sub/install.log'
[9.598s] Invoked command in '/mnt/c/ros2_ws/src/pub_sub' returned '0': PYTHONPATH=/mnt/c/ros2_ws/build/pub_sub/prefix_override:/usr/lib/python3/dist-packages/colcon_core/task/python/colcon_distutils_commands:/mnt/c/ros2_ws/install/pub_sub/lib/python3.10/site-packages:${PYTHONPATH} /usr/bin/python3 -W ignore:setup.py install is deprecated -W ignore:easy_install command is deprecated setup.py egg_info --egg-base ../../build/pub_sub build --build-base /mnt/c/ros2_ws/build/pub_sub/build install --record /mnt/c/ros2_ws/build/pub_sub/install.log --single-version-externally-managed install_data
