[4.235s] Invoking command in '/mnt/c/ros2_ws/src/control': PYTHONPATH=/mnt/c/ros2_ws/build/control/prefix_override:/usr/lib/python3/dist-packages/colcon_core/task/python/colcon_distutils_commands:/mnt/c/ros2_ws/install/control/lib/python3.10/site-packages:${PYTHONPATH} /usr/bin/python3 -W ignore:setup.py install is deprecated -W ignore:easy_install command is deprecated setup.py egg_info --egg-base ../../build/control build --build-base /mnt/c/ros2_ws/build/control/build install --record /mnt/c/ros2_ws/build/control/install.log --single-version-externally-managed install_data
[5.611s] running egg_info
[5.617s] writing ../../build/control/control.egg-info/PKG-INFO
[5.635s] writing dependency_links to ../../build/control/control.egg-info/dependency_links.txt
[5.648s] writing entry points to ../../build/control/control.egg-info/entry_points.txt
[5.657s] writing requirements to ../../build/control/control.egg-info/requires.txt
[5.668s] writing top-level names to ../../build/control/control.egg-info/top_level.txt
[5.738s] reading manifest file '../../build/control/control.egg-info/SOURCES.txt'
[5.860s] writing manifest file '../../build/control/control.egg-info/SOURCES.txt'
[5.868s] running build
[5.871s] running build_py
[5.922s] running install
[5.924s] running install_lib
[6.091s] running install_data
[6.135s] running install_egg_info
[6.157s] removing '/mnt/c/ros2_ws/install/control/lib/python3.10/site-packages/control-0.0.0-py3.10.egg-info' (and everything under it)
[6.253s] Copying ../../build/control/control.egg-info to /mnt/c/ros2_ws/install/control/lib/python3.10/site-packages/control-0.0.0-py3.10.egg-info
[6.726s] running install_scripts
[6.874s] Installing control script to /mnt/c/ros2_ws/install/control/lib/control
[6.897s] writing list of installed files to '/mnt/c/ros2_ws/build/control/install.log'
[7.462s] Invoked command in '/mnt/c/ros2_ws/src/control' returned '0': PYTHONPATH=/mnt/c/ros2_ws/build/control/prefix_override:/usr/lib/python3/dist-packages/colcon_core/task/python/colcon_distutils_commands:/mnt/c/ros2_ws/install/control/lib/python3.10/site-packages:${PYTHONPATH} /usr/bin/python3 -W ignore:setup.py install is deprecated -W ignore:easy_install command is deprecated setup.py egg_info --egg-base ../../build/control build --build-base /mnt/c/ros2_ws/build/control/build install --record /mnt/c/ros2_ws/build/control/install.log --single-version-externally-managed install_data
