[3.193s] Invoking command in '/mnt/c/ros2_ws/src/pub_sub': PYTHONPATH=/mnt/c/ros2_ws/build/pub_sub/prefix_override:/usr/lib/python3/dist-packages/colcon_core/task/python/colcon_distutils_commands:/mnt/c/ros2_ws/install/pub_sub/lib/python3.10/site-packages:${PYTHONPATH} /usr/bin/python3 -W ignore:setup.py install is deprecated -W ignore:easy_install command is deprecated setup.py egg_info --egg-base ../../build/pub_sub build --build-base /mnt/c/ros2_ws/build/pub_sub/build install --record /mnt/c/ros2_ws/build/pub_sub/install.log --single-version-externally-managed install_data
[4.508s] running egg_info
[4.518s] writing ../../build/pub_sub/pub_sub.egg-info/PKG-INFO
[4.529s] writing dependency_links to ../../build/pub_sub/pub_sub.egg-info/dependency_links.txt
[4.538s] writing entry points to ../../build/pub_sub/pub_sub.egg-info/entry_points.txt
[4.547s] writing requirements to ../../build/pub_sub/pub_sub.egg-info/requires.txt
[4.552s] writing top-level names to ../../build/pub_sub/pub_sub.egg-info/top_level.txt
[4.612s] reading manifest file '../../build/pub_sub/pub_sub.egg-info/SOURCES.txt'
[4.717s] writing manifest file '../../build/pub_sub/pub_sub.egg-info/SOURCES.txt'
[4.724s] running build
[4.726s] running build_py
[4.797s] running install
[4.799s] running install_lib
[5.120s] running install_data
[5.170s] running install_egg_info
[5.190s] removing '/mnt/c/ros2_ws/install/pub_sub/lib/python3.10/site-packages/pub_sub-0.0.0-py3.10.egg-info' (and everything under it)
[5.326s] Copying ../../build/pub_sub/pub_sub.egg-info to /mnt/c/ros2_ws/install/pub_sub/lib/python3.10/site-packages/pub_sub-0.0.0-py3.10.egg-info
[5.959s] running install_scripts
[6.115s] Installing pub script to /mnt/c/ros2_ws/install/pub_sub/lib/pub_sub
[6.136s] Installing sub script to /mnt/c/ros2_ws/install/pub_sub/lib/pub_sub
[6.161s] writing list of installed files to '/mnt/c/ros2_ws/build/pub_sub/install.log'
[6.498s] Invoked command in '/mnt/c/ros2_ws/src/pub_sub' returned '0': PYTHONPATH=/mnt/c/ros2_ws/build/pub_sub/prefix_override:/usr/lib/python3/dist-packages/colcon_core/task/python/colcon_distutils_commands:/mnt/c/ros2_ws/install/pub_sub/lib/python3.10/site-packages:${PYTHONPATH} /usr/bin/python3 -W ignore:setup.py install is deprecated -W ignore:easy_install command is deprecated setup.py egg_info --egg-base ../../build/pub_sub build --build-base /mnt/c/ros2_ws/build/pub_sub/build install --record /mnt/c/ros2_ws/build/pub_sub/install.log --single-version-externally-managed install_data
