[0.720s] DEBUG:colcon:Command line arguments: ['/usr/bin/colcon', 'build']
[0.721s] DEBUG:colcon:Parsed command line arguments: Namespace(log_base=None, log_level=None, verb_name='build', build_base='build', install_base='install', merge_install=False, symlink_install=False, test_result_base=None, continue_on_error=False, executor='parallel', parallel_workers=8, event_handlers=None, ignore_user_meta=False, metas=['./colcon.meta'], base_paths=['.'], packages_ignore=None, packages_ignore_regex=None, paths=None, packages_up_to=None, packages_up_to_regex=None, packages_above=None, packages_above_and_dependencies=None, packages_above_depth=None, packages_select_by_dep=None, packages_skip_by_dep=None, packages_skip_up_to=None, packages_select_build_failed=False, packages_skip_build_finished=False, packages_select_test_failures=False, packages_skip_test_passed=False, packages_select=None, packages_skip=None, packages_select_regex=None, packages_skip_regex=None, packages_start=None, packages_end=None, allow_overriding=[], cmake_args=None, cmake_target=None, cmake_target_skip_unavailable=False, cmake_clean_cache=False, cmake_clean_first=False, cmake_force_configure=False, ament_cmake_args=None, catkin_cmake_args=None, catkin_skip_building_tests=False, mixin_files=None, mixin=None, verb_parser=<colcon_mixin.mixin.mixin_argument.MixinArgumentDecorator object at 0x7facc89a93f0>, verb_extension=<colcon_core.verb.build.BuildVerb object at 0x7facc89a8f10>, main=<bound method BuildVerb.main of <colcon_core.verb.build.BuildVerb object at 0x7facc89a8f10>>, mixin_verb=('build',))
[1.839s] Level 1:colcon.colcon_core.package_discovery:discover_packages(colcon_meta) check parameters
[1.840s] Level 1:colcon.colcon_core.package_discovery:discover_packages(recursive) check parameters
[1.840s] Level 1:colcon.colcon_core.package_discovery:discover_packages(ignore) check parameters
[1.841s] Level 1:colcon.colcon_core.package_discovery:discover_packages(path) check parameters
[1.841s] Level 1:colcon.colcon_core.package_discovery:discover_packages(colcon_meta) discover
[1.842s] Level 1:colcon.colcon_core.package_discovery:discover_packages(recursive) discover
[1.842s] INFO:colcon.colcon_core.package_discovery:Crawling recursively for packages in '/mnt/c/ros2_ws'
[1.845s] Level 1:colcon.colcon_core.package_identification:_identify(.) by extensions ['ignore', 'ignore_ament_install']
[1.846s] Level 1:colcon.colcon_core.package_identification:_identify(.) by extension 'ignore'
[1.848s] Level 1:colcon.colcon_core.package_identification:_identify(.) by extension 'ignore_ament_install'
[1.849s] Level 1:colcon.colcon_core.package_identification:_identify(.) by extensions ['colcon_pkg']
[1.850s] Level 1:colcon.colcon_core.package_identification:_identify(.) by extension 'colcon_pkg'
[1.851s] Level 1:colcon.colcon_core.package_identification:_identify(.) by extensions ['colcon_meta']
[1.851s] Level 1:colcon.colcon_core.package_identification:_identify(.) by extension 'colcon_meta'
[1.852s] Level 1:colcon.colcon_core.package_identification:_identify(.) by extensions ['ros']
[1.853s] Level 1:colcon.colcon_core.package_identification:_identify(.) by extension 'ros'
[1.894s] Level 1:colcon.colcon_core.package_identification:_identify(.) by extensions ['cmake', 'python']
[1.895s] Level 1:colcon.colcon_core.package_identification:_identify(.) by extension 'cmake'
[1.896s] Level 1:colcon.colcon_core.package_identification:_identify(.) by extension 'python'
[1.897s] Level 1:colcon.colcon_core.package_identification:_identify(.) by extensions ['python_setup_py']
[1.898s] Level 1:colcon.colcon_core.package_identification:_identify(.) by extension 'python_setup_py'
[1.904s] Level 1:colcon.colcon_core.package_identification:_identify(build) by extensions ['ignore', 'ignore_ament_install']
[1.905s] Level 1:colcon.colcon_core.package_identification:_identify(build) by extension 'ignore'
[1.908s] Level 1:colcon.colcon_core.package_identification:_identify(build) ignored
[1.912s] Level 1:colcon.colcon_core.package_identification:_identify(install) by extensions ['ignore', 'ignore_ament_install']
[1.913s] Level 1:colcon.colcon_core.package_identification:_identify(install) by extension 'ignore'
[1.916s] Level 1:colcon.colcon_core.package_identification:_identify(install) ignored
[1.925s] Level 1:colcon.colcon_core.package_identification:_identify(log) by extensions ['ignore', 'ignore_ament_install']
[1.925s] Level 1:colcon.colcon_core.package_identification:_identify(log) by extension 'ignore'
[1.927s] Level 1:colcon.colcon_core.package_identification:_identify(log) ignored
[1.932s] Level 1:colcon.colcon_core.package_identification:_identify(src) by extensions ['ignore', 'ignore_ament_install']
[1.932s] Level 1:colcon.colcon_core.package_identification:_identify(src) by extension 'ignore'
[1.934s] Level 1:colcon.colcon_core.package_identification:_identify(src) by extension 'ignore_ament_install'
[1.938s] Level 1:colcon.colcon_core.package_identification:_identify(src) by extensions ['colcon_pkg']
[1.938s] Level 1:colcon.colcon_core.package_identification:_identify(src) by extension 'colcon_pkg'
[1.940s] Level 1:colcon.colcon_core.package_identification:_identify(src) by extensions ['colcon_meta']
[1.941s] Level 1:colcon.colcon_core.package_identification:_identify(src) by extension 'colcon_meta'
[1.942s] Level 1:colcon.colcon_core.package_identification:_identify(src) by extensions ['ros']
[1.943s] Level 1:colcon.colcon_core.package_identification:_identify(src) by extension 'ros'
[1.948s] Level 1:colcon.colcon_core.package_identification:_identify(src) by extensions ['cmake', 'python']
[1.949s] Level 1:colcon.colcon_core.package_identification:_identify(src) by extension 'cmake'
[1.951s] Level 1:colcon.colcon_core.package_identification:_identify(src) by extension 'python'
[1.952s] Level 1:colcon.colcon_core.package_identification:_identify(src) by extensions ['python_setup_py']
[1.953s] Level 1:colcon.colcon_core.package_identification:_identify(src) by extension 'python_setup_py'
[1.961s] Level 1:colcon.colcon_core.package_identification:_identify(src/control) by extensions ['ignore', 'ignore_ament_install']
[1.961s] Level 1:colcon.colcon_core.package_identification:_identify(src/control) by extension 'ignore'
[1.963s] Level 1:colcon.colcon_core.package_identification:_identify(src/control) by extension 'ignore_ament_install'
[1.967s] Level 1:colcon.colcon_core.package_identification:_identify(src/control) by extensions ['colcon_pkg']
[1.967s] Level 1:colcon.colcon_core.package_identification:_identify(src/control) by extension 'colcon_pkg'
[1.969s] Level 1:colcon.colcon_core.package_identification:_identify(src/control) by extensions ['colcon_meta']
[1.969s] Level 1:colcon.colcon_core.package_identification:_identify(src/control) by extension 'colcon_meta'
[1.972s] Level 1:colcon.colcon_core.package_identification:_identify(src/control) by extensions ['ros']
[1.973s] Level 1:colcon.colcon_core.package_identification:_identify(src/control) by extension 'ros'
[1.996s] DEBUG:colcon.colcon_core.package_identification:Package 'src/control' with type 'ros.ament_python' and name 'control'
[2.002s] Level 1:colcon.colcon_core.package_identification:_identify(src/pub_sub) by extensions ['ignore', 'ignore_ament_install']
[2.002s] Level 1:colcon.colcon_core.package_identification:_identify(src/pub_sub) by extension 'ignore'
[2.004s] Level 1:colcon.colcon_core.package_identification:_identify(src/pub_sub) by extension 'ignore_ament_install'
[2.007s] Level 1:colcon.colcon_core.package_identification:_identify(src/pub_sub) by extensions ['colcon_pkg']
[2.008s] Level 1:colcon.colcon_core.package_identification:_identify(src/pub_sub) by extension 'colcon_pkg'
[2.010s] Level 1:colcon.colcon_core.package_identification:_identify(src/pub_sub) by extensions ['colcon_meta']
[2.011s] Level 1:colcon.colcon_core.package_identification:_identify(src/pub_sub) by extension 'colcon_meta'
[2.013s] Level 1:colcon.colcon_core.package_identification:_identify(src/pub_sub) by extensions ['ros']
[2.014s] Level 1:colcon.colcon_core.package_identification:_identify(src/pub_sub) by extension 'ros'
[2.031s] DEBUG:colcon.colcon_core.package_identification:Package 'src/pub_sub' with type 'ros.ament_python' and name 'pub_sub'
[2.038s] Level 1:colcon.colcon_core.package_identification:_identify(src/week5) by extensions ['ignore', 'ignore_ament_install']
[2.039s] Level 1:colcon.colcon_core.package_identification:_identify(src/week5) by extension 'ignore'
[2.041s] Level 1:colcon.colcon_core.package_identification:_identify(src/week5) by extension 'ignore_ament_install'
[2.044s] Level 1:colcon.colcon_core.package_identification:_identify(src/week5) by extensions ['colcon_pkg']
[2.045s] Level 1:colcon.colcon_core.package_identification:_identify(src/week5) by extension 'colcon_pkg'
[2.048s] Level 1:colcon.colcon_core.package_identification:_identify(src/week5) by extensions ['colcon_meta']
[2.048s] Level 1:colcon.colcon_core.package_identification:_identify(src/week5) by extension 'colcon_meta'
[2.051s] Level 1:colcon.colcon_core.package_identification:_identify(src/week5) by extensions ['ros']
[2.051s] Level 1:colcon.colcon_core.package_identification:_identify(src/week5) by extension 'ros'
[2.070s] DEBUG:colcon.colcon_core.package_identification:Package 'src/week5' with type 'ros.ament_python' and name 'week5'
[2.070s] Level 1:colcon.colcon_core.package_discovery:discover_packages(recursive) using defaults
[2.070s] Level 1:colcon.colcon_core.package_discovery:discover_packages(ignore) discover
[2.071s] Level 1:colcon.colcon_core.package_discovery:discover_packages(ignore) using defaults
[2.071s] Level 1:colcon.colcon_core.package_discovery:discover_packages(path) discover
[2.071s] Level 1:colcon.colcon_core.package_discovery:discover_packages(path) using defaults
[2.314s] Level 1:colcon.colcon_core.package_discovery:discover_packages(prefix_path) check parameters
[2.314s] Level 1:colcon.colcon_core.package_discovery:discover_packages(prefix_path) discover
[2.413s] DEBUG:colcon.colcon_installed_package_information.package_discovery:Found 3 installed packages in /mnt/c/ros2_ws/install
[2.416s] DEBUG:colcon.colcon_installed_package_information.package_discovery:Found 271 installed packages in /opt/ros/humble
[2.418s] Level 1:colcon.colcon_core.package_discovery:discover_packages(prefix_path) using defaults
[2.634s] Level 5:colcon.colcon_core.verb:set package 'control' build argument 'cmake_args' from command line to 'None'
[2.634s] Level 5:colcon.colcon_core.verb:set package 'control' build argument 'cmake_target' from command line to 'None'
[2.635s] Level 5:colcon.colcon_core.verb:set package 'control' build argument 'cmake_target_skip_unavailable' from command line to 'False'
[2.636s] Level 5:colcon.colcon_core.verb:set package 'control' build argument 'cmake_clean_cache' from command line to 'False'
[2.636s] Level 5:colcon.colcon_core.verb:set package 'control' build argument 'cmake_clean_first' from command line to 'False'
[2.637s] Level 5:colcon.colcon_core.verb:set package 'control' build argument 'cmake_force_configure' from command line to 'False'
[2.637s] Level 5:colcon.colcon_core.verb:set package 'control' build argument 'ament_cmake_args' from command line to 'None'
[2.638s] Level 5:colcon.colcon_core.verb:set package 'control' build argument 'catkin_cmake_args' from command line to 'None'
[2.638s] Level 5:colcon.colcon_core.verb:set package 'control' build argument 'catkin_skip_building_tests' from command line to 'False'
[2.638s] DEBUG:colcon.colcon_core.verb:Building package 'control' with the following arguments: {'ament_cmake_args': None, 'build_base': '/mnt/c/ros2_ws/build/control', 'catkin_cmake_args': None, 'catkin_skip_building_tests': False, 'cmake_args': None, 'cmake_clean_cache': False, 'cmake_clean_first': False, 'cmake_force_configure': False, 'cmake_target': None, 'cmake_target_skip_unavailable': False, 'install_base': '/mnt/c/ros2_ws/install/control', 'merge_install': False, 'path': '/mnt/c/ros2_ws/src/control', 'symlink_install': False, 'test_result_base': None}
[2.639s] Level 5:colcon.colcon_core.verb:set package 'pub_sub' build argument 'cmake_args' from command line to 'None'
[2.639s] Level 5:colcon.colcon_core.verb:set package 'pub_sub' build argument 'cmake_target' from command line to 'None'
[2.640s] Level 5:colcon.colcon_core.verb:set package 'pub_sub' build argument 'cmake_target_skip_unavailable' from command line to 'False'
[2.640s] Level 5:colcon.colcon_core.verb:set package 'pub_sub' build argument 'cmake_clean_cache' from command line to 'False'
[2.641s] Level 5:colcon.colcon_core.verb:set package 'pub_sub' build argument 'cmake_clean_first' from command line to 'False'
[2.642s] Level 5:colcon.colcon_core.verb:set package 'pub_sub' build argument 'cmake_force_configure' from command line to 'False'
[2.642s] Level 5:colcon.colcon_core.verb:set package 'pub_sub' build argument 'ament_cmake_args' from command line to 'None'
[2.643s] Level 5:colcon.colcon_core.verb:set package 'pub_sub' build argument 'catkin_cmake_args' from command line to 'None'
[2.643s] Level 5:colcon.colcon_core.verb:set package 'pub_sub' build argument 'catkin_skip_building_tests' from command line to 'False'
[2.644s] DEBUG:colcon.colcon_core.verb:Building package 'pub_sub' with the following arguments: {'ament_cmake_args': None, 'build_base': '/mnt/c/ros2_ws/build/pub_sub', 'catkin_cmake_args': None, 'catkin_skip_building_tests': False, 'cmake_args': None, 'cmake_clean_cache': False, 'cmake_clean_first': False, 'cmake_force_configure': False, 'cmake_target': None, 'cmake_target_skip_unavailable': False, 'install_base': '/mnt/c/ros2_ws/install/pub_sub', 'merge_install': False, 'path': '/mnt/c/ros2_ws/src/pub_sub', 'symlink_install': False, 'test_result_base': None}
[2.644s] Level 5:colcon.colcon_core.verb:set package 'week5' build argument 'cmake_args' from command line to 'None'
[2.645s] Level 5:colcon.colcon_core.verb:set package 'week5' build argument 'cmake_target' from command line to 'None'
[2.645s] Level 5:colcon.colcon_core.verb:set package 'week5' build argument 'cmake_target_skip_unavailable' from command line to 'False'
[2.645s] Level 5:colcon.colcon_core.verb:set package 'week5' build argument 'cmake_clean_cache' from command line to 'False'
[2.646s] Level 5:colcon.colcon_core.verb:set package 'week5' build argument 'cmake_clean_first' from command line to 'False'
[2.646s] Level 5:colcon.colcon_core.verb:set package 'week5' build argument 'cmake_force_configure' from command line to 'False'
[2.646s] Level 5:colcon.colcon_core.verb:set package 'week5' build argument 'ament_cmake_args' from command line to 'None'
[2.647s] Level 5:colcon.colcon_core.verb:set package 'week5' build argument 'catkin_cmake_args' from command line to 'None'
[2.647s] Level 5:colcon.colcon_core.verb:set package 'week5' build argument 'catkin_skip_building_tests' from command line to 'False'
[2.647s] DEBUG:colcon.colcon_core.verb:Building package 'week5' with the following arguments: {'ament_cmake_args': None, 'build_base': '/mnt/c/ros2_ws/build/week5', 'catkin_cmake_args': None, 'catkin_skip_building_tests': False, 'cmake_args': None, 'cmake_clean_cache': False, 'cmake_clean_first': False, 'cmake_force_configure': False, 'cmake_target': None, 'cmake_target_skip_unavailable': False, 'install_base': '/mnt/c/ros2_ws/install/week5', 'merge_install': False, 'path': '/mnt/c/ros2_ws/src/week5', 'symlink_install': False, 'test_result_base': None}
[2.648s] INFO:colcon.colcon_core.executor:Executing jobs using 'parallel' executor
[2.650s] DEBUG:colcon.colcon_parallel_executor.executor.parallel:run_until_complete
[2.651s] INFO:colcon.colcon_ros.task.ament_python.build:Building ROS package in '/mnt/c/ros2_ws/src/control' with build type 'ament_python'
[2.652s] Level 1:colcon.colcon_core.shell:create_environment_hook('control', 'ament_prefix_path')
[2.686s] INFO:colcon.colcon_core.plugin_system:Skipping extension 'colcon_core.shell.bat': Not used on non-Windows systems
[2.687s] INFO:colcon.colcon_core.shell:Creating environment hook '/mnt/c/ros2_ws/install/control/share/control/hook/ament_prefix_path.ps1'
[2.709s] INFO:colcon.colcon_core.shell:Creating environment descriptor '/mnt/c/ros2_ws/install/control/share/control/hook/ament_prefix_path.dsv'
[2.732s] INFO:colcon.colcon_core.shell:Creating environment hook '/mnt/c/ros2_ws/install/control/share/control/hook/ament_prefix_path.sh'
[2.754s] INFO:colcon.colcon_core.shell:Skip shell extension 'powershell' for command environment: Not usable outside of PowerShell
[2.755s] DEBUG:colcon.colcon_core.shell:Skip shell extension 'dsv' for command environment
[2.858s] INFO:colcon.colcon_ros.task.ament_python.build:Building ROS package in '/mnt/c/ros2_ws/src/pub_sub' with build type 'ament_python'
[2.859s] Level 1:colcon.colcon_core.shell:create_environment_hook('pub_sub', 'ament_prefix_path')
[2.861s] INFO:colcon.colcon_core.shell:Creating environment hook '/mnt/c/ros2_ws/install/pub_sub/share/pub_sub/hook/ament_prefix_path.ps1'
[2.883s] INFO:colcon.colcon_core.shell:Creating environment descriptor '/mnt/c/ros2_ws/install/pub_sub/share/pub_sub/hook/ament_prefix_path.dsv'
[2.905s] INFO:colcon.colcon_core.shell:Creating environment hook '/mnt/c/ros2_ws/install/pub_sub/share/pub_sub/hook/ament_prefix_path.sh'
[2.927s] INFO:colcon.colcon_core.shell:Skip shell extension 'powershell' for command environment: Not usable outside of PowerShell
[2.928s] DEBUG:colcon.colcon_core.shell:Skip shell extension 'dsv' for command environment
[3.030s] INFO:colcon.colcon_ros.task.ament_python.build:Building ROS package in '/mnt/c/ros2_ws/src/week5' with build type 'ament_python'
[3.031s] Level 1:colcon.colcon_core.shell:create_environment_hook('week5', 'ament_prefix_path')
[3.032s] INFO:colcon.colcon_core.shell:Creating environment hook '/mnt/c/ros2_ws/install/week5/share/week5/hook/ament_prefix_path.ps1'
[3.057s] INFO:colcon.colcon_core.shell:Creating environment descriptor '/mnt/c/ros2_ws/install/week5/share/week5/hook/ament_prefix_path.dsv'
[3.087s] INFO:colcon.colcon_core.shell:Creating environment hook '/mnt/c/ros2_ws/install/week5/share/week5/hook/ament_prefix_path.sh'
[3.114s] INFO:colcon.colcon_core.shell:Skip shell extension 'powershell' for command environment: Not usable outside of PowerShell
[3.115s] DEBUG:colcon.colcon_core.shell:Skip shell extension 'dsv' for command environment
[12.883s] INFO:colcon.colcon_core.task.python.build:Building Python package in '/mnt/c/ros2_ws/src/control'
[12.884s] INFO:colcon.colcon_core.shell:Skip shell extension 'powershell' for command environment: Not usable outside of PowerShell
[12.884s] DEBUG:colcon.colcon_core.shell:Skip shell extension 'dsv' for command environment
[7.059s] INFO:colcon.colcon_core.task.python.build:Building Python package in '/mnt/c/ros2_ws/src/pub_sub'
[7.060s] INFO:colcon.colcon_core.shell:Skip shell extension 'powershell' for command environment: Not usable outside of PowerShell
[7.061s] DEBUG:colcon.colcon_core.shell:Skip shell extension 'dsv' for command environment
[9.029s] INFO:colcon.colcon_core.task.python.build:Building Python package in '/mnt/c/ros2_ws/src/week5'
[9.031s] INFO:colcon.colcon_core.shell:Skip shell extension 'powershell' for command environment: Not usable outside of PowerShell
[9.032s] DEBUG:colcon.colcon_core.shell:Skip shell extension 'dsv' for command environment
[11.997s] DEBUG:colcon.colcon_core.event_handler.log_command:Invoking command in '/mnt/c/ros2_ws/src/pub_sub': PYTHONPATH=/mnt/c/ros2_ws/build/pub_sub/prefix_override:/usr/lib/python3/dist-packages/colcon_core/task/python/colcon_distutils_commands:/mnt/c/ros2_ws/install/pub_sub/lib/python3.10/site-packages:${PYTHONPATH} /usr/bin/python3 -W ignore:setup.py install is deprecated -W ignore:easy_install command is deprecated setup.py egg_info --egg-base ../../build/pub_sub build --build-base /mnt/c/ros2_ws/build/pub_sub/build install --record /mnt/c/ros2_ws/build/pub_sub/install.log --single-version-externally-managed install_data
[12.062s] DEBUG:colcon.colcon_core.event_handler.log_command:Invoking command in '/mnt/c/ros2_ws/src/week5': PYTHONPATH=/mnt/c/ros2_ws/build/week5/prefix_override:/usr/lib/python3/dist-packages/colcon_core/task/python/colcon_distutils_commands:/mnt/c/ros2_ws/install/week5/lib/python3.10/site-packages:${PYTHONPATH} /usr/bin/python3 -W ignore:setup.py install is deprecated -W ignore:easy_install command is deprecated setup.py egg_info --egg-base ../../build/week5 build --build-base /mnt/c/ros2_ws/build/week5/build install --record /mnt/c/ros2_ws/build/week5/install.log --single-version-externally-managed install_data
[12.092s] DEBUG:colcon.colcon_core.event_handler.log_command:Invoking command in '/mnt/c/ros2_ws/src/control': PYTHONPATH=/mnt/c/ros2_ws/build/control/prefix_override:/usr/lib/python3/dist-packages/colcon_core/task/python/colcon_distutils_commands:/mnt/c/ros2_ws/install/control/lib/python3.10/site-packages:${PYTHONPATH} /usr/bin/python3 -W ignore:setup.py install is deprecated -W ignore:easy_install command is deprecated setup.py egg_info --egg-base ../../build/control build --build-base /mnt/c/ros2_ws/build/control/build install --record /mnt/c/ros2_ws/build/control/install.log --single-version-externally-managed install_data
[22.857s] DEBUG:colcon.colcon_core.event_handler.log_command:Invoked command in '/mnt/c/ros2_ws/src/control' returned '0': PYTHONPATH=/mnt/c/ros2_ws/build/control/prefix_override:/usr/lib/python3/dist-packages/colcon_core/task/python/colcon_distutils_commands:/mnt/c/ros2_ws/install/control/lib/python3.10/site-packages:${PYTHONPATH} /usr/bin/python3 -W ignore:setup.py install is deprecated -W ignore:easy_install command is deprecated setup.py egg_info --egg-base ../../build/control build --build-base /mnt/c/ros2_ws/build/control/build install --record /mnt/c/ros2_ws/build/control/install.log --single-version-externally-managed install_data
[22.911s] Level 1:colcon.colcon_core.environment:checking '/mnt/c/ros2_ws/install/control' for CMake module files
[22.998s] Level 1:colcon.colcon_core.environment:checking '/mnt/c/ros2_ws/install/control' for CMake config files
[15.254s] Level 1:colcon.colcon_core.environment:checking '/mnt/c/ros2_ws/install/control/lib'
[15.261s] Level 1:colcon.colcon_core.environment:checking '/mnt/c/ros2_ws/install/control/bin'
[15.264s] Level 1:colcon.colcon_core.environment:checking '/mnt/c/ros2_ws/install/control/lib/pkgconfig/control.pc'
[15.267s] Level 1:colcon.colcon_core.environment:checking '/mnt/c/ros2_ws/install/control/lib/python3.10/site-packages'
[15.277s] Level 1:colcon.colcon_core.shell:create_environment_hook('control', 'pythonpath')
[15.277s] INFO:colcon.colcon_core.shell:Creating environment hook '/mnt/c/ros2_ws/install/control/share/control/hook/pythonpath.ps1'
[15.299s] INFO:colcon.colcon_core.shell:Creating environment descriptor '/mnt/c/ros2_ws/install/control/share/control/hook/pythonpath.dsv'
[15.319s] INFO:colcon.colcon_core.shell:Creating environment hook '/mnt/c/ros2_ws/install/control/share/control/hook/pythonpath.sh'
[15.339s] Level 1:colcon.colcon_core.environment:checking '/mnt/c/ros2_ws/install/control/bin'
[15.341s] Level 1:colcon.colcon_core.environment:create_environment_scripts_only(control)
[15.342s] INFO:colcon.colcon_core.shell:Creating package script '/mnt/c/ros2_ws/install/control/share/control/package.ps1'
[15.364s] INFO:colcon.colcon_core.shell:Creating package descriptor '/mnt/c/ros2_ws/install/control/share/control/package.dsv'
[15.387s] INFO:colcon.colcon_core.shell:Creating package script '/mnt/c/ros2_ws/install/control/share/control/package.sh'
[15.412s] INFO:colcon.colcon_core.shell:Creating package script '/mnt/c/ros2_ws/install/control/share/control/package.bash'
[15.433s] INFO:colcon.colcon_core.shell:Creating package script '/mnt/c/ros2_ws/install/control/share/control/package.zsh'
[15.452s] Level 1:colcon.colcon_core.environment:create_file_with_runtime_dependencies(/mnt/c/ros2_ws/install/control/share/colcon-core/packages/control)
[15.469s] Level 1:colcon.colcon_core.environment:checking '/mnt/c/ros2_ws/install/pub_sub' for CMake module files
[15.484s] DEBUG:colcon.colcon_core.event_handler.log_command:Invoked command in '/mnt/c/ros2_ws/src/pub_sub' returned '0': PYTHONPATH=/mnt/c/ros2_ws/build/pub_sub/prefix_override:/usr/lib/python3/dist-packages/colcon_core/task/python/colcon_distutils_commands:/mnt/c/ros2_ws/install/pub_sub/lib/python3.10/site-packages:${PYTHONPATH} /usr/bin/python3 -W ignore:setup.py install is deprecated -W ignore:easy_install command is deprecated setup.py egg_info --egg-base ../../build/pub_sub build --build-base /mnt/c/ros2_ws/build/pub_sub/build install --record /mnt/c/ros2_ws/build/pub_sub/install.log --single-version-externally-managed install_data
[15.561s] Level 1:colcon.colcon_core.environment:checking '/mnt/c/ros2_ws/install/pub_sub' for CMake config files
[15.695s] Level 1:colcon.colcon_core.environment:checking '/mnt/c/ros2_ws/install/pub_sub/lib'
[15.702s] Level 1:colcon.colcon_core.environment:checking '/mnt/c/ros2_ws/install/pub_sub/bin'
[15.705s] Level 1:colcon.colcon_core.environment:checking '/mnt/c/ros2_ws/install/pub_sub/lib/pkgconfig/pub_sub.pc'
[15.708s] Level 1:colcon.colcon_core.environment:checking '/mnt/c/ros2_ws/install/pub_sub/lib/python3.10/site-packages'
[15.711s] Level 1:colcon.colcon_core.shell:create_environment_hook('pub_sub', 'pythonpath')
[15.712s] INFO:colcon.colcon_core.shell:Creating environment hook '/mnt/c/ros2_ws/install/pub_sub/share/pub_sub/hook/pythonpath.ps1'
[15.733s] INFO:colcon.colcon_core.shell:Creating environment descriptor '/mnt/c/ros2_ws/install/pub_sub/share/pub_sub/hook/pythonpath.dsv'
[15.753s] INFO:colcon.colcon_core.shell:Creating environment hook '/mnt/c/ros2_ws/install/pub_sub/share/pub_sub/hook/pythonpath.sh'
[15.774s] Level 1:colcon.colcon_core.environment:checking '/mnt/c/ros2_ws/install/pub_sub/bin'
[15.776s] Level 1:colcon.colcon_core.environment:create_environment_scripts_only(pub_sub)
[15.777s] INFO:colcon.colcon_core.shell:Creating package script '/mnt/c/ros2_ws/install/pub_sub/share/pub_sub/package.ps1'
[15.796s] INFO:colcon.colcon_core.shell:Creating package descriptor '/mnt/c/ros2_ws/install/pub_sub/share/pub_sub/package.dsv'
[15.815s] INFO:colcon.colcon_core.shell:Creating package script '/mnt/c/ros2_ws/install/pub_sub/share/pub_sub/package.sh'
[15.832s] INFO:colcon.colcon_core.shell:Creating package script '/mnt/c/ros2_ws/install/pub_sub/share/pub_sub/package.bash'
[15.851s] INFO:colcon.colcon_core.shell:Creating package script '/mnt/c/ros2_ws/install/pub_sub/share/pub_sub/package.zsh'
[15.868s] Level 1:colcon.colcon_core.environment:create_file_with_runtime_dependencies(/mnt/c/ros2_ws/install/pub_sub/share/colcon-core/packages/pub_sub)
[15.883s] Level 1:colcon.colcon_core.environment:checking '/mnt/c/ros2_ws/install/week5' for CMake module files
[15.903s] DEBUG:colcon.colcon_core.event_handler.log_command:Invoked command in '/mnt/c/ros2_ws/src/week5' returned '0': PYTHONPATH=/mnt/c/ros2_ws/build/week5/prefix_override:/usr/lib/python3/dist-packages/colcon_core/task/python/colcon_distutils_commands:/mnt/c/ros2_ws/install/week5/lib/python3.10/site-packages:${PYTHONPATH} /usr/bin/python3 -W ignore:setup.py install is deprecated -W ignore:easy_install command is deprecated setup.py egg_info --egg-base ../../build/week5 build --build-base /mnt/c/ros2_ws/build/week5/build install --record /mnt/c/ros2_ws/build/week5/install.log --single-version-externally-managed install_data
[15.969s] Level 1:colcon.colcon_core.environment:checking '/mnt/c/ros2_ws/install/week5' for CMake config files
[16.104s] Level 1:colcon.colcon_core.environment:checking '/mnt/c/ros2_ws/install/week5/lib'
[16.110s] Level 1:colcon.colcon_core.environment:checking '/mnt/c/ros2_ws/install/week5/bin'
[16.113s] Level 1:colcon.colcon_core.environment:checking '/mnt/c/ros2_ws/install/week5/lib/pkgconfig/week5.pc'
[16.117s] Level 1:colcon.colcon_core.environment:checking '/mnt/c/ros2_ws/install/week5/lib/python3.10/site-packages'
[16.121s] Level 1:colcon.colcon_core.shell:create_environment_hook('week5', 'pythonpath')
[16.121s] INFO:colcon.colcon_core.shell:Creating environment hook '/mnt/c/ros2_ws/install/week5/share/week5/hook/pythonpath.ps1'
[16.143s] INFO:colcon.colcon_core.shell:Creating environment descriptor '/mnt/c/ros2_ws/install/week5/share/week5/hook/pythonpath.dsv'
[16.164s] INFO:colcon.colcon_core.shell:Creating environment hook '/mnt/c/ros2_ws/install/week5/share/week5/hook/pythonpath.sh'
[16.186s] Level 1:colcon.colcon_core.environment:checking '/mnt/c/ros2_ws/install/week5/bin'
[16.188s] Level 1:colcon.colcon_core.environment:create_environment_scripts_only(week5)
[16.189s] INFO:colcon.colcon_core.shell:Creating package script '/mnt/c/ros2_ws/install/week5/share/week5/package.ps1'
[16.206s] INFO:colcon.colcon_core.shell:Creating package descriptor '/mnt/c/ros2_ws/install/week5/share/week5/package.dsv'
[16.224s] INFO:colcon.colcon_core.shell:Creating package script '/mnt/c/ros2_ws/install/week5/share/week5/package.sh'
[16.242s] INFO:colcon.colcon_core.shell:Creating package script '/mnt/c/ros2_ws/install/week5/share/week5/package.bash'
[16.261s] INFO:colcon.colcon_core.shell:Creating package script '/mnt/c/ros2_ws/install/week5/share/week5/package.zsh'
[16.281s] Level 1:colcon.colcon_core.environment:create_file_with_runtime_dependencies(/mnt/c/ros2_ws/install/week5/share/colcon-core/packages/week5)
[16.295s] DEBUG:colcon.colcon_parallel_executor.executor.parallel:closing loop
[16.296s] DEBUG:colcon.colcon_parallel_executor.executor.parallel:loop closed
[16.296s] DEBUG:colcon.colcon_parallel_executor.executor.parallel:run_until_complete finished with '0'
[16.297s] DEBUG:colcon.colcon_core.event_reactor:joining thread
[16.410s] INFO:colcon.colcon_core.plugin_system:Skipping extension 'colcon_notification.desktop_notification.notify_send': Could not find 'notify-send'
[16.410s] INFO:colcon.colcon_core.plugin_system:Skipping extension 'colcon_notification.desktop_notification.terminal_notifier': Not used on non-Darwin systems
[16.411s] INFO:colcon.colcon_core.plugin_system:Skipping extension 'colcon_notification.desktop_notification.win32': Not used on non-Windows systems
[16.411s] INFO:colcon.colcon_notification.desktop_notification:Sending desktop notification using 'notify2'
[16.412s] DEBUG:colcon.colcon_notification.desktop_notification.notify2:Failed to initialize notify2: org.freedesktop.DBus.Error.FileNotFound: Failed to connect to socket /run/user/1000/bus: No such file or directory
[16.413s] DEBUG:colcon.colcon_core.event_reactor:joined thread
[16.414s] INFO:colcon.colcon_core.shell:Creating prefix script '/mnt/c/ros2_ws/install/local_setup.ps1'
[16.424s] INFO:colcon.colcon_core.shell:Creating prefix util module '/mnt/c/ros2_ws/install/_local_setup_util_ps1.py'
[16.434s] INFO:colcon.colcon_core.shell:Creating prefix chain script '/mnt/c/ros2_ws/install/setup.ps1'
[16.478s] INFO:colcon.colcon_core.shell:Creating prefix script '/mnt/c/ros2_ws/install/local_setup.sh'
[16.488s] INFO:colcon.colcon_core.shell:Creating prefix util module '/mnt/c/ros2_ws/install/_local_setup_util_sh.py'
[16.498s] INFO:colcon.colcon_core.shell:Creating prefix chain script '/mnt/c/ros2_ws/install/setup.sh'
[16.543s] INFO:colcon.colcon_core.shell:Creating prefix script '/mnt/c/ros2_ws/install/local_setup.bash'
[16.554s] INFO:colcon.colcon_core.shell:Creating prefix chain script '/mnt/c/ros2_ws/install/setup.bash'
[16.601s] INFO:colcon.colcon_core.shell:Creating prefix script '/mnt/c/ros2_ws/install/local_setup.zsh'
[16.612s] INFO:colcon.colcon_core.shell:Creating prefix chain script '/mnt/c/ros2_ws/install/setup.zsh'
