[7.103s] Invoking command in '/mnt/c/ros2_ws/3-26-SRC/control': PYTHONPATH=/mnt/c/ros2_ws/3-26-SRC/build/control/prefix_override:/usr/lib/python3/dist-packages/colcon_core/task/python/colcon_distutils_commands:/mnt/c/ros2_ws/3-26-SRC/install/control/lib/python3.10/site-packages:${PYTHONPATH} /usr/bin/python3 -W ignore:setup.py install is deprecated -W ignore:easy_install command is deprecated setup.py egg_info --egg-base ../build/control build --build-base /mnt/c/ros2_ws/3-26-SRC/build/control/build install --record /mnt/c/ros2_ws/3-26-SRC/build/control/install.log --single-version-externally-managed install_data
[9.763s] running egg_info
[9.769s] creating ../build/control/control.egg-info
[9.775s] writing ../build/control/control.egg-info/PKG-INFO
[9.793s] writing dependency_links to ../build/control/control.egg-info/dependency_links.txt
[9.806s] writing entry points to ../build/control/control.egg-info/entry_points.txt
[9.821s] writing requirements to ../build/control/control.egg-info/requires.txt
[9.830s] writing top-level names to ../build/control/control.egg-info/top_level.txt
[9.847s] writing manifest file '../build/control/control.egg-info/SOURCES.txt'
[9.896s] reading manifest file '../build/control/control.egg-info/SOURCES.txt'
[9.974s] writing manifest file '../build/control/control.egg-info/SOURCES.txt'
[9.979s] running build
[9.981s] running build_py
[9.990s] creating /mnt/c/ros2_ws/3-26-SRC/build/control/build
[9.993s] creating /mnt/c/ros2_ws/3-26-SRC/build/control/build/lib
[9.997s] creating /mnt/c/ros2_ws/3-26-SRC/build/control/build/lib/control
[10.010s] copying control/ex1.py -> /mnt/c/ros2_ws/3-26-SRC/build/control/build/lib/control
[10.048s] copying control/__init__.py -> /mnt/c/ros2_ws/3-26-SRC/build/control/build/lib/control
[10.071s] running install
[10.072s] running install_lib
[10.101s] creating /mnt/c/ros2_ws/3-26-SRC/install/control/lib/python3.10/site-packages/control
[10.125s] copying /mnt/c/ros2_ws/3-26-SRC/build/control/build/lib/control/ex1.py -> /mnt/c/ros2_ws/3-26-SRC/install/control/lib/python3.10/site-packages/control
[10.175s] copying /mnt/c/ros2_ws/3-26-SRC/build/control/build/lib/control/__init__.py -> /mnt/c/ros2_ws/3-26-SRC/install/control/lib/python3.10/site-packages/control
[10.247s] byte-compiling /mnt/c/ros2_ws/3-26-SRC/install/control/lib/python3.10/site-packages/control/ex1.py to ex1.cpython-310.pyc
[10.270s]   File "/mnt/c/ros2_ws/3-26-SRC/install/control/lib/python3.10/site-packages/control/ex1.py", line 49
[10.272s]     ???
[10.274s]     ^
[10.275s] SyntaxError: invalid syntax
[10.276s] 
[10.280s] byte-compiling /mnt/c/ros2_ws/3-26-SRC/install/control/lib/python3.10/site-packages/control/__init__.py to __init__.cpython-310.pyc
[10.333s] running install_data
[10.346s] creating /mnt/c/ros2_ws/3-26-SRC/install/control/share/ament_index
[10.350s] creating /mnt/c/ros2_ws/3-26-SRC/install/control/share/ament_index/resource_index
[10.355s] creating /mnt/c/ros2_ws/3-26-SRC/install/control/share/ament_index/resource_index/packages
[10.370s] copying resource/control -> /mnt/c/ros2_ws/3-26-SRC/install/control/share/ament_index/resource_index/packages
[10.403s] copying package.xml -> /mnt/c/ros2_ws/3-26-SRC/install/control/share/control
[10.425s] running install_egg_info
[10.459s] Copying ../build/control/control.egg-info to /mnt/c/ros2_ws/3-26-SRC/install/control/lib/python3.10/site-packages/control-0.0.0-py3.10.egg-info
[10.824s] running install_scripts
[11.108s] Installing ex1 script to /mnt/c/ros2_ws/3-26-SRC/install/control/lib/control
[11.130s] writing list of installed files to '/mnt/c/ros2_ws/3-26-SRC/build/control/install.log'
[11.210s] Invoked command in '/mnt/c/ros2_ws/3-26-SRC/control' returned '0': PYTHONPATH=/mnt/c/ros2_ws/3-26-SRC/build/control/prefix_override:/usr/lib/python3/dist-packages/colcon_core/task/python/colcon_distutils_commands:/mnt/c/ros2_ws/3-26-SRC/install/control/lib/python3.10/site-packages:${PYTHONPATH} /usr/bin/python3 -W ignore:setup.py install is deprecated -W ignore:easy_install command is deprecated setup.py egg_info --egg-base ../build/control build --build-base /mnt/c/ros2_ws/3-26-SRC/build/control/build install --record /mnt/c/ros2_ws/3-26-SRC/build/control/install.log --single-version-externally-managed install_data
