[1.954s] DEBUG:colcon:Command line arguments: ['/usr/bin/colcon', 'build']
[1.955s] DEBUG:colcon:Parsed command line arguments: Namespace(log_base=None, log_level=None, verb_name='build', build_base='build', install_base='install', merge_install=False, symlink_install=False, test_result_base=None, continue_on_error=False, executor='parallel', parallel_workers=8, event_handlers=None, ignore_user_meta=False, metas=['./colcon.meta'], base_paths=['.'], packages_ignore=None, packages_ignore_regex=None, paths=None, packages_up_to=None, packages_up_to_regex=None, packages_above=None, packages_above_and_dependencies=None, packages_above_depth=None, packages_select_by_dep=None, packages_skip_by_dep=None, packages_skip_up_to=None, packages_select_build_failed=False, packages_skip_build_finished=False, packages_select_test_failures=False, packages_skip_test_passed=False, packages_select=None, packages_skip=None, packages_select_regex=None, packages_skip_regex=None, packages_start=None, packages_end=None, allow_overriding=[], cmake_args=None, cmake_target=None, cmake_target_skip_unavailable=False, cmake_clean_cache=False, cmake_clean_first=False, cmake_force_configure=False, ament_cmake_args=None, catkin_cmake_args=None, catkin_skip_building_tests=False, mixin_files=None, mixin=None, verb_parser=<colcon_mixin.mixin.mixin_argument.MixinArgumentDecorator object at 0x7f2ff14dd3f0>, verb_extension=<colcon_core.verb.build.BuildVerb object at 0x7f2ff14dcf10>, main=<bound method BuildVerb.main of <colcon_core.verb.build.BuildVerb object at 0x7f2ff14dcf10>>, mixin_verb=('build',))
[3.472s] Level 1:colcon.colcon_core.package_discovery:discover_packages(colcon_meta) check parameters
[3.473s] Level 1:colcon.colcon_core.package_discovery:discover_packages(recursive) check parameters
[3.474s] Level 1:colcon.colcon_core.package_discovery:discover_packages(ignore) check parameters
[3.474s] Level 1:colcon.colcon_core.package_discovery:discover_packages(path) check parameters
[3.474s] Level 1:colcon.colcon_core.package_discovery:discover_packages(colcon_meta) discover
[3.475s] Level 1:colcon.colcon_core.package_discovery:discover_packages(recursive) discover
[3.475s] INFO:colcon.colcon_core.package_discovery:Crawling recursively for packages in '/mnt/c/ros2_ws/3-26-SRC'
[3.477s] Level 1:colcon.colcon_core.package_identification:_identify(.) by extensions ['ignore', 'ignore_ament_install']
[3.478s] Level 1:colcon.colcon_core.package_identification:_identify(.) by extension 'ignore'
[3.479s] Level 1:colcon.colcon_core.package_identification:_identify(.) by extension 'ignore_ament_install'
[3.480s] Level 1:colcon.colcon_core.package_identification:_identify(.) by extensions ['colcon_pkg']
[3.481s] Level 1:colcon.colcon_core.package_identification:_identify(.) by extension 'colcon_pkg'
[3.483s] Level 1:colcon.colcon_core.package_identification:_identify(.) by extensions ['colcon_meta']
[3.483s] Level 1:colcon.colcon_core.package_identification:_identify(.) by extension 'colcon_meta'
[3.483s] Level 1:colcon.colcon_core.package_identification:_identify(.) by extensions ['ros']
[3.484s] Level 1:colcon.colcon_core.package_identification:_identify(.) by extension 'ros'
[3.555s] Level 1:colcon.colcon_core.package_identification:_identify(.) by extensions ['cmake', 'python']
[3.556s] Level 1:colcon.colcon_core.package_identification:_identify(.) by extension 'cmake'
[3.557s] Level 1:colcon.colcon_core.package_identification:_identify(.) by extension 'python'
[3.559s] Level 1:colcon.colcon_core.package_identification:_identify(.) by extensions ['python_setup_py']
[3.560s] Level 1:colcon.colcon_core.package_identification:_identify(.) by extension 'python_setup_py'
[3.564s] Level 1:colcon.colcon_core.package_identification:_identify(build) by extensions ['ignore', 'ignore_ament_install']
[3.565s] Level 1:colcon.colcon_core.package_identification:_identify(build) by extension 'ignore'
[3.566s] Level 1:colcon.colcon_core.package_identification:_identify(build) ignored
[3.570s] Level 1:colcon.colcon_core.package_identification:_identify(control) by extensions ['ignore', 'ignore_ament_install']
[3.571s] Level 1:colcon.colcon_core.package_identification:_identify(control) by extension 'ignore'
[3.572s] Level 1:colcon.colcon_core.package_identification:_identify(control) by extension 'ignore_ament_install'
[3.574s] Level 1:colcon.colcon_core.package_identification:_identify(control) by extensions ['colcon_pkg']
[3.574s] Level 1:colcon.colcon_core.package_identification:_identify(control) by extension 'colcon_pkg'
[3.575s] Level 1:colcon.colcon_core.package_identification:_identify(control) by extensions ['colcon_meta']
[3.576s] Level 1:colcon.colcon_core.package_identification:_identify(control) by extension 'colcon_meta'
[3.577s] Level 1:colcon.colcon_core.package_identification:_identify(control) by extensions ['ros']
[3.577s] Level 1:colcon.colcon_core.package_identification:_identify(control) by extension 'ros'
[3.655s] DEBUG:colcon.colcon_core.package_identification:Package 'control' with type 'ros.ament_python' and name 'control'
[3.659s] Level 1:colcon.colcon_core.package_identification:_identify(install) by extensions ['ignore', 'ignore_ament_install']
[3.659s] Level 1:colcon.colcon_core.package_identification:_identify(install) by extension 'ignore'
[3.661s] Level 1:colcon.colcon_core.package_identification:_identify(install) ignored
[3.671s] Level 1:colcon.colcon_core.package_identification:_identify(log) by extensions ['ignore', 'ignore_ament_install']
[3.671s] Level 1:colcon.colcon_core.package_identification:_identify(log) by extension 'ignore'
[3.672s] Level 1:colcon.colcon_core.package_identification:_identify(log) ignored
[3.672s] Level 1:colcon.colcon_core.package_discovery:discover_packages(recursive) using defaults
[3.672s] Level 1:colcon.colcon_core.package_discovery:discover_packages(ignore) discover
[3.673s] Level 1:colcon.colcon_core.package_discovery:discover_packages(ignore) using defaults
[3.673s] Level 1:colcon.colcon_core.package_discovery:discover_packages(path) discover
[3.673s] Level 1:colcon.colcon_core.package_discovery:discover_packages(path) using defaults
[3.980s] Level 1:colcon.colcon_core.package_discovery:discover_packages(prefix_path) check parameters
[3.981s] Level 1:colcon.colcon_core.package_discovery:discover_packages(prefix_path) discover
[4.065s] DEBUG:colcon.colcon_installed_package_information.package_discovery:Found 3 installed packages in /mnt/c/ros2_ws/install
[4.069s] DEBUG:colcon.colcon_installed_package_information.package_discovery:Found 271 installed packages in /opt/ros/humble
[4.073s] Level 1:colcon.colcon_core.package_discovery:discover_packages(prefix_path) using defaults
[4.378s] Level 5:colcon.colcon_core.verb:set package 'control' build argument 'cmake_args' from command line to 'None'
[4.379s] Level 5:colcon.colcon_core.verb:set package 'control' build argument 'cmake_target' from command line to 'None'
[4.380s] Level 5:colcon.colcon_core.verb:set package 'control' build argument 'cmake_target_skip_unavailable' from command line to 'False'
[4.380s] Level 5:colcon.colcon_core.verb:set package 'control' build argument 'cmake_clean_cache' from command line to 'False'
[4.381s] Level 5:colcon.colcon_core.verb:set package 'control' build argument 'cmake_clean_first' from command line to 'False'
[4.381s] Level 5:colcon.colcon_core.verb:set package 'control' build argument 'cmake_force_configure' from command line to 'False'
[4.381s] Level 5:colcon.colcon_core.verb:set package 'control' build argument 'ament_cmake_args' from command line to 'None'
[4.381s] Level 5:colcon.colcon_core.verb:set package 'control' build argument 'catkin_cmake_args' from command line to 'None'
[4.382s] Level 5:colcon.colcon_core.verb:set package 'control' build argument 'catkin_skip_building_tests' from command line to 'False'
[4.382s] DEBUG:colcon.colcon_core.verb:Building package 'control' with the following arguments: {'ament_cmake_args': None, 'build_base': '/mnt/c/ros2_ws/3-26-SRC/build/control', 'catkin_cmake_args': None, 'catkin_skip_building_tests': False, 'cmake_args': None, 'cmake_clean_cache': False, 'cmake_clean_first': False, 'cmake_force_configure': False, 'cmake_target': None, 'cmake_target_skip_unavailable': False, 'install_base': '/mnt/c/ros2_ws/3-26-SRC/install/control', 'merge_install': False, 'path': '/mnt/c/ros2_ws/3-26-SRC/control', 'symlink_install': False, 'test_result_base': None}
[4.383s] INFO:colcon.colcon_core.executor:Executing jobs using 'parallel' executor
[4.387s] DEBUG:colcon.colcon_parallel_executor.executor.parallel:run_until_complete
[4.388s] INFO:colcon.colcon_ros.task.ament_python.build:Building ROS package in '/mnt/c/ros2_ws/3-26-SRC/control' with build type 'ament_python'
[4.388s] Level 1:colcon.colcon_core.shell:create_environment_hook('control', 'ament_prefix_path')
[4.427s] INFO:colcon.colcon_core.plugin_system:Skipping extension 'colcon_core.shell.bat': Not used on non-Windows systems
[4.428s] INFO:colcon.colcon_core.shell:Creating environment hook '/mnt/c/ros2_ws/3-26-SRC/install/control/share/control/hook/ament_prefix_path.ps1'
[4.450s] INFO:colcon.colcon_core.shell:Creating environment descriptor '/mnt/c/ros2_ws/3-26-SRC/install/control/share/control/hook/ament_prefix_path.dsv'
[4.470s] INFO:colcon.colcon_core.shell:Creating environment hook '/mnt/c/ros2_ws/3-26-SRC/install/control/share/control/hook/ament_prefix_path.sh'
[4.493s] INFO:colcon.colcon_core.shell:Skip shell extension 'powershell' for command environment: Not usable outside of PowerShell
[4.494s] DEBUG:colcon.colcon_core.shell:Skip shell extension 'dsv' for command environment
[6.588s] INFO:colcon.colcon_core.task.python.build:Building Python package in '/mnt/c/ros2_ws/3-26-SRC/control'
[6.593s] INFO:colcon.colcon_core.shell:Skip shell extension 'powershell' for command environment: Not usable outside of PowerShell
[6.593s] DEBUG:colcon.colcon_core.shell:Skip shell extension 'dsv' for command environment
[11.497s] DEBUG:colcon.colcon_core.event_handler.log_command:Invoking command in '/mnt/c/ros2_ws/3-26-SRC/control': PYTHONPATH=/mnt/c/ros2_ws/3-26-SRC/build/control/prefix_override:/usr/lib/python3/dist-packages/colcon_core/task/python/colcon_distutils_commands:/mnt/c/ros2_ws/3-26-SRC/install/control/lib/python3.10/site-packages:${PYTHONPATH} /usr/bin/python3 -W ignore:setup.py install is deprecated -W ignore:easy_install command is deprecated setup.py egg_info --egg-base ../build/control build --build-base /mnt/c/ros2_ws/3-26-SRC/build/control/build install --record /mnt/c/ros2_ws/3-26-SRC/build/control/install.log --single-version-externally-managed install_data
[15.602s] DEBUG:colcon.colcon_core.event_handler.log_command:Invoked command in '/mnt/c/ros2_ws/3-26-SRC/control' returned '0': PYTHONPATH=/mnt/c/ros2_ws/3-26-SRC/build/control/prefix_override:/usr/lib/python3/dist-packages/colcon_core/task/python/colcon_distutils_commands:/mnt/c/ros2_ws/3-26-SRC/install/control/lib/python3.10/site-packages:${PYTHONPATH} /usr/bin/python3 -W ignore:setup.py install is deprecated -W ignore:easy_install command is deprecated setup.py egg_info --egg-base ../build/control build --build-base /mnt/c/ros2_ws/3-26-SRC/build/control/build install --record /mnt/c/ros2_ws/3-26-SRC/build/control/install.log --single-version-externally-managed install_data
[15.650s] Level 1:colcon.colcon_core.environment:checking '/mnt/c/ros2_ws/3-26-SRC/install/control' for CMake module files
[15.713s] Level 1:colcon.colcon_core.environment:checking '/mnt/c/ros2_ws/3-26-SRC/install/control' for CMake config files
[15.829s] Level 1:colcon.colcon_core.environment:checking '/mnt/c/ros2_ws/3-26-SRC/install/control/lib'
[15.839s] Level 1:colcon.colcon_core.environment:checking '/mnt/c/ros2_ws/3-26-SRC/install/control/bin'
[15.842s] Level 1:colcon.colcon_core.environment:checking '/mnt/c/ros2_ws/3-26-SRC/install/control/lib/pkgconfig/control.pc'
[15.845s] Level 1:colcon.colcon_core.environment:checking '/mnt/c/ros2_ws/3-26-SRC/install/control/lib/python3.10/site-packages'
[15.849s] Level 1:colcon.colcon_core.shell:create_environment_hook('control', 'pythonpath')
[15.851s] INFO:colcon.colcon_core.shell:Creating environment hook '/mnt/c/ros2_ws/3-26-SRC/install/control/share/control/hook/pythonpath.ps1'
[15.876s] INFO:colcon.colcon_core.shell:Creating environment descriptor '/mnt/c/ros2_ws/3-26-SRC/install/control/share/control/hook/pythonpath.dsv'
[15.898s] INFO:colcon.colcon_core.shell:Creating environment hook '/mnt/c/ros2_ws/3-26-SRC/install/control/share/control/hook/pythonpath.sh'
[15.923s] Level 1:colcon.colcon_core.environment:checking '/mnt/c/ros2_ws/3-26-SRC/install/control/bin'
[15.926s] Level 1:colcon.colcon_core.environment:create_environment_scripts_only(control)
[15.927s] INFO:colcon.colcon_core.shell:Creating package script '/mnt/c/ros2_ws/3-26-SRC/install/control/share/control/package.ps1'
[15.956s] INFO:colcon.colcon_core.shell:Creating package descriptor '/mnt/c/ros2_ws/3-26-SRC/install/control/share/control/package.dsv'
[15.987s] INFO:colcon.colcon_core.shell:Creating package script '/mnt/c/ros2_ws/3-26-SRC/install/control/share/control/package.sh'
[16.015s] INFO:colcon.colcon_core.shell:Creating package script '/mnt/c/ros2_ws/3-26-SRC/install/control/share/control/package.bash'
[16.044s] INFO:colcon.colcon_core.shell:Creating package script '/mnt/c/ros2_ws/3-26-SRC/install/control/share/control/package.zsh'
[16.069s] Level 1:colcon.colcon_core.environment:create_file_with_runtime_dependencies(/mnt/c/ros2_ws/3-26-SRC/install/control/share/colcon-core/packages/control)
[16.087s] DEBUG:colcon.colcon_parallel_executor.executor.parallel:closing loop
[16.088s] DEBUG:colcon.colcon_parallel_executor.executor.parallel:loop closed
[16.089s] DEBUG:colcon.colcon_parallel_executor.executor.parallel:run_until_complete finished with '0'
[16.089s] DEBUG:colcon.colcon_core.event_reactor:joining thread
[16.279s] INFO:colcon.colcon_core.plugin_system:Skipping extension 'colcon_notification.desktop_notification.notify_send': Could not find 'notify-send'
[16.280s] INFO:colcon.colcon_core.plugin_system:Skipping extension 'colcon_notification.desktop_notification.terminal_notifier': Not used on non-Darwin systems
[16.281s] INFO:colcon.colcon_core.plugin_system:Skipping extension 'colcon_notification.desktop_notification.win32': Not used on non-Windows systems
[16.282s] INFO:colcon.colcon_notification.desktop_notification:Sending desktop notification using 'notify2'
[16.284s] DEBUG:colcon.colcon_notification.desktop_notification.notify2:Failed to initialize notify2: org.freedesktop.DBus.Error.FileNotFound: Failed to connect to socket /run/user/1000/bus: No such file or directory
[16.285s] DEBUG:colcon.colcon_core.event_reactor:joined thread
[16.286s] INFO:colcon.colcon_core.shell:Creating prefix script '/mnt/c/ros2_ws/3-26-SRC/install/local_setup.ps1'
[16.299s] INFO:colcon.colcon_core.shell:Creating prefix util module '/mnt/c/ros2_ws/3-26-SRC/install/_local_setup_util_ps1.py'
[16.311s] INFO:colcon.colcon_core.shell:Creating prefix chain script '/mnt/c/ros2_ws/3-26-SRC/install/setup.ps1'
[16.359s] INFO:colcon.colcon_core.shell:Creating prefix script '/mnt/c/ros2_ws/3-26-SRC/install/local_setup.sh'
[16.368s] INFO:colcon.colcon_core.shell:Creating prefix util module '/mnt/c/ros2_ws/3-26-SRC/install/_local_setup_util_sh.py'
[16.376s] INFO:colcon.colcon_core.shell:Creating prefix chain script '/mnt/c/ros2_ws/3-26-SRC/install/setup.sh'
[16.415s] INFO:colcon.colcon_core.shell:Creating prefix script '/mnt/c/ros2_ws/3-26-SRC/install/local_setup.bash'
[16.423s] INFO:colcon.colcon_core.shell:Creating prefix chain script '/mnt/c/ros2_ws/3-26-SRC/install/setup.bash'
[16.457s] INFO:colcon.colcon_core.shell:Creating prefix script '/mnt/c/ros2_ws/3-26-SRC/install/local_setup.zsh'
[16.465s] INFO:colcon.colcon_core.shell:Creating prefix chain script '/mnt/c/ros2_ws/3-26-SRC/install/setup.zsh'
