[1.352s] DEBUG:colcon:Command line arguments: ['/usr/bin/colcon', 'build']
[1.353s] DEBUG:colcon:Parsed command line arguments: Namespace(log_base=None, log_level=None, verb_name='build', build_base='build', install_base='install', merge_install=False, symlink_install=False, test_result_base=None, continue_on_error=False, executor='parallel', parallel_workers=8, event_handlers=None, ignore_user_meta=False, metas=['./colcon.meta'], base_paths=['.'], packages_ignore=None, packages_ignore_regex=None, paths=None, packages_up_to=None, packages_up_to_regex=None, packages_above=None, packages_above_and_dependencies=None, packages_above_depth=None, packages_select_by_dep=None, packages_skip_by_dep=None, packages_skip_up_to=None, packages_select_build_failed=False, packages_skip_build_finished=False, packages_select_test_failures=False, packages_skip_test_passed=False, packages_select=None, packages_skip=None, packages_select_regex=None, packages_skip_regex=None, packages_start=None, packages_end=None, allow_overriding=[], cmake_args=None, cmake_target=None, cmake_target_skip_unavailable=False, cmake_clean_cache=False, cmake_clean_first=False, cmake_force_configure=False, ament_cmake_args=None, catkin_cmake_args=None, catkin_skip_building_tests=False, mixin_files=None, mixin=None, verb_parser=<colcon_mixin.mixin.mixin_argument.MixinArgumentDecorator object at 0x7efc08ef56f0>, verb_extension=<colcon_core.verb.build.BuildVerb object at 0x7efc08ef5210>, main=<bound method BuildVerb.main of <colcon_core.verb.build.BuildVerb object at 0x7efc08ef5210>>, mixin_verb=('build',))
[2.443s] Level 1:colcon.colcon_core.package_discovery:discover_packages(colcon_meta) check parameters
[2.444s] Level 1:colcon.colcon_core.package_discovery:discover_packages(recursive) check parameters
[2.445s] Level 1:colcon.colcon_core.package_discovery:discover_packages(ignore) check parameters
[2.445s] Level 1:colcon.colcon_core.package_discovery:discover_packages(path) check parameters
[2.446s] Level 1:colcon.colcon_core.package_discovery:discover_packages(colcon_meta) discover
[2.446s] Level 1:colcon.colcon_core.package_discovery:discover_packages(recursive) discover
[2.447s] INFO:colcon.colcon_core.package_discovery:Crawling recursively for packages in '/mnt/c/ros2_ws/3-26-SRC'
[2.449s] Level 1:colcon.colcon_core.package_identification:_identify(.) by extensions ['ignore', 'ignore_ament_install']
[2.450s] Level 1:colcon.colcon_core.package_identification:_identify(.) by extension 'ignore'
[2.450s] Level 1:colcon.colcon_core.package_identification:_identify(.) by extension 'ignore_ament_install'
[2.452s] Level 1:colcon.colcon_core.package_identification:_identify(.) by extensions ['colcon_pkg']
[2.453s] Level 1:colcon.colcon_core.package_identification:_identify(.) by extension 'colcon_pkg'
[2.453s] Level 1:colcon.colcon_core.package_identification:_identify(.) by extensions ['colcon_meta']
[2.453s] Level 1:colcon.colcon_core.package_identification:_identify(.) by extension 'colcon_meta'
[2.454s] Level 1:colcon.colcon_core.package_identification:_identify(.) by extensions ['ros']
[2.454s] Level 1:colcon.colcon_core.package_identification:_identify(.) by extension 'ros'
[2.506s] Level 1:colcon.colcon_core.package_identification:_identify(.) by extensions ['cmake', 'python']
[2.506s] Level 1:colcon.colcon_core.package_identification:_identify(.) by extension 'cmake'
[2.507s] Level 1:colcon.colcon_core.package_identification:_identify(.) by extension 'python'
[2.508s] Level 1:colcon.colcon_core.package_identification:_identify(.) by extensions ['python_setup_py']
[2.508s] Level 1:colcon.colcon_core.package_identification:_identify(.) by extension 'python_setup_py'
[2.514s] Level 1:colcon.colcon_core.package_identification:_identify(build) by extensions ['ignore', 'ignore_ament_install']
[2.515s] Level 1:colcon.colcon_core.package_identification:_identify(build) by extension 'ignore'
[2.517s] Level 1:colcon.colcon_core.package_identification:_identify(build) ignored
[2.521s] Level 1:colcon.colcon_core.package_identification:_identify(control) by extensions ['ignore', 'ignore_ament_install']
[2.522s] Level 1:colcon.colcon_core.package_identification:_identify(control) by extension 'ignore'
[2.524s] Level 1:colcon.colcon_core.package_identification:_identify(control) by extension 'ignore_ament_install'
[2.526s] Level 1:colcon.colcon_core.package_identification:_identify(control) by extensions ['colcon_pkg']
[2.527s] Level 1:colcon.colcon_core.package_identification:_identify(control) by extension 'colcon_pkg'
[2.528s] Level 1:colcon.colcon_core.package_identification:_identify(control) by extensions ['colcon_meta']
[2.528s] Level 1:colcon.colcon_core.package_identification:_identify(control) by extension 'colcon_meta'
[2.530s] Level 1:colcon.colcon_core.package_identification:_identify(control) by extensions ['ros']
[2.531s] Level 1:colcon.colcon_core.package_identification:_identify(control) by extension 'ros'
[2.552s] DEBUG:colcon.colcon_core.package_identification:Package 'control' with type 'ros.ament_python' and name 'control'
[2.556s] Level 1:colcon.colcon_core.package_identification:_identify(install) by extensions ['ignore', 'ignore_ament_install']
[2.557s] Level 1:colcon.colcon_core.package_identification:_identify(install) by extension 'ignore'
[2.559s] Level 1:colcon.colcon_core.package_identification:_identify(install) ignored
[2.566s] Level 1:colcon.colcon_core.package_identification:_identify(log) by extensions ['ignore', 'ignore_ament_install']
[2.566s] Level 1:colcon.colcon_core.package_identification:_identify(log) by extension 'ignore'
[2.568s] Level 1:colcon.colcon_core.package_identification:_identify(log) ignored
[2.568s] Level 1:colcon.colcon_core.package_discovery:discover_packages(recursive) using defaults
[2.568s] Level 1:colcon.colcon_core.package_discovery:discover_packages(ignore) discover
[2.569s] Level 1:colcon.colcon_core.package_discovery:discover_packages(ignore) using defaults
[2.569s] Level 1:colcon.colcon_core.package_discovery:discover_packages(path) discover
[2.569s] Level 1:colcon.colcon_core.package_discovery:discover_packages(path) using defaults
[2.835s] Level 1:colcon.colcon_core.package_discovery:discover_packages(prefix_path) check parameters
[2.836s] Level 1:colcon.colcon_core.package_discovery:discover_packages(prefix_path) discover
[2.932s] DEBUG:colcon.colcon_installed_package_information.package_discovery:Found 1 installed packages in /mnt/c/ros2_ws/3-26-SRC/install
[2.998s] DEBUG:colcon.colcon_installed_package_information.package_discovery:Found 3 installed packages in /mnt/c/ros2_ws/install
[3.013s] DEBUG:colcon.colcon_installed_package_information.package_discovery:Found 271 installed packages in /opt/ros/humble
[3.016s] Level 1:colcon.colcon_core.package_discovery:discover_packages(prefix_path) using defaults
[3.197s] Level 5:colcon.colcon_core.verb:set package 'control' build argument 'cmake_args' from command line to 'None'
[3.198s] Level 5:colcon.colcon_core.verb:set package 'control' build argument 'cmake_target' from command line to 'None'
[3.198s] Level 5:colcon.colcon_core.verb:set package 'control' build argument 'cmake_target_skip_unavailable' from command line to 'False'
[3.199s] Level 5:colcon.colcon_core.verb:set package 'control' build argument 'cmake_clean_cache' from command line to 'False'
[3.199s] Level 5:colcon.colcon_core.verb:set package 'control' build argument 'cmake_clean_first' from command line to 'False'
[3.200s] Level 5:colcon.colcon_core.verb:set package 'control' build argument 'cmake_force_configure' from command line to 'False'
[3.200s] Level 5:colcon.colcon_core.verb:set package 'control' build argument 'ament_cmake_args' from command line to 'None'
[3.200s] Level 5:colcon.colcon_core.verb:set package 'control' build argument 'catkin_cmake_args' from command line to 'None'
[3.201s] Level 5:colcon.colcon_core.verb:set package 'control' build argument 'catkin_skip_building_tests' from command line to 'False'
[3.201s] DEBUG:colcon.colcon_core.verb:Building package 'control' with the following arguments: {'ament_cmake_args': None, 'build_base': '/mnt/c/ros2_ws/3-26-SRC/build/control', 'catkin_cmake_args': None, 'catkin_skip_building_tests': False, 'cmake_args': None, 'cmake_clean_cache': False, 'cmake_clean_first': False, 'cmake_force_configure': False, 'cmake_target': None, 'cmake_target_skip_unavailable': False, 'install_base': '/mnt/c/ros2_ws/3-26-SRC/install/control', 'merge_install': False, 'path': '/mnt/c/ros2_ws/3-26-SRC/control', 'symlink_install': False, 'test_result_base': None}
[3.202s] INFO:colcon.colcon_core.executor:Executing jobs using 'parallel' executor
[3.206s] DEBUG:colcon.colcon_parallel_executor.executor.parallel:run_until_complete
[3.207s] INFO:colcon.colcon_ros.task.ament_python.build:Building ROS package in '/mnt/c/ros2_ws/3-26-SRC/control' with build type 'ament_python'
[3.208s] Level 1:colcon.colcon_core.shell:create_environment_hook('control', 'ament_prefix_path')
[3.245s] INFO:colcon.colcon_core.plugin_system:Skipping extension 'colcon_core.shell.bat': Not used on non-Windows systems
[3.246s] INFO:colcon.colcon_core.shell:Creating environment hook '/mnt/c/ros2_ws/3-26-SRC/install/control/share/control/hook/ament_prefix_path.ps1'
[3.273s] INFO:colcon.colcon_core.shell:Creating environment descriptor '/mnt/c/ros2_ws/3-26-SRC/install/control/share/control/hook/ament_prefix_path.dsv'
[3.296s] INFO:colcon.colcon_core.shell:Creating environment hook '/mnt/c/ros2_ws/3-26-SRC/install/control/share/control/hook/ament_prefix_path.sh'
[3.320s] INFO:colcon.colcon_core.shell:Skip shell extension 'powershell' for command environment: Not usable outside of PowerShell
[3.321s] DEBUG:colcon.colcon_core.shell:Skip shell extension 'dsv' for command environment
[6.021s] INFO:colcon.colcon_core.task.python.build:Building Python package in '/mnt/c/ros2_ws/3-26-SRC/control'
[6.022s] INFO:colcon.colcon_core.shell:Skip shell extension 'powershell' for command environment: Not usable outside of PowerShell
[6.022s] DEBUG:colcon.colcon_core.shell:Skip shell extension 'dsv' for command environment
[10.094s] DEBUG:colcon.colcon_core.event_handler.log_command:Invoking command in '/mnt/c/ros2_ws/3-26-SRC/control': PYTHONPATH=/mnt/c/ros2_ws/3-26-SRC/build/control/prefix_override:/usr/lib/python3/dist-packages/colcon_core/task/python/colcon_distutils_commands:/mnt/c/ros2_ws/3-26-SRC/install/control/lib/python3.10/site-packages:${PYTHONPATH} /usr/bin/python3 -W ignore:setup.py install is deprecated -W ignore:easy_install command is deprecated setup.py egg_info --egg-base ../build/control build --build-base /mnt/c/ros2_ws/3-26-SRC/build/control/build install --record /mnt/c/ros2_ws/3-26-SRC/build/control/install.log --single-version-externally-managed install_data
[14.507s] DEBUG:colcon.colcon_core.event_handler.log_command:Invoked command in '/mnt/c/ros2_ws/3-26-SRC/control' returned '0': PYTHONPATH=/mnt/c/ros2_ws/3-26-SRC/build/control/prefix_override:/usr/lib/python3/dist-packages/colcon_core/task/python/colcon_distutils_commands:/mnt/c/ros2_ws/3-26-SRC/install/control/lib/python3.10/site-packages:${PYTHONPATH} /usr/bin/python3 -W ignore:setup.py install is deprecated -W ignore:easy_install command is deprecated setup.py egg_info --egg-base ../build/control build --build-base /mnt/c/ros2_ws/3-26-SRC/build/control/build install --record /mnt/c/ros2_ws/3-26-SRC/build/control/install.log --single-version-externally-managed install_data
[14.546s] Level 1:colcon.colcon_core.environment:checking '/mnt/c/ros2_ws/3-26-SRC/install/control' for CMake module files
[14.631s] Level 1:colcon.colcon_core.environment:checking '/mnt/c/ros2_ws/3-26-SRC/install/control' for CMake config files
[14.788s] Level 1:colcon.colcon_core.environment:checking '/mnt/c/ros2_ws/3-26-SRC/install/control/lib'
[14.795s] Level 1:colcon.colcon_core.environment:checking '/mnt/c/ros2_ws/3-26-SRC/install/control/bin'
[14.797s] Level 1:colcon.colcon_core.environment:checking '/mnt/c/ros2_ws/3-26-SRC/install/control/lib/pkgconfig/control.pc'
[14.800s] Level 1:colcon.colcon_core.environment:checking '/mnt/c/ros2_ws/3-26-SRC/install/control/lib/python3.10/site-packages'
[14.804s] Level 1:colcon.colcon_core.shell:create_environment_hook('control', 'pythonpath')
[14.805s] INFO:colcon.colcon_core.shell:Creating environment hook '/mnt/c/ros2_ws/3-26-SRC/install/control/share/control/hook/pythonpath.ps1'
[14.831s] INFO:colcon.colcon_core.shell:Creating environment descriptor '/mnt/c/ros2_ws/3-26-SRC/install/control/share/control/hook/pythonpath.dsv'
[14.853s] INFO:colcon.colcon_core.shell:Creating environment hook '/mnt/c/ros2_ws/3-26-SRC/install/control/share/control/hook/pythonpath.sh'
[14.876s] Level 1:colcon.colcon_core.environment:checking '/mnt/c/ros2_ws/3-26-SRC/install/control/bin'
[14.879s] Level 1:colcon.colcon_core.environment:create_environment_scripts_only(control)
[14.880s] INFO:colcon.colcon_core.shell:Creating package script '/mnt/c/ros2_ws/3-26-SRC/install/control/share/control/package.ps1'
[14.901s] INFO:colcon.colcon_core.shell:Creating package descriptor '/mnt/c/ros2_ws/3-26-SRC/install/control/share/control/package.dsv'
[14.919s] INFO:colcon.colcon_core.shell:Creating package script '/mnt/c/ros2_ws/3-26-SRC/install/control/share/control/package.sh'
[14.941s] INFO:colcon.colcon_core.shell:Creating package script '/mnt/c/ros2_ws/3-26-SRC/install/control/share/control/package.bash'
[14.958s] INFO:colcon.colcon_core.shell:Creating package script '/mnt/c/ros2_ws/3-26-SRC/install/control/share/control/package.zsh'
[14.977s] Level 1:colcon.colcon_core.environment:create_file_with_runtime_dependencies(/mnt/c/ros2_ws/3-26-SRC/install/control/share/colcon-core/packages/control)
[14.991s] DEBUG:colcon.colcon_parallel_executor.executor.parallel:closing loop
[14.992s] DEBUG:colcon.colcon_parallel_executor.executor.parallel:loop closed
[14.993s] DEBUG:colcon.colcon_parallel_executor.executor.parallel:run_until_complete finished with '0'
[14.994s] DEBUG:colcon.colcon_core.event_reactor:joining thread
[15.113s] INFO:colcon.colcon_core.plugin_system:Skipping extension 'colcon_notification.desktop_notification.notify_send': Could not find 'notify-send'
[15.114s] INFO:colcon.colcon_core.plugin_system:Skipping extension 'colcon_notification.desktop_notification.terminal_notifier': Not used on non-Darwin systems
[15.114s] INFO:colcon.colcon_core.plugin_system:Skipping extension 'colcon_notification.desktop_notification.win32': Not used on non-Windows systems
[15.115s] INFO:colcon.colcon_notification.desktop_notification:Sending desktop notification using 'notify2'
[15.115s] DEBUG:colcon.colcon_notification.desktop_notification.notify2:Failed to initialize notify2: org.freedesktop.DBus.Error.FileNotFound: Failed to connect to socket /run/user/1000/bus: No such file or directory
[15.116s] DEBUG:colcon.colcon_core.event_reactor:joined thread
[15.117s] INFO:colcon.colcon_core.shell:Creating prefix script '/mnt/c/ros2_ws/3-26-SRC/install/local_setup.ps1'
[15.127s] INFO:colcon.colcon_core.shell:Creating prefix util module '/mnt/c/ros2_ws/3-26-SRC/install/_local_setup_util_ps1.py'
[15.140s] INFO:colcon.colcon_core.shell:Creating prefix chain script '/mnt/c/ros2_ws/3-26-SRC/install/setup.ps1'
[15.197s] INFO:colcon.colcon_core.shell:Creating prefix script '/mnt/c/ros2_ws/3-26-SRC/install/local_setup.sh'
[15.207s] INFO:colcon.colcon_core.shell:Creating prefix util module '/mnt/c/ros2_ws/3-26-SRC/install/_local_setup_util_sh.py'
[15.217s] INFO:colcon.colcon_core.shell:Creating prefix chain script '/mnt/c/ros2_ws/3-26-SRC/install/setup.sh'
[15.272s] INFO:colcon.colcon_core.shell:Creating prefix script '/mnt/c/ros2_ws/3-26-SRC/install/local_setup.bash'
[15.283s] INFO:colcon.colcon_core.shell:Creating prefix chain script '/mnt/c/ros2_ws/3-26-SRC/install/setup.bash'
[15.331s] INFO:colcon.colcon_core.shell:Creating prefix script '/mnt/c/ros2_ws/3-26-SRC/install/local_setup.zsh'
[15.340s] INFO:colcon.colcon_core.shell:Creating prefix chain script '/mnt/c/ros2_ws/3-26-SRC/install/setup.zsh'
