[2.857s] Invoking command in '/mnt/c/ros2_ws/3-26-src/control': PYTHONPATH=/mnt/c/ros2_ws/3-26-src/build/control/prefix_override:/usr/lib/python3/dist-packages/colcon_core/task/python/colcon_distutils_commands:/mnt/c/ros2_ws/3-26-src/install/control/lib/python3.10/site-packages:${PYTHONPATH} /usr/bin/python3 -W ignore:setup.py install is deprecated -W ignore:easy_install command is deprecated setup.py egg_info --egg-base ../build/control build --build-base /mnt/c/ros2_ws/3-26-src/build/control/build install --record /mnt/c/ros2_ws/3-26-src/build/control/install.log --single-version-externally-managed install_data
[3.975s] running egg_info
[3.989s] writing ../build/control/control.egg-info/PKG-INFO
[4.001s] writing dependency_links to ../build/control/control.egg-info/dependency_links.txt
[4.012s] writing entry points to ../build/control/control.egg-info/entry_points.txt
[4.020s] writing requirements to ../build/control/control.egg-info/requires.txt
[4.027s] writing top-level names to ../build/control/control.egg-info/top_level.txt
[4.084s] reading manifest file '../build/control/control.egg-info/SOURCES.txt'
[4.190s] writing manifest file '../build/control/control.egg-info/SOURCES.txt'
[4.196s] running build
[4.197s] running build_py
[4.310s] running install
[4.312s] running install_lib
[4.598s] running install_data
[4.633s] running install_egg_info
[4.649s] removing '/mnt/c/ros2_ws/3-26-src/install/control/lib/python3.10/site-packages/control-0.0.0-py3.10.egg-info' (and everything under it)
[4.726s] Copying ../build/control/control.egg-info to /mnt/c/ros2_ws/3-26-src/install/control/lib/python3.10/site-packages/control-0.0.0-py3.10.egg-info
[5.071s] running install_scripts
[5.176s] Installing midterm2 script to /mnt/c/ros2_ws/3-26-src/install/control/lib/control
[5.194s] writing list of installed files to '/mnt/c/ros2_ws/3-26-src/build/control/install.log'
[5.245s] Invoked command in '/mnt/c/ros2_ws/3-26-src/control' returned '0': PYTHONPATH=/mnt/c/ros2_ws/3-26-src/build/control/prefix_override:/usr/lib/python3/dist-packages/colcon_core/task/python/colcon_distutils_commands:/mnt/c/ros2_ws/3-26-src/install/control/lib/python3.10/site-packages:${PYTHONPATH} /usr/bin/python3 -W ignore:setup.py install is deprecated -W ignore:easy_install command is deprecated setup.py egg_info --egg-base ../build/control build --build-base /mnt/c/ros2_ws/3-26-src/build/control/build install --record /mnt/c/ros2_ws/3-26-src/build/control/install.log --single-version-externally-managed install_data
