running egg_info
creating ../../build/pub_sub/pub_sub.egg-info
writing ../../build/pub_sub/pub_sub.egg-info/PKG-INFO
writing dependency_links to ../../build/pub_sub/pub_sub.egg-info/dependency_links.txt
writing entry points to ../../build/pub_sub/pub_sub.egg-info/entry_points.txt
writing requirements to ../../build/pub_sub/pub_sub.egg-info/requires.txt
writing top-level names to ../../build/pub_sub/pub_sub.egg-info/top_level.txt
writing manifest file '../../build/pub_sub/pub_sub.egg-info/SOURCES.txt'
reading manifest file '../../build/pub_sub/pub_sub.egg-info/SOURCES.txt'
writing manifest file '../../build/pub_sub/pub_sub.egg-info/SOURCES.txt'
running build
running build_py
creating /mnt/c/ros2_ws/build/pub_sub/build
creating /mnt/c/ros2_ws/build/pub_sub/build/lib
creating /mnt/c/ros2_ws/build/pub_sub/build/lib/pub_sub
copying pub_sub/pub.py -> /mnt/c/ros2_ws/build/pub_sub/build/lib/pub_sub
copying pub_sub/sub.py -> /mnt/c/ros2_ws/build/pub_sub/build/lib/pub_sub
copying pub_sub/__init__.py -> /mnt/c/ros2_ws/build/pub_sub/build/lib/pub_sub
running install
running install_lib
creating /mnt/c/ros2_ws/install/pub_sub/lib/python3.10/site-packages/pub_sub
copying /mnt/c/ros2_ws/build/pub_sub/build/lib/pub_sub/pub.py -> /mnt/c/ros2_ws/install/pub_sub/lib/python3.10/site-packages/pub_sub
copying /mnt/c/ros2_ws/build/pub_sub/build/lib/pub_sub/sub.py -> /mnt/c/ros2_ws/install/pub_sub/lib/python3.10/site-packages/pub_sub
copying /mnt/c/ros2_ws/build/pub_sub/build/lib/pub_sub/__init__.py -> /mnt/c/ros2_ws/install/pub_sub/lib/python3.10/site-packages/pub_sub
byte-compiling /mnt/c/ros2_ws/install/pub_sub/lib/python3.10/site-packages/pub_sub/pub.py to pub.cpython-310.pyc
byte-compiling /mnt/c/ros2_ws/install/pub_sub/lib/python3.10/site-packages/pub_sub/sub.py to sub.cpython-310.pyc
byte-compiling /mnt/c/ros2_ws/install/pub_sub/lib/python3.10/site-packages/pub_sub/__init__.py to __init__.cpython-310.pyc
running install_data
creating /mnt/c/ros2_ws/install/pub_sub/share/ament_index
creating /mnt/c/ros2_ws/install/pub_sub/share/ament_index/resource_index
creating /mnt/c/ros2_ws/install/pub_sub/share/ament_index/resource_index/packages
copying resource/pub_sub -> /mnt/c/ros2_ws/install/pub_sub/share/ament_index/resource_index/packages
copying package.xml -> /mnt/c/ros2_ws/install/pub_sub/share/pub_sub
running install_egg_info
Copying ../../build/pub_sub/pub_sub.egg-info to /mnt/c/ros2_ws/install/pub_sub/lib/python3.10/site-packages/pub_sub-0.0.0-py3.10.egg-info
running install_scripts
Installing pub script to /mnt/c/ros2_ws/install/pub_sub/lib/pub_sub
Installing sub script to /mnt/c/ros2_ws/install/pub_sub/lib/pub_sub
writing list of installed files to '/mnt/c/ros2_ws/build/pub_sub/install.log'
