[4.093s] Invoking command in '/mnt/c/ros2_ws/src/pub_sub': PYTHONPATH=/mnt/c/ros2_ws/build/pub_sub/prefix_override:/usr/lib/python3/dist-packages/colcon_core/task/python/colcon_distutils_commands:/mnt/c/ros2_ws/install/pub_sub/lib/python3.10/site-packages:${PYTHONPATH} /usr/bin/python3 -W ignore:setup.py install is deprecated -W ignore:easy_install command is deprecated setup.py egg_info --egg-base ../../build/pub_sub build --build-base /mnt/c/ros2_ws/build/pub_sub/build install --record /mnt/c/ros2_ws/build/pub_sub/install.log --single-version-externally-managed install_data
[5.475s] running egg_info
[5.486s] writing ../../build/pub_sub/pub_sub.egg-info/PKG-INFO
[5.499s] writing dependency_links to ../../build/pub_sub/pub_sub.egg-info/dependency_links.txt
[5.511s] writing entry points to ../../build/pub_sub/pub_sub.egg-info/entry_points.txt
[5.524s] writing requirements to ../../build/pub_sub/pub_sub.egg-info/requires.txt
[5.531s] writing top-level names to ../../build/pub_sub/pub_sub.egg-info/top_level.txt
[5.606s] reading manifest file '../../build/pub_sub/pub_sub.egg-info/SOURCES.txt'
[5.731s] writing manifest file '../../build/pub_sub/pub_sub.egg-info/SOURCES.txt'
[5.737s] running build
[5.739s] running build_py
[5.820s] running install
[5.822s] running install_lib
[6.051s] running install_data
[6.091s] running install_egg_info
[6.112s] removing '/mnt/c/ros2_ws/install/pub_sub/lib/python3.10/site-packages/pub_sub-0.0.0-py3.10.egg-info' (and everything under it)
[6.215s] Copying ../../build/pub_sub/pub_sub.egg-info to /mnt/c/ros2_ws/install/pub_sub/lib/python3.10/site-packages/pub_sub-0.0.0-py3.10.egg-info
[6.699s] running install_scripts
[6.847s] Installing pub script to /mnt/c/ros2_ws/install/pub_sub/lib/pub_sub
[6.869s] Installing sub script to /mnt/c/ros2_ws/install/pub_sub/lib/pub_sub
[6.892s] writing list of installed files to '/mnt/c/ros2_ws/build/pub_sub/install.log'
[7.807s] Invoked command in '/mnt/c/ros2_ws/src/pub_sub' returned '0': PYTHONPATH=/mnt/c/ros2_ws/build/pub_sub/prefix_override:/usr/lib/python3/dist-packages/colcon_core/task/python/colcon_distutils_commands:/mnt/c/ros2_ws/install/pub_sub/lib/python3.10/site-packages:${PYTHONPATH} /usr/bin/python3 -W ignore:setup.py install is deprecated -W ignore:easy_install command is deprecated setup.py egg_info --egg-base ../../build/pub_sub build --build-base /mnt/c/ros2_ws/build/pub_sub/build install --record /mnt/c/ros2_ws/build/pub_sub/install.log --single-version-externally-managed install_data
