[1.902s] DEBUG:colcon:Command line arguments: ['/usr/bin/colcon', 'build']
[1.903s] DEBUG:colcon:Parsed command line arguments: Namespace(log_base=None, log_level=None, verb_name='build', build_base='build', install_base='install', merge_install=False, symlink_install=False, test_result_base=None, continue_on_error=False, executor='parallel', parallel_workers=8, event_handlers=None, ignore_user_meta=False, metas=['./colcon.meta'], base_paths=['.'], packages_ignore=None, packages_ignore_regex=None, paths=None, packages_up_to=None, packages_up_to_regex=None, packages_above=None, packages_above_and_dependencies=None, packages_above_depth=None, packages_select_by_dep=None, packages_skip_by_dep=None, packages_skip_up_to=None, packages_select_build_failed=False, packages_skip_build_finished=False, packages_select_test_failures=False, packages_skip_test_passed=False, packages_select=None, packages_skip=None, packages_select_regex=None, packages_skip_regex=None, packages_start=None, packages_end=None, allow_overriding=[], cmake_args=None, cmake_target=None, cmake_target_skip_unavailable=False, cmake_clean_cache=False, cmake_clean_first=False, cmake_force_configure=False, ament_cmake_args=None, catkin_cmake_args=None, catkin_skip_building_tests=False, mixin_files=None, mixin=None, verb_parser=<colcon_mixin.mixin.mixin_argument.MixinArgumentDecorator object at 0x7f9e839356f0>, verb_extension=<colcon_core.verb.build.BuildVerb object at 0x7f9e83935210>, main=<bound method BuildVerb.main of <colcon_core.verb.build.BuildVerb object at 0x7f9e83935210>>, mixin_verb=('build',))
[3.369s] Level 1:colcon.colcon_core.package_discovery:discover_packages(colcon_meta) check parameters
[3.370s] Level 1:colcon.colcon_core.package_discovery:discover_packages(recursive) check parameters
[3.371s] Level 1:colcon.colcon_core.package_discovery:discover_packages(ignore) check parameters
[3.371s] Level 1:colcon.colcon_core.package_discovery:discover_packages(path) check parameters
[3.371s] Level 1:colcon.colcon_core.package_discovery:discover_packages(colcon_meta) discover
[3.372s] Level 1:colcon.colcon_core.package_discovery:discover_packages(recursive) discover
[3.372s] INFO:colcon.colcon_core.package_discovery:Crawling recursively for packages in '/mnt/c/ros2_ws/3-26-SRC'
[3.375s] Level 1:colcon.colcon_core.package_identification:_identify(.) by extensions ['ignore', 'ignore_ament_install']
[3.375s] Level 1:colcon.colcon_core.package_identification:_identify(.) by extension 'ignore'
[3.376s] Level 1:colcon.colcon_core.package_identification:_identify(.) by extension 'ignore_ament_install'
[3.378s] Level 1:colcon.colcon_core.package_identification:_identify(.) by extensions ['colcon_pkg']
[3.378s] Level 1:colcon.colcon_core.package_identification:_identify(.) by extension 'colcon_pkg'
[3.379s] Level 1:colcon.colcon_core.package_identification:_identify(.) by extensions ['colcon_meta']
[3.379s] Level 1:colcon.colcon_core.package_identification:_identify(.) by extension 'colcon_meta'
[3.380s] Level 1:colcon.colcon_core.package_identification:_identify(.) by extensions ['ros']
[3.380s] Level 1:colcon.colcon_core.package_identification:_identify(.) by extension 'ros'
[3.423s] Level 1:colcon.colcon_core.package_identification:_identify(.) by extensions ['cmake', 'python']
[3.424s] Level 1:colcon.colcon_core.package_identification:_identify(.) by extension 'cmake'
[3.425s] Level 1:colcon.colcon_core.package_identification:_identify(.) by extension 'python'
[3.426s] Level 1:colcon.colcon_core.package_identification:_identify(.) by extensions ['python_setup_py']
[3.426s] Level 1:colcon.colcon_core.package_identification:_identify(.) by extension 'python_setup_py'
[3.432s] Level 1:colcon.colcon_core.package_identification:_identify(build) by extensions ['ignore', 'ignore_ament_install']
[3.433s] Level 1:colcon.colcon_core.package_identification:_identify(build) by extension 'ignore'
[3.436s] Level 1:colcon.colcon_core.package_identification:_identify(build) ignored
[3.440s] Level 1:colcon.colcon_core.package_identification:_identify(control) by extensions ['ignore', 'ignore_ament_install']
[3.441s] Level 1:colcon.colcon_core.package_identification:_identify(control) by extension 'ignore'
[3.443s] Level 1:colcon.colcon_core.package_identification:_identify(control) by extension 'ignore_ament_install'
[3.446s] Level 1:colcon.colcon_core.package_identification:_identify(control) by extensions ['colcon_pkg']
[3.446s] Level 1:colcon.colcon_core.package_identification:_identify(control) by extension 'colcon_pkg'
[3.448s] Level 1:colcon.colcon_core.package_identification:_identify(control) by extensions ['colcon_meta']
[3.448s] Level 1:colcon.colcon_core.package_identification:_identify(control) by extension 'colcon_meta'
[3.450s] Level 1:colcon.colcon_core.package_identification:_identify(control) by extensions ['ros']
[3.450s] Level 1:colcon.colcon_core.package_identification:_identify(control) by extension 'ros'
[3.472s] DEBUG:colcon.colcon_core.package_identification:Package 'control' with type 'ros.ament_python' and name 'control'
[3.477s] Level 1:colcon.colcon_core.package_identification:_identify(install) by extensions ['ignore', 'ignore_ament_install']
[3.477s] Level 1:colcon.colcon_core.package_identification:_identify(install) by extension 'ignore'
[3.480s] Level 1:colcon.colcon_core.package_identification:_identify(install) ignored
[3.487s] Level 1:colcon.colcon_core.package_identification:_identify(log) by extensions ['ignore', 'ignore_ament_install']
[3.487s] Level 1:colcon.colcon_core.package_identification:_identify(log) by extension 'ignore'
[3.489s] Level 1:colcon.colcon_core.package_identification:_identify(log) ignored
[3.489s] Level 1:colcon.colcon_core.package_discovery:discover_packages(recursive) using defaults
[3.490s] Level 1:colcon.colcon_core.package_discovery:discover_packages(ignore) discover
[3.490s] Level 1:colcon.colcon_core.package_discovery:discover_packages(ignore) using defaults
[3.490s] Level 1:colcon.colcon_core.package_discovery:discover_packages(path) discover
[3.491s] Level 1:colcon.colcon_core.package_discovery:discover_packages(path) using defaults
[3.773s] Level 1:colcon.colcon_core.package_discovery:discover_packages(prefix_path) check parameters
[3.773s] Level 1:colcon.colcon_core.package_discovery:discover_packages(prefix_path) discover
[3.863s] DEBUG:colcon.colcon_installed_package_information.package_discovery:Found 1 installed packages in /mnt/c/ros2_ws/3-26-SRC/install
[3.923s] DEBUG:colcon.colcon_installed_package_information.package_discovery:Found 3 installed packages in /mnt/c/ros2_ws/install
[3.933s] DEBUG:colcon.colcon_installed_package_information.package_discovery:Found 271 installed packages in /opt/ros/humble
[3.936s] Level 1:colcon.colcon_core.package_discovery:discover_packages(prefix_path) using defaults
[4.169s] Level 5:colcon.colcon_core.verb:set package 'control' build argument 'cmake_args' from command line to 'None'
[4.169s] Level 5:colcon.colcon_core.verb:set package 'control' build argument 'cmake_target' from command line to 'None'
[4.170s] Level 5:colcon.colcon_core.verb:set package 'control' build argument 'cmake_target_skip_unavailable' from command line to 'False'
[4.170s] Level 5:colcon.colcon_core.verb:set package 'control' build argument 'cmake_clean_cache' from command line to 'False'
[4.171s] Level 5:colcon.colcon_core.verb:set package 'control' build argument 'cmake_clean_first' from command line to 'False'
[4.171s] Level 5:colcon.colcon_core.verb:set package 'control' build argument 'cmake_force_configure' from command line to 'False'
[4.171s] Level 5:colcon.colcon_core.verb:set package 'control' build argument 'ament_cmake_args' from command line to 'None'
[4.171s] Level 5:colcon.colcon_core.verb:set package 'control' build argument 'catkin_cmake_args' from command line to 'None'
[4.172s] Level 5:colcon.colcon_core.verb:set package 'control' build argument 'catkin_skip_building_tests' from command line to 'False'
[4.172s] DEBUG:colcon.colcon_core.verb:Building package 'control' with the following arguments: {'ament_cmake_args': None, 'build_base': '/mnt/c/ros2_ws/3-26-SRC/build/control', 'catkin_cmake_args': None, 'catkin_skip_building_tests': False, 'cmake_args': None, 'cmake_clean_cache': False, 'cmake_clean_first': False, 'cmake_force_configure': False, 'cmake_target': None, 'cmake_target_skip_unavailable': False, 'install_base': '/mnt/c/ros2_ws/3-26-SRC/install/control', 'merge_install': False, 'path': '/mnt/c/ros2_ws/3-26-SRC/control', 'symlink_install': False, 'test_result_base': None}
[4.173s] INFO:colcon.colcon_core.executor:Executing jobs using 'parallel' executor
[4.175s] DEBUG:colcon.colcon_parallel_executor.executor.parallel:run_until_complete
[4.176s] INFO:colcon.colcon_ros.task.ament_python.build:Building ROS package in '/mnt/c/ros2_ws/3-26-SRC/control' with build type 'ament_python'
[4.177s] Level 1:colcon.colcon_core.shell:create_environment_hook('control', 'ament_prefix_path')
[4.221s] INFO:colcon.colcon_core.plugin_system:Skipping extension 'colcon_core.shell.bat': Not used on non-Windows systems
[4.222s] INFO:colcon.colcon_core.shell:Creating environment hook '/mnt/c/ros2_ws/3-26-SRC/install/control/share/control/hook/ament_prefix_path.ps1'
[4.247s] INFO:colcon.colcon_core.shell:Creating environment descriptor '/mnt/c/ros2_ws/3-26-SRC/install/control/share/control/hook/ament_prefix_path.dsv'
[4.270s] INFO:colcon.colcon_core.shell:Creating environment hook '/mnt/c/ros2_ws/3-26-SRC/install/control/share/control/hook/ament_prefix_path.sh'
[4.295s] INFO:colcon.colcon_core.shell:Skip shell extension 'powershell' for command environment: Not usable outside of PowerShell
[4.297s] DEBUG:colcon.colcon_core.shell:Skip shell extension 'dsv' for command environment
[7.069s] INFO:colcon.colcon_core.task.python.build:Building Python package in '/mnt/c/ros2_ws/3-26-SRC/control'
[7.070s] INFO:colcon.colcon_core.shell:Skip shell extension 'powershell' for command environment: Not usable outside of PowerShell
[7.071s] DEBUG:colcon.colcon_core.shell:Skip shell extension 'dsv' for command environment
[11.824s] DEBUG:colcon.colcon_core.event_handler.log_command:Invoking command in '/mnt/c/ros2_ws/3-26-SRC/control': PYTHONPATH=/mnt/c/ros2_ws/3-26-SRC/build/control/prefix_override:/usr/lib/python3/dist-packages/colcon_core/task/python/colcon_distutils_commands:/mnt/c/ros2_ws/3-26-SRC/install/control/lib/python3.10/site-packages:${PYTHONPATH} /usr/bin/python3 -W ignore:setup.py install is deprecated -W ignore:easy_install command is deprecated setup.py egg_info --egg-base ../build/control build --build-base /mnt/c/ros2_ws/3-26-SRC/build/control/build install --record /mnt/c/ros2_ws/3-26-SRC/build/control/install.log --single-version-externally-managed install_data
[16.959s] DEBUG:colcon.colcon_core.event_handler.log_command:Invoked command in '/mnt/c/ros2_ws/3-26-SRC/control' returned '0': PYTHONPATH=/mnt/c/ros2_ws/3-26-SRC/build/control/prefix_override:/usr/lib/python3/dist-packages/colcon_core/task/python/colcon_distutils_commands:/mnt/c/ros2_ws/3-26-SRC/install/control/lib/python3.10/site-packages:${PYTHONPATH} /usr/bin/python3 -W ignore:setup.py install is deprecated -W ignore:easy_install command is deprecated setup.py egg_info --egg-base ../build/control build --build-base /mnt/c/ros2_ws/3-26-SRC/build/control/build install --record /mnt/c/ros2_ws/3-26-SRC/build/control/install.log --single-version-externally-managed install_data
[17.001s] Level 1:colcon.colcon_core.environment:checking '/mnt/c/ros2_ws/3-26-SRC/install/control' for CMake module files
[17.088s] Level 1:colcon.colcon_core.environment:checking '/mnt/c/ros2_ws/3-26-SRC/install/control' for CMake config files
[17.249s] Level 1:colcon.colcon_core.environment:checking '/mnt/c/ros2_ws/3-26-SRC/install/control/lib'
[17.256s] Level 1:colcon.colcon_core.environment:checking '/mnt/c/ros2_ws/3-26-SRC/install/control/bin'
[17.258s] Level 1:colcon.colcon_core.environment:checking '/mnt/c/ros2_ws/3-26-SRC/install/control/lib/pkgconfig/control.pc'
[17.261s] Level 1:colcon.colcon_core.environment:checking '/mnt/c/ros2_ws/3-26-SRC/install/control/lib/python3.10/site-packages'
[17.266s] Level 1:colcon.colcon_core.shell:create_environment_hook('control', 'pythonpath')
[17.267s] INFO:colcon.colcon_core.shell:Creating environment hook '/mnt/c/ros2_ws/3-26-SRC/install/control/share/control/hook/pythonpath.ps1'
[17.290s] INFO:colcon.colcon_core.shell:Creating environment descriptor '/mnt/c/ros2_ws/3-26-SRC/install/control/share/control/hook/pythonpath.dsv'
[17.312s] INFO:colcon.colcon_core.shell:Creating environment hook '/mnt/c/ros2_ws/3-26-SRC/install/control/share/control/hook/pythonpath.sh'
[17.334s] Level 1:colcon.colcon_core.environment:checking '/mnt/c/ros2_ws/3-26-SRC/install/control/bin'
[17.336s] Level 1:colcon.colcon_core.environment:create_environment_scripts_only(control)
[17.337s] INFO:colcon.colcon_core.shell:Creating package script '/mnt/c/ros2_ws/3-26-SRC/install/control/share/control/package.ps1'
[17.365s] INFO:colcon.colcon_core.shell:Creating package descriptor '/mnt/c/ros2_ws/3-26-SRC/install/control/share/control/package.dsv'
[17.382s] INFO:colcon.colcon_core.shell:Creating package script '/mnt/c/ros2_ws/3-26-SRC/install/control/share/control/package.sh'
[17.401s] INFO:colcon.colcon_core.shell:Creating package script '/mnt/c/ros2_ws/3-26-SRC/install/control/share/control/package.bash'
[17.419s] INFO:colcon.colcon_core.shell:Creating package script '/mnt/c/ros2_ws/3-26-SRC/install/control/share/control/package.zsh'
[17.437s] Level 1:colcon.colcon_core.environment:create_file_with_runtime_dependencies(/mnt/c/ros2_ws/3-26-SRC/install/control/share/colcon-core/packages/control)
[17.451s] DEBUG:colcon.colcon_parallel_executor.executor.parallel:closing loop
[17.452s] DEBUG:colcon.colcon_parallel_executor.executor.parallel:loop closed
[17.453s] DEBUG:colcon.colcon_parallel_executor.executor.parallel:run_until_complete finished with '0'
[17.453s] DEBUG:colcon.colcon_core.event_reactor:joining thread
[17.575s] INFO:colcon.colcon_core.plugin_system:Skipping extension 'colcon_notification.desktop_notification.notify_send': Could not find 'notify-send'
[17.576s] INFO:colcon.colcon_core.plugin_system:Skipping extension 'colcon_notification.desktop_notification.terminal_notifier': Not used on non-Darwin systems
[17.576s] INFO:colcon.colcon_core.plugin_system:Skipping extension 'colcon_notification.desktop_notification.win32': Not used on non-Windows systems
[17.576s] INFO:colcon.colcon_notification.desktop_notification:Sending desktop notification using 'notify2'
[17.577s] DEBUG:colcon.colcon_notification.desktop_notification.notify2:Failed to initialize notify2: org.freedesktop.DBus.Error.FileNotFound: Failed to connect to socket /run/user/1000/bus: No such file or directory
[17.577s] DEBUG:colcon.colcon_core.event_reactor:joined thread
[17.578s] INFO:colcon.colcon_core.shell:Creating prefix script '/mnt/c/ros2_ws/3-26-SRC/install/local_setup.ps1'
[17.589s] INFO:colcon.colcon_core.shell:Creating prefix util module '/mnt/c/ros2_ws/3-26-SRC/install/_local_setup_util_ps1.py'
[17.600s] INFO:colcon.colcon_core.shell:Creating prefix chain script '/mnt/c/ros2_ws/3-26-SRC/install/setup.ps1'
[17.661s] INFO:colcon.colcon_core.shell:Creating prefix script '/mnt/c/ros2_ws/3-26-SRC/install/local_setup.sh'
[17.671s] INFO:colcon.colcon_core.shell:Creating prefix util module '/mnt/c/ros2_ws/3-26-SRC/install/_local_setup_util_sh.py'
[17.685s] INFO:colcon.colcon_core.shell:Creating prefix chain script '/mnt/c/ros2_ws/3-26-SRC/install/setup.sh'
[17.766s] INFO:colcon.colcon_core.shell:Creating prefix script '/mnt/c/ros2_ws/3-26-SRC/install/local_setup.bash'
[17.779s] INFO:colcon.colcon_core.shell:Creating prefix chain script '/mnt/c/ros2_ws/3-26-SRC/install/setup.bash'
[17.852s] INFO:colcon.colcon_core.shell:Creating prefix script '/mnt/c/ros2_ws/3-26-SRC/install/local_setup.zsh'
[17.870s] INFO:colcon.colcon_core.shell:Creating prefix chain script '/mnt/c/ros2_ws/3-26-SRC/install/setup.zsh'
