[3.022s] Invoking command in '/mnt/c/ros2_ws/3-26-src/control': PYTHONPATH=/mnt/c/ros2_ws/3-26-src/build/control/prefix_override:/usr/lib/python3/dist-packages/colcon_core/task/python/colcon_distutils_commands:/mnt/c/ros2_ws/3-26-src/install/control/lib/python3.10/site-packages:${PYTHONPATH} /usr/bin/python3 -W ignore:setup.py install is deprecated -W ignore:easy_install command is deprecated setup.py egg_info --egg-base ../build/control build --build-base /mnt/c/ros2_ws/3-26-src/build/control/build install --record /mnt/c/ros2_ws/3-26-src/build/control/install.log --single-version-externally-managed install_data
[4.129s] running egg_info
[4.136s] writing ../build/control/control.egg-info/PKG-INFO
[4.146s] writing dependency_links to ../build/control/control.egg-info/dependency_links.txt
[4.156s] writing entry points to ../build/control/control.egg-info/entry_points.txt
[4.164s] writing requirements to ../build/control/control.egg-info/requires.txt
[4.169s] writing top-level names to ../build/control/control.egg-info/top_level.txt
[4.228s] reading manifest file '../build/control/control.egg-info/SOURCES.txt'
[4.343s] writing manifest file '../build/control/control.egg-info/SOURCES.txt'
[4.349s] running build
[4.350s] running build_py
[4.521s] running install
[4.522s] running install_lib
[4.980s] running install_data
[5.008s] running install_egg_info
[5.023s] removing '/mnt/c/ros2_ws/3-26-src/install/control/lib/python3.10/site-packages/control-0.0.0-py3.10.egg-info' (and everything under it)
[5.103s] Copying ../build/control/control.egg-info to /mnt/c/ros2_ws/3-26-src/install/control/lib/python3.10/site-packages/control-0.0.0-py3.10.egg-info
[5.446s] running install_scripts
[5.574s] Installing ex1 script to /mnt/c/ros2_ws/3-26-src/install/control/lib/control
[5.589s] Installing midterm_ex script to /mnt/c/ros2_ws/3-26-src/install/control/lib/control
[5.606s] Installing startpublisher script to /mnt/c/ros2_ws/3-26-src/install/control/lib/control
[5.628s] writing list of installed files to '/mnt/c/ros2_ws/3-26-src/build/control/install.log'
[5.685s] Invoked command in '/mnt/c/ros2_ws/3-26-src/control' returned '0': PYTHONPATH=/mnt/c/ros2_ws/3-26-src/build/control/prefix_override:/usr/lib/python3/dist-packages/colcon_core/task/python/colcon_distutils_commands:/mnt/c/ros2_ws/3-26-src/install/control/lib/python3.10/site-packages:${PYTHONPATH} /usr/bin/python3 -W ignore:setup.py install is deprecated -W ignore:easy_install command is deprecated setup.py egg_info --egg-base ../build/control build --build-base /mnt/c/ros2_ws/3-26-src/build/control/build install --record /mnt/c/ros2_ws/3-26-src/build/control/install.log --single-version-externally-managed install_data
