[7.819s] Invoking command in '/mnt/c/ros2_ws/3-26-SRC/control': PYTHONPATH=/mnt/c/ros2_ws/3-26-SRC/build/control/prefix_override:/usr/lib/python3/dist-packages/colcon_core/task/python/colcon_distutils_commands:/mnt/c/ros2_ws/3-26-SRC/install/control/lib/python3.10/site-packages:${PYTHONPATH} /usr/bin/python3 -W ignore:setup.py install is deprecated -W ignore:easy_install command is deprecated setup.py egg_info --egg-base ../build/control build --build-base /mnt/c/ros2_ws/3-26-SRC/build/control/build install --record /mnt/c/ros2_ws/3-26-SRC/build/control/install.log --single-version-externally-managed install_data
[10.460s] running egg_info
[10.467s] writing ../build/control/control.egg-info/PKG-INFO
[10.477s] writing dependency_links to ../build/control/control.egg-info/dependency_links.txt
[10.488s] writing entry points to ../build/control/control.egg-info/entry_points.txt
[10.495s] writing requirements to ../build/control/control.egg-info/requires.txt
[10.501s] writing top-level names to ../build/control/control.egg-info/top_level.txt
[10.546s] reading manifest file '../build/control/control.egg-info/SOURCES.txt'
[10.622s] writing manifest file '../build/control/control.egg-info/SOURCES.txt'
[10.627s] running build
[10.629s] running build_py
[10.653s] copying control/ex1.py -> /mnt/c/ros2_ws/3-26-SRC/build/control/build/lib/control
[10.727s] running install
[10.729s] running install_lib
[10.783s] copying /mnt/c/ros2_ws/3-26-SRC/build/control/build/lib/control/ex1.py -> /mnt/c/ros2_ws/3-26-SRC/install/control/lib/python3.10/site-packages/control
[10.919s] byte-compiling /mnt/c/ros2_ws/3-26-SRC/install/control/lib/python3.10/site-packages/control/ex1.py to ex1.cpython-310.pyc
[10.949s] Sorry: IndentationError: expected an indented block after 'if' statement on line 64 (ex1.py, line 66)
[10.991s] running install_data
[11.033s] running install_egg_info
[11.069s] removing '/mnt/c/ros2_ws/3-26-SRC/install/control/lib/python3.10/site-packages/control-0.0.0-py3.10.egg-info' (and everything under it)
[11.161s] Copying ../build/control/control.egg-info to /mnt/c/ros2_ws/3-26-SRC/install/control/lib/python3.10/site-packages/control-0.0.0-py3.10.egg-info
[11.558s] running install_scripts
[11.888s] Installing ex1 script to /mnt/c/ros2_ws/3-26-SRC/install/control/lib/control
[11.913s] writing list of installed files to '/mnt/c/ros2_ws/3-26-SRC/build/control/install.log'
[11.999s] Invoked command in '/mnt/c/ros2_ws/3-26-SRC/control' returned '0': PYTHONPATH=/mnt/c/ros2_ws/3-26-SRC/build/control/prefix_override:/usr/lib/python3/dist-packages/colcon_core/task/python/colcon_distutils_commands:/mnt/c/ros2_ws/3-26-SRC/install/control/lib/python3.10/site-packages:${PYTHONPATH} /usr/bin/python3 -W ignore:setup.py install is deprecated -W ignore:easy_install command is deprecated setup.py egg_info --egg-base ../build/control build --build-base /mnt/c/ros2_ws/3-26-SRC/build/control/build install --record /mnt/c/ros2_ws/3-26-SRC/build/control/install.log --single-version-externally-managed install_data
