running egg_info
writing ../../build/pub_sub/pub_sub.egg-info/PKG-INFO
writing dependency_links to ../../build/pub_sub/pub_sub.egg-info/dependency_links.txt
writing entry points to ../../build/pub_sub/pub_sub.egg-info/entry_points.txt
writing requirements to ../../build/pub_sub/pub_sub.egg-info/requires.txt
writing top-level names to ../../build/pub_sub/pub_sub.egg-info/top_level.txt
reading manifest file '../../build/pub_sub/pub_sub.egg-info/SOURCES.txt'
writing manifest file '../../build/pub_sub/pub_sub.egg-info/SOURCES.txt'
running build
running build_py
running install
running install_lib
running install_data
running install_egg_info
removing '/mnt/c/ros2_ws/install/pub_sub/lib/python3.10/site-packages/pub_sub-0.0.0-py3.10.egg-info' (and everything under it)
Copying ../../build/pub_sub/pub_sub.egg-info to /mnt/c/ros2_ws/install/pub_sub/lib/python3.10/site-packages/pub_sub-0.0.0-py3.10.egg-info
running install_scripts
Installing pub script to /mnt/c/ros2_ws/install/pub_sub/lib/pub_sub
Installing sub script to /mnt/c/ros2_ws/install/pub_sub/lib/pub_sub
writing list of installed files to '/mnt/c/ros2_ws/build/pub_sub/install.log'
