[1.958s] DEBUG:colcon:Command line arguments: ['/usr/bin/colcon', 'build']
[1.960s] DEBUG:colcon:Parsed command line arguments: Namespace(log_base=None, log_level=None, verb_name='build', build_base='build', install_base='install', merge_install=False, symlink_install=False, test_result_base=None, continue_on_error=False, executor='parallel', parallel_workers=8, event_handlers=None, ignore_user_meta=False, metas=['./colcon.meta'], base_paths=['.'], packages_ignore=None, packages_ignore_regex=None, paths=None, packages_up_to=None, packages_up_to_regex=None, packages_above=None, packages_above_and_dependencies=None, packages_above_depth=None, packages_select_by_dep=None, packages_skip_by_dep=None, packages_skip_up_to=None, packages_select_build_failed=False, packages_skip_build_finished=False, packages_select_test_failures=False, packages_skip_test_passed=False, packages_select=None, packages_skip=None, packages_select_regex=None, packages_skip_regex=None, packages_start=None, packages_end=None, allow_overriding=[], cmake_args=None, cmake_target=None, cmake_target_skip_unavailable=False, cmake_clean_cache=False, cmake_clean_first=False, cmake_force_configure=False, ament_cmake_args=None, catkin_cmake_args=None, catkin_skip_building_tests=False, mixin_files=None, mixin=None, verb_parser=<colcon_mixin.mixin.mixin_argument.MixinArgumentDecorator object at 0x7f0245bc16f0>, verb_extension=<colcon_core.verb.build.BuildVerb object at 0x7f0245bc1210>, main=<bound method BuildVerb.main of <colcon_core.verb.build.BuildVerb object at 0x7f0245bc1210>>, mixin_verb=('build',))
[3.408s] Level 1:colcon.colcon_core.package_discovery:discover_packages(colcon_meta) check parameters
[3.409s] Level 1:colcon.colcon_core.package_discovery:discover_packages(recursive) check parameters
[3.410s] Level 1:colcon.colcon_core.package_discovery:discover_packages(ignore) check parameters
[3.411s] Level 1:colcon.colcon_core.package_discovery:discover_packages(path) check parameters
[3.411s] Level 1:colcon.colcon_core.package_discovery:discover_packages(colcon_meta) discover
[3.412s] Level 1:colcon.colcon_core.package_discovery:discover_packages(recursive) discover
[3.412s] INFO:colcon.colcon_core.package_discovery:Crawling recursively for packages in '/mnt/c/ros2_ws/3-26-SRC'
[3.415s] Level 1:colcon.colcon_core.package_identification:_identify(.) by extensions ['ignore', 'ignore_ament_install']
[3.416s] Level 1:colcon.colcon_core.package_identification:_identify(.) by extension 'ignore'
[3.417s] Level 1:colcon.colcon_core.package_identification:_identify(.) by extension 'ignore_ament_install'
[3.418s] Level 1:colcon.colcon_core.package_identification:_identify(.) by extensions ['colcon_pkg']
[3.418s] Level 1:colcon.colcon_core.package_identification:_identify(.) by extension 'colcon_pkg'
[3.419s] Level 1:colcon.colcon_core.package_identification:_identify(.) by extensions ['colcon_meta']
[3.419s] Level 1:colcon.colcon_core.package_identification:_identify(.) by extension 'colcon_meta'
[3.420s] Level 1:colcon.colcon_core.package_identification:_identify(.) by extensions ['ros']
[3.420s] Level 1:colcon.colcon_core.package_identification:_identify(.) by extension 'ros'
[3.475s] Level 1:colcon.colcon_core.package_identification:_identify(.) by extensions ['cmake', 'python']
[3.476s] Level 1:colcon.colcon_core.package_identification:_identify(.) by extension 'cmake'
[3.477s] Level 1:colcon.colcon_core.package_identification:_identify(.) by extension 'python'
[3.478s] Level 1:colcon.colcon_core.package_identification:_identify(.) by extensions ['python_setup_py']
[3.478s] Level 1:colcon.colcon_core.package_identification:_identify(.) by extension 'python_setup_py'
[3.483s] Level 1:colcon.colcon_core.package_identification:_identify(build) by extensions ['ignore', 'ignore_ament_install']
[3.484s] Level 1:colcon.colcon_core.package_identification:_identify(build) by extension 'ignore'
[3.486s] Level 1:colcon.colcon_core.package_identification:_identify(build) ignored
[3.491s] Level 1:colcon.colcon_core.package_identification:_identify(control) by extensions ['ignore', 'ignore_ament_install']
[3.492s] Level 1:colcon.colcon_core.package_identification:_identify(control) by extension 'ignore'
[3.494s] Level 1:colcon.colcon_core.package_identification:_identify(control) by extension 'ignore_ament_install'
[3.498s] Level 1:colcon.colcon_core.package_identification:_identify(control) by extensions ['colcon_pkg']
[3.498s] Level 1:colcon.colcon_core.package_identification:_identify(control) by extension 'colcon_pkg'
[3.500s] Level 1:colcon.colcon_core.package_identification:_identify(control) by extensions ['colcon_meta']
[3.500s] Level 1:colcon.colcon_core.package_identification:_identify(control) by extension 'colcon_meta'
[3.502s] Level 1:colcon.colcon_core.package_identification:_identify(control) by extensions ['ros']
[3.502s] Level 1:colcon.colcon_core.package_identification:_identify(control) by extension 'ros'
[3.524s] DEBUG:colcon.colcon_core.package_identification:Package 'control' with type 'ros.ament_python' and name 'control'
[3.529s] Level 1:colcon.colcon_core.package_identification:_identify(install) by extensions ['ignore', 'ignore_ament_install']
[3.529s] Level 1:colcon.colcon_core.package_identification:_identify(install) by extension 'ignore'
[3.531s] Level 1:colcon.colcon_core.package_identification:_identify(install) ignored
[3.541s] Level 1:colcon.colcon_core.package_identification:_identify(log) by extensions ['ignore', 'ignore_ament_install']
[3.541s] Level 1:colcon.colcon_core.package_identification:_identify(log) by extension 'ignore'
[3.542s] Level 1:colcon.colcon_core.package_identification:_identify(log) ignored
[3.543s] Level 1:colcon.colcon_core.package_discovery:discover_packages(recursive) using defaults
[3.543s] Level 1:colcon.colcon_core.package_discovery:discover_packages(ignore) discover
[3.544s] Level 1:colcon.colcon_core.package_discovery:discover_packages(ignore) using defaults
[3.544s] Level 1:colcon.colcon_core.package_discovery:discover_packages(path) discover
[3.544s] Level 1:colcon.colcon_core.package_discovery:discover_packages(path) using defaults
[3.856s] Level 1:colcon.colcon_core.package_discovery:discover_packages(prefix_path) check parameters
[3.857s] Level 1:colcon.colcon_core.package_discovery:discover_packages(prefix_path) discover
[3.951s] DEBUG:colcon.colcon_installed_package_information.package_discovery:Found 1 installed packages in /mnt/c/ros2_ws/3-26-SRC/install
[4.008s] DEBUG:colcon.colcon_installed_package_information.package_discovery:Found 3 installed packages in /mnt/c/ros2_ws/install
[4.023s] DEBUG:colcon.colcon_installed_package_information.package_discovery:Found 271 installed packages in /opt/ros/humble
[4.026s] Level 1:colcon.colcon_core.package_discovery:discover_packages(prefix_path) using defaults
[4.261s] Level 5:colcon.colcon_core.verb:set package 'control' build argument 'cmake_args' from command line to 'None'
[4.262s] Level 5:colcon.colcon_core.verb:set package 'control' build argument 'cmake_target' from command line to 'None'
[4.263s] Level 5:colcon.colcon_core.verb:set package 'control' build argument 'cmake_target_skip_unavailable' from command line to 'False'
[4.263s] Level 5:colcon.colcon_core.verb:set package 'control' build argument 'cmake_clean_cache' from command line to 'False'
[4.264s] Level 5:colcon.colcon_core.verb:set package 'control' build argument 'cmake_clean_first' from command line to 'False'
[4.264s] Level 5:colcon.colcon_core.verb:set package 'control' build argument 'cmake_force_configure' from command line to 'False'
[4.264s] Level 5:colcon.colcon_core.verb:set package 'control' build argument 'ament_cmake_args' from command line to 'None'
[4.265s] Level 5:colcon.colcon_core.verb:set package 'control' build argument 'catkin_cmake_args' from command line to 'None'
[4.265s] Level 5:colcon.colcon_core.verb:set package 'control' build argument 'catkin_skip_building_tests' from command line to 'False'
[4.265s] DEBUG:colcon.colcon_core.verb:Building package 'control' with the following arguments: {'ament_cmake_args': None, 'build_base': '/mnt/c/ros2_ws/3-26-SRC/build/control', 'catkin_cmake_args': None, 'catkin_skip_building_tests': False, 'cmake_args': None, 'cmake_clean_cache': False, 'cmake_clean_first': False, 'cmake_force_configure': False, 'cmake_target': None, 'cmake_target_skip_unavailable': False, 'install_base': '/mnt/c/ros2_ws/3-26-SRC/install/control', 'merge_install': False, 'path': '/mnt/c/ros2_ws/3-26-SRC/control', 'symlink_install': False, 'test_result_base': None}
[4.266s] INFO:colcon.colcon_core.executor:Executing jobs using 'parallel' executor
[4.269s] DEBUG:colcon.colcon_parallel_executor.executor.parallel:run_until_complete
[4.270s] INFO:colcon.colcon_ros.task.ament_python.build:Building ROS package in '/mnt/c/ros2_ws/3-26-SRC/control' with build type 'ament_python'
[4.271s] Level 1:colcon.colcon_core.shell:create_environment_hook('control', 'ament_prefix_path')
[4.311s] INFO:colcon.colcon_core.plugin_system:Skipping extension 'colcon_core.shell.bat': Not used on non-Windows systems
[4.312s] INFO:colcon.colcon_core.shell:Creating environment hook '/mnt/c/ros2_ws/3-26-SRC/install/control/share/control/hook/ament_prefix_path.ps1'
[4.334s] INFO:colcon.colcon_core.shell:Creating environment descriptor '/mnt/c/ros2_ws/3-26-SRC/install/control/share/control/hook/ament_prefix_path.dsv'
[4.356s] INFO:colcon.colcon_core.shell:Creating environment hook '/mnt/c/ros2_ws/3-26-SRC/install/control/share/control/hook/ament_prefix_path.sh'
[4.380s] INFO:colcon.colcon_core.shell:Skip shell extension 'powershell' for command environment: Not usable outside of PowerShell
[4.381s] DEBUG:colcon.colcon_core.shell:Skip shell extension 'dsv' for command environment
[7.011s] INFO:colcon.colcon_core.task.python.build:Building Python package in '/mnt/c/ros2_ws/3-26-SRC/control'
[7.012s] INFO:colcon.colcon_core.shell:Skip shell extension 'powershell' for command environment: Not usable outside of PowerShell
[7.013s] DEBUG:colcon.colcon_core.shell:Skip shell extension 'dsv' for command environment
[8.665s] DEBUG:colcon.colcon_core.event_handler.log_command:Invoking command in '/mnt/c/ros2_ws/3-26-SRC/control': PYTHONPATH=/mnt/c/ros2_ws/3-26-SRC/build/control/prefix_override:/usr/lib/python3/dist-packages/colcon_core/task/python/colcon_distutils_commands:/mnt/c/ros2_ws/3-26-SRC/install/control/lib/python3.10/site-packages:${PYTHONPATH} /usr/bin/python3 -W ignore:setup.py install is deprecated -W ignore:easy_install command is deprecated setup.py egg_info --egg-base ../build/control build --build-base /mnt/c/ros2_ws/3-26-SRC/build/control/build install --record /mnt/c/ros2_ws/3-26-SRC/build/control/install.log --single-version-externally-managed install_data
[12.893s] DEBUG:colcon.colcon_core.event_handler.log_command:Invoked command in '/mnt/c/ros2_ws/3-26-SRC/control' returned '0': PYTHONPATH=/mnt/c/ros2_ws/3-26-SRC/build/control/prefix_override:/usr/lib/python3/dist-packages/colcon_core/task/python/colcon_distutils_commands:/mnt/c/ros2_ws/3-26-SRC/install/control/lib/python3.10/site-packages:${PYTHONPATH} /usr/bin/python3 -W ignore:setup.py install is deprecated -W ignore:easy_install command is deprecated setup.py egg_info --egg-base ../build/control build --build-base /mnt/c/ros2_ws/3-26-SRC/build/control/build install --record /mnt/c/ros2_ws/3-26-SRC/build/control/install.log --single-version-externally-managed install_data
[12.929s] Level 1:colcon.colcon_core.environment:checking '/mnt/c/ros2_ws/3-26-SRC/install/control' for CMake module files
[13.010s] Level 1:colcon.colcon_core.environment:checking '/mnt/c/ros2_ws/3-26-SRC/install/control' for CMake config files
[13.142s] Level 1:colcon.colcon_core.environment:checking '/mnt/c/ros2_ws/3-26-SRC/install/control/lib'
[13.149s] Level 1:colcon.colcon_core.environment:checking '/mnt/c/ros2_ws/3-26-SRC/install/control/bin'
[13.151s] Level 1:colcon.colcon_core.environment:checking '/mnt/c/ros2_ws/3-26-SRC/install/control/lib/pkgconfig/control.pc'
[13.154s] Level 1:colcon.colcon_core.environment:checking '/mnt/c/ros2_ws/3-26-SRC/install/control/lib/python3.10/site-packages'
[13.158s] Level 1:colcon.colcon_core.shell:create_environment_hook('control', 'pythonpath')
[13.159s] INFO:colcon.colcon_core.shell:Creating environment hook '/mnt/c/ros2_ws/3-26-SRC/install/control/share/control/hook/pythonpath.ps1'
[13.181s] INFO:colcon.colcon_core.shell:Creating environment descriptor '/mnt/c/ros2_ws/3-26-SRC/install/control/share/control/hook/pythonpath.dsv'
[13.202s] INFO:colcon.colcon_core.shell:Creating environment hook '/mnt/c/ros2_ws/3-26-SRC/install/control/share/control/hook/pythonpath.sh'
[13.225s] Level 1:colcon.colcon_core.environment:checking '/mnt/c/ros2_ws/3-26-SRC/install/control/bin'
[13.227s] Level 1:colcon.colcon_core.environment:create_environment_scripts_only(control)
[13.228s] INFO:colcon.colcon_core.shell:Creating package script '/mnt/c/ros2_ws/3-26-SRC/install/control/share/control/package.ps1'
[13.256s] INFO:colcon.colcon_core.shell:Creating package descriptor '/mnt/c/ros2_ws/3-26-SRC/install/control/share/control/package.dsv'
[13.277s] INFO:colcon.colcon_core.shell:Creating package script '/mnt/c/ros2_ws/3-26-SRC/install/control/share/control/package.sh'
[13.298s] INFO:colcon.colcon_core.shell:Creating package script '/mnt/c/ros2_ws/3-26-SRC/install/control/share/control/package.bash'
[13.318s] INFO:colcon.colcon_core.shell:Creating package script '/mnt/c/ros2_ws/3-26-SRC/install/control/share/control/package.zsh'
[13.340s] Level 1:colcon.colcon_core.environment:create_file_with_runtime_dependencies(/mnt/c/ros2_ws/3-26-SRC/install/control/share/colcon-core/packages/control)
[13.354s] DEBUG:colcon.colcon_parallel_executor.executor.parallel:closing loop
[13.354s] DEBUG:colcon.colcon_parallel_executor.executor.parallel:loop closed
[13.356s] DEBUG:colcon.colcon_parallel_executor.executor.parallel:run_until_complete finished with '0'
[13.356s] DEBUG:colcon.colcon_core.event_reactor:joining thread
[13.487s] INFO:colcon.colcon_core.plugin_system:Skipping extension 'colcon_notification.desktop_notification.notify_send': Could not find 'notify-send'
[13.488s] INFO:colcon.colcon_core.plugin_system:Skipping extension 'colcon_notification.desktop_notification.terminal_notifier': Not used on non-Darwin systems
[13.489s] INFO:colcon.colcon_core.plugin_system:Skipping extension 'colcon_notification.desktop_notification.win32': Not used on non-Windows systems
[13.490s] INFO:colcon.colcon_notification.desktop_notification:Sending desktop notification using 'notify2'
[13.491s] DEBUG:colcon.colcon_notification.desktop_notification.notify2:Failed to initialize notify2: org.freedesktop.DBus.Error.FileNotFound: Failed to connect to socket /run/user/1000/bus: No such file or directory
[13.492s] DEBUG:colcon.colcon_core.event_reactor:joined thread
[13.493s] INFO:colcon.colcon_core.shell:Creating prefix script '/mnt/c/ros2_ws/3-26-SRC/install/local_setup.ps1'
[13.503s] INFO:colcon.colcon_core.shell:Creating prefix util module '/mnt/c/ros2_ws/3-26-SRC/install/_local_setup_util_ps1.py'
[13.519s] INFO:colcon.colcon_core.shell:Creating prefix chain script '/mnt/c/ros2_ws/3-26-SRC/install/setup.ps1'
[13.575s] INFO:colcon.colcon_core.shell:Creating prefix script '/mnt/c/ros2_ws/3-26-SRC/install/local_setup.sh'
[13.584s] INFO:colcon.colcon_core.shell:Creating prefix util module '/mnt/c/ros2_ws/3-26-SRC/install/_local_setup_util_sh.py'
[13.593s] INFO:colcon.colcon_core.shell:Creating prefix chain script '/mnt/c/ros2_ws/3-26-SRC/install/setup.sh'
[13.646s] INFO:colcon.colcon_core.shell:Creating prefix script '/mnt/c/ros2_ws/3-26-SRC/install/local_setup.bash'
[13.655s] INFO:colcon.colcon_core.shell:Creating prefix chain script '/mnt/c/ros2_ws/3-26-SRC/install/setup.bash'
[13.704s] INFO:colcon.colcon_core.shell:Creating prefix script '/mnt/c/ros2_ws/3-26-SRC/install/local_setup.zsh'
[13.712s] INFO:colcon.colcon_core.shell:Creating prefix chain script '/mnt/c/ros2_ws/3-26-SRC/install/setup.zsh'
