[3.305s] Invoking command in '/mnt/c/ros2_ws/3-26-src/control': PYTHONPATH=/mnt/c/ros2_ws/3-26-src/build/control/prefix_override:/usr/lib/python3/dist-packages/colcon_core/task/python/colcon_distutils_commands:/mnt/c/ros2_ws/3-26-src/install/control/lib/python3.10/site-packages:${PYTHONPATH} /usr/bin/python3 -W ignore:setup.py install is deprecated -W ignore:easy_install command is deprecated setup.py egg_info --egg-base ../build/control build --build-base /mnt/c/ros2_ws/3-26-src/build/control/build install --record /mnt/c/ros2_ws/3-26-src/build/control/install.log --single-version-externally-managed install_data
[4.382s] running egg_info
[4.388s] writing ../build/control/control.egg-info/PKG-INFO
[4.397s] writing dependency_links to ../build/control/control.egg-info/dependency_links.txt
[4.407s] writing entry points to ../build/control/control.egg-info/entry_points.txt
[4.415s] writing requirements to ../build/control/control.egg-info/requires.txt
[4.422s] writing top-level names to ../build/control/control.egg-info/top_level.txt
[4.478s] reading manifest file '../build/control/control.egg-info/SOURCES.txt'
[4.573s] writing manifest file '../build/control/control.egg-info/SOURCES.txt'
[4.578s] running build
[4.580s] running build_py
[4.598s] copying control/ex1.py -> /mnt/c/ros2_ws/3-26-src/build/control/build/lib/control
[4.738s] running install
[4.741s] running install_lib
[4.792s] copying /mnt/c/ros2_ws/3-26-src/build/control/build/lib/control/ex1.py -> /mnt/c/ros2_ws/3-26-src/install/control/lib/python3.10/site-packages/control
[5.005s] byte-compiling /mnt/c/ros2_ws/3-26-src/install/control/lib/python3.10/site-packages/control/ex1.py to ex1.cpython-310.pyc
[5.166s] running install_data
[5.199s] running install_egg_info
[5.214s] removing '/mnt/c/ros2_ws/3-26-src/install/control/lib/python3.10/site-packages/control-0.0.0-py3.10.egg-info' (and everything under it)
[5.291s] Copying ../build/control/control.egg-info to /mnt/c/ros2_ws/3-26-src/install/control/lib/python3.10/site-packages/control-0.0.0-py3.10.egg-info
[5.632s] running install_scripts
[5.728s] Installing midterm script to /mnt/c/ros2_ws/3-26-src/install/control/lib/control
[5.744s] Installing startpublisher script to /mnt/c/ros2_ws/3-26-src/install/control/lib/control
[5.765s] writing list of installed files to '/mnt/c/ros2_ws/3-26-src/build/control/install.log'
[5.815s] Invoked command in '/mnt/c/ros2_ws/3-26-src/control' returned '0': PYTHONPATH=/mnt/c/ros2_ws/3-26-src/build/control/prefix_override:/usr/lib/python3/dist-packages/colcon_core/task/python/colcon_distutils_commands:/mnt/c/ros2_ws/3-26-src/install/control/lib/python3.10/site-packages:${PYTHONPATH} /usr/bin/python3 -W ignore:setup.py install is deprecated -W ignore:easy_install command is deprecated setup.py egg_info --egg-base ../build/control build --build-base /mnt/c/ros2_ws/3-26-src/build/control/build install --record /mnt/c/ros2_ws/3-26-src/build/control/install.log --single-version-externally-managed install_data
