[2.877s] Invoking command in '/mnt/c/ros2_ws/3-26-src/control': PYTHONPATH=/mnt/c/ros2_ws/3-26-src/build/control/prefix_override:/usr/lib/python3/dist-packages/colcon_core/task/python/colcon_distutils_commands:/mnt/c/ros2_ws/3-26-src/install/control/lib/python3.10/site-packages:${PYTHONPATH} /usr/bin/python3 -W ignore:setup.py install is deprecated -W ignore:easy_install command is deprecated setup.py egg_info --egg-base ../build/control build --build-base /mnt/c/ros2_ws/3-26-src/build/control/build install --record /mnt/c/ros2_ws/3-26-src/build/control/install.log --single-version-externally-managed install_data
[3.909s] running egg_info
[3.917s] writing ../build/control/control.egg-info/PKG-INFO
[3.931s] writing dependency_links to ../build/control/control.egg-info/dependency_links.txt
[3.944s] writing entry points to ../build/control/control.egg-info/entry_points.txt
[3.952s] writing requirements to ../build/control/control.egg-info/requires.txt
[3.957s] writing top-level names to ../build/control/control.egg-info/top_level.txt
[4.007s] reading manifest file '../build/control/control.egg-info/SOURCES.txt'
[4.101s] writing manifest file '../build/control/control.egg-info/SOURCES.txt'
[4.106s] running build
[4.107s] running build_py
[4.190s] copying control/midterm3.py -> /mnt/c/ros2_ws/3-26-src/build/control/build/lib/control
[4.253s] running install
[4.254s] running install_lib
[4.401s] copying /mnt/c/ros2_ws/3-26-src/build/control/build/lib/control/midterm3.py -> /mnt/c/ros2_ws/3-26-src/install/control/lib/python3.10/site-packages/control
[4.563s] byte-compiling /mnt/c/ros2_ws/3-26-src/install/control/lib/python3.10/site-packages/control/midterm3.py to midterm3.cpython-310.pyc
[4.654s] running install_data
[4.686s] running install_egg_info
[4.701s] removing '/mnt/c/ros2_ws/3-26-src/install/control/lib/python3.10/site-packages/control-0.0.0-py3.10.egg-info' (and everything under it)
[4.780s] Copying ../build/control/control.egg-info to /mnt/c/ros2_ws/3-26-src/install/control/lib/python3.10/site-packages/control-0.0.0-py3.10.egg-info
[5.118s] running install_scripts
[5.217s] Installing midterm3 script to /mnt/c/ros2_ws/3-26-src/install/control/lib/control
[5.232s] Installing startpublisher script to /mnt/c/ros2_ws/3-26-src/install/control/lib/control
[5.251s] writing list of installed files to '/mnt/c/ros2_ws/3-26-src/build/control/install.log'
[5.304s] Invoked command in '/mnt/c/ros2_ws/3-26-src/control' returned '0': PYTHONPATH=/mnt/c/ros2_ws/3-26-src/build/control/prefix_override:/usr/lib/python3/dist-packages/colcon_core/task/python/colcon_distutils_commands:/mnt/c/ros2_ws/3-26-src/install/control/lib/python3.10/site-packages:${PYTHONPATH} /usr/bin/python3 -W ignore:setup.py install is deprecated -W ignore:easy_install command is deprecated setup.py egg_info --egg-base ../build/control build --build-base /mnt/c/ros2_ws/3-26-src/build/control/build install --record /mnt/c/ros2_ws/3-26-src/build/control/install.log --single-version-externally-managed install_data
