[2.736s] Invoking command in '/mnt/c/ros2_ws/3-26-src/control': PYTHONPATH=/mnt/c/ros2_ws/3-26-src/build/control/prefix_override:/usr/lib/python3/dist-packages/colcon_core/task/python/colcon_distutils_commands:/mnt/c/ros2_ws/3-26-src/install/control/lib/python3.10/site-packages:${PYTHONPATH} /usr/bin/python3 -W ignore:setup.py install is deprecated -W ignore:easy_install command is deprecated setup.py egg_info --egg-base ../build/control build --build-base /mnt/c/ros2_ws/3-26-src/build/control/build install --record /mnt/c/ros2_ws/3-26-src/build/control/install.log --single-version-externally-managed install_data
[3.818s] running egg_info
[3.825s] writing ../build/control/control.egg-info/PKG-INFO
[3.835s] writing dependency_links to ../build/control/control.egg-info/dependency_links.txt
[3.845s] writing entry points to ../build/control/control.egg-info/entry_points.txt
[3.854s] writing requirements to ../build/control/control.egg-info/requires.txt
[3.860s] writing top-level names to ../build/control/control.egg-info/top_level.txt
[3.920s] reading manifest file '../build/control/control.egg-info/SOURCES.txt'
[4.030s] writing manifest file '../build/control/control.egg-info/SOURCES.txt'
[4.036s] running build
[4.038s] running build_py
[4.176s] running install
[4.177s] running install_lib
[4.559s] running install_data
[4.588s] running install_egg_info
[4.604s] removing '/mnt/c/ros2_ws/3-26-src/install/control/lib/python3.10/site-packages/control-0.0.0-py3.10.egg-info' (and everything under it)
[4.698s] Copying ../build/control/control.egg-info to /mnt/c/ros2_ws/3-26-src/install/control/lib/python3.10/site-packages/control-0.0.0-py3.10.egg-info
[5.045s] running install_scripts
[5.154s] Installing midterm2 script to /mnt/c/ros2_ws/3-26-src/install/control/lib/control
[5.171s] Installing startpublisher script to /mnt/c/ros2_ws/3-26-src/install/control/lib/control
[5.194s] writing list of installed files to '/mnt/c/ros2_ws/3-26-src/build/control/install.log'
[5.258s] Invoked command in '/mnt/c/ros2_ws/3-26-src/control' returned '0': PYTHONPATH=/mnt/c/ros2_ws/3-26-src/build/control/prefix_override:/usr/lib/python3/dist-packages/colcon_core/task/python/colcon_distutils_commands:/mnt/c/ros2_ws/3-26-src/install/control/lib/python3.10/site-packages:${PYTHONPATH} /usr/bin/python3 -W ignore:setup.py install is deprecated -W ignore:easy_install command is deprecated setup.py egg_info --egg-base ../build/control build --build-base /mnt/c/ros2_ws/3-26-src/build/control/build install --record /mnt/c/ros2_ws/3-26-src/build/control/install.log --single-version-externally-managed install_data
