[3.753s] Invoking command in '/mnt/c/ros2_ws/src/pub_sub': PYTHONPATH=/mnt/c/ros2_ws/build/pub_sub/prefix_override:/usr/lib/python3/dist-packages/colcon_core/task/python/colcon_distutils_commands:/mnt/c/ros2_ws/install/pub_sub/lib/python3.10/site-packages:${PYTHONPATH} /usr/bin/python3 -W ignore:setup.py install is deprecated -W ignore:easy_install command is deprecated setup.py egg_info --egg-base ../../build/pub_sub build --build-base /mnt/c/ros2_ws/build/pub_sub/build install --record /mnt/c/ros2_ws/build/pub_sub/install.log --single-version-externally-managed install_data
[4.915s] running egg_info
[4.923s] writing ../../build/pub_sub/pub_sub.egg-info/PKG-INFO
[4.940s] writing dependency_links to ../../build/pub_sub/pub_sub.egg-info/dependency_links.txt
[4.954s] writing entry points to ../../build/pub_sub/pub_sub.egg-info/entry_points.txt
[4.966s] writing requirements to ../../build/pub_sub/pub_sub.egg-info/requires.txt
[4.976s] writing top-level names to ../../build/pub_sub/pub_sub.egg-info/top_level.txt
[5.041s] reading manifest file '../../build/pub_sub/pub_sub.egg-info/SOURCES.txt'
[5.164s] writing manifest file '../../build/pub_sub/pub_sub.egg-info/SOURCES.txt'
[5.172s] running build
[5.174s] running build_py
[5.246s] running install
[5.248s] running install_lib
[5.433s] running install_data
[5.483s] running install_egg_info
[5.501s] removing '/mnt/c/ros2_ws/install/pub_sub/lib/python3.10/site-packages/pub_sub-0.0.0-py3.10.egg-info' (and everything under it)
[5.592s] Copying ../../build/pub_sub/pub_sub.egg-info to /mnt/c/ros2_ws/install/pub_sub/lib/python3.10/site-packages/pub_sub-0.0.0-py3.10.egg-info
[5.958s] running install_scripts
[6.077s] Installing pub script to /mnt/c/ros2_ws/install/pub_sub/lib/pub_sub
[6.095s] Installing sub script to /mnt/c/ros2_ws/install/pub_sub/lib/pub_sub
[6.121s] writing list of installed files to '/mnt/c/ros2_ws/build/pub_sub/install.log'
[6.609s] Invoked command in '/mnt/c/ros2_ws/src/pub_sub' returned '0': PYTHONPATH=/mnt/c/ros2_ws/build/pub_sub/prefix_override:/usr/lib/python3/dist-packages/colcon_core/task/python/colcon_distutils_commands:/mnt/c/ros2_ws/install/pub_sub/lib/python3.10/site-packages:${PYTHONPATH} /usr/bin/python3 -W ignore:setup.py install is deprecated -W ignore:easy_install command is deprecated setup.py egg_info --egg-base ../../build/pub_sub build --build-base /mnt/c/ros2_ws/build/pub_sub/build install --record /mnt/c/ros2_ws/build/pub_sub/install.log --single-version-externally-managed install_data
