[5.695s] Invoking command in '/mnt/c/ros2_ws/src/pub_sub': PYTHONPATH=/mnt/c/ros2_ws/build/pub_sub/prefix_override:/usr/lib/python3/dist-packages/colcon_core/task/python/colcon_distutils_commands:/mnt/c/ros2_ws/install/pub_sub/lib/python3.10/site-packages:${PYTHONPATH} /usr/bin/python3 -W ignore:setup.py install is deprecated -W ignore:easy_install command is deprecated setup.py egg_info --egg-base ../../build/pub_sub build --build-base /mnt/c/ros2_ws/build/pub_sub/build install --record /mnt/c/ros2_ws/build/pub_sub/install.log --single-version-externally-managed install_data
[7.352s] running egg_info
[7.365s] writing ../../build/pub_sub/pub_sub.egg-info/PKG-INFO
[7.378s] writing dependency_links to ../../build/pub_sub/pub_sub.egg-info/dependency_links.txt
[7.387s] writing entry points to ../../build/pub_sub/pub_sub.egg-info/entry_points.txt
[7.396s] writing requirements to ../../build/pub_sub/pub_sub.egg-info/requires.txt
[7.402s] writing top-level names to ../../build/pub_sub/pub_sub.egg-info/top_level.txt
[7.463s] reading manifest file '../../build/pub_sub/pub_sub.egg-info/SOURCES.txt'
[7.601s] writing manifest file '../../build/pub_sub/pub_sub.egg-info/SOURCES.txt'
[7.609s] running build
[7.611s] running build_py
[7.684s] running install
[7.687s] running install_lib
[7.892s] running install_data
[7.936s] running install_egg_info
[7.957s] removing '/mnt/c/ros2_ws/install/pub_sub/lib/python3.10/site-packages/pub_sub-0.0.0-py3.10.egg-info' (and everything under it)
[8.053s] Copying ../../build/pub_sub/pub_sub.egg-info to /mnt/c/ros2_ws/install/pub_sub/lib/python3.10/site-packages/pub_sub-0.0.0-py3.10.egg-info
[8.453s] running install_scripts
[8.610s] Installing pub script to /mnt/c/ros2_ws/install/pub_sub/lib/pub_sub
[8.624s] Installing sub script to /mnt/c/ros2_ws/install/pub_sub/lib/pub_sub
[8.645s] writing list of installed files to '/mnt/c/ros2_ws/build/pub_sub/install.log'
[8.717s] Invoked command in '/mnt/c/ros2_ws/src/pub_sub' returned '0': PYTHONPATH=/mnt/c/ros2_ws/build/pub_sub/prefix_override:/usr/lib/python3/dist-packages/colcon_core/task/python/colcon_distutils_commands:/mnt/c/ros2_ws/install/pub_sub/lib/python3.10/site-packages:${PYTHONPATH} /usr/bin/python3 -W ignore:setup.py install is deprecated -W ignore:easy_install command is deprecated setup.py egg_info --egg-base ../../build/pub_sub build --build-base /mnt/c/ros2_ws/build/pub_sub/build install --record /mnt/c/ros2_ws/build/pub_sub/install.log --single-version-externally-managed install_data
