[2.927s] Invoking command in '/mnt/c/ros2_ws/3-26-src/control': PYTHONPATH=/mnt/c/ros2_ws/3-26-src/build/control/prefix_override:/usr/lib/python3/dist-packages/colcon_core/task/python/colcon_distutils_commands:/mnt/c/ros2_ws/3-26-src/install/control/lib/python3.10/site-packages:${PYTHONPATH} /usr/bin/python3 -W ignore:setup.py install is deprecated -W ignore:easy_install command is deprecated setup.py egg_info --egg-base ../build/control build --build-base /mnt/c/ros2_ws/3-26-src/build/control/build install --record /mnt/c/ros2_ws/3-26-src/build/control/install.log --single-version-externally-managed install_data
[3.948s] running egg_info
[3.954s] writing ../build/control/control.egg-info/PKG-INFO
[3.963s] writing dependency_links to ../build/control/control.egg-info/dependency_links.txt
[3.972s] writing entry points to ../build/control/control.egg-info/entry_points.txt
[3.979s] writing requirements to ../build/control/control.egg-info/requires.txt
[3.985s] writing top-level names to ../build/control/control.egg-info/top_level.txt
[4.037s] reading manifest file '../build/control/control.egg-info/SOURCES.txt'
[4.137s] writing manifest file '../build/control/control.egg-info/SOURCES.txt'
[4.143s] running build
[4.144s] running build_py
[4.224s] copying control/midterm3.py -> /mnt/c/ros2_ws/3-26-src/build/control/build/lib/control
[4.291s] running install
[4.292s] running install_lib
[4.433s] copying /mnt/c/ros2_ws/3-26-src/build/control/build/lib/control/midterm3.py -> /mnt/c/ros2_ws/3-26-src/install/control/lib/python3.10/site-packages/control
[4.601s] byte-compiling /mnt/c/ros2_ws/3-26-src/install/control/lib/python3.10/site-packages/control/midterm3.py to midterm3.cpython-310.pyc
[4.700s] running install_data
[4.730s] running install_egg_info
[4.746s] removing '/mnt/c/ros2_ws/3-26-src/install/control/lib/python3.10/site-packages/control-0.0.0-py3.10.egg-info' (and everything under it)
[4.814s] Copying ../build/control/control.egg-info to /mnt/c/ros2_ws/3-26-src/install/control/lib/python3.10/site-packages/control-0.0.0-py3.10.egg-info
[5.123s] running install_scripts
[5.222s] Installing midterm3 script to /mnt/c/ros2_ws/3-26-src/install/control/lib/control
[5.246s] Installing startpublisher script to /mnt/c/ros2_ws/3-26-src/install/control/lib/control
[5.267s] writing list of installed files to '/mnt/c/ros2_ws/3-26-src/build/control/install.log'
[5.314s] Invoked command in '/mnt/c/ros2_ws/3-26-src/control' returned '0': PYTHONPATH=/mnt/c/ros2_ws/3-26-src/build/control/prefix_override:/usr/lib/python3/dist-packages/colcon_core/task/python/colcon_distutils_commands:/mnt/c/ros2_ws/3-26-src/install/control/lib/python3.10/site-packages:${PYTHONPATH} /usr/bin/python3 -W ignore:setup.py install is deprecated -W ignore:easy_install command is deprecated setup.py egg_info --egg-base ../build/control build --build-base /mnt/c/ros2_ws/3-26-src/build/control/build install --record /mnt/c/ros2_ws/3-26-src/build/control/install.log --single-version-externally-managed install_data
