[9.840s] Invoking command in '/mnt/c/ros2_ws/src/week5': PYTHONPATH=/mnt/c/ros2_ws/build/week5/prefix_override:/usr/lib/python3/dist-packages/colcon_core/task/python/colcon_distutils_commands:/mnt/c/ros2_ws/install/week5/lib/python3.10/site-packages:${PYTHONPATH} /usr/bin/python3 -W ignore:setup.py install is deprecated -W ignore:easy_install command is deprecated setup.py egg_info --egg-base ../../build/week5 build --build-base /mnt/c/ros2_ws/build/week5/build install --record /mnt/c/ros2_ws/build/week5/install.log --single-version-externally-managed install_data
[11.830s] running egg_info
[11.839s] writing ../../build/week5/week5.egg-info/PKG-INFO
[11.854s] writing dependency_links to ../../build/week5/week5.egg-info/dependency_links.txt
[11.873s] writing entry points to ../../build/week5/week5.egg-info/entry_points.txt
[11.880s] writing requirements to ../../build/week5/week5.egg-info/requires.txt
[11.887s] writing top-level names to ../../build/week5/week5.egg-info/top_level.txt
[11.949s] reading manifest file '../../build/week5/week5.egg-info/SOURCES.txt'
[12.056s] writing manifest file '../../build/week5/week5.egg-info/SOURCES.txt'
[12.062s] running build
[12.064s] running build_py
[12.089s] copying week5/testing.py -> /mnt/c/ros2_ws/build/week5/build/lib/week5
[12.169s] running install
[12.171s] running install_lib
[12.231s] copying /mnt/c/ros2_ws/build/week5/build/lib/week5/testing.py -> /mnt/c/ros2_ws/install/week5/lib/python3.10/site-packages/week5
[12.336s] byte-compiling /mnt/c/ros2_ws/install/week5/lib/python3.10/site-packages/week5/testing.py to testing.cpython-310.pyc
[12.428s] running install_data
[12.471s] running install_egg_info
[12.499s] removing '/mnt/c/ros2_ws/install/week5/lib/python3.10/site-packages/week5-0.0.0-py3.10.egg-info' (and everything under it)
[12.598s] Copying ../../build/week5/week5.egg-info to /mnt/c/ros2_ws/install/week5/lib/python3.10/site-packages/week5-0.0.0-py3.10.egg-info
[12.992s] running install_scripts
[13.207s] Installing test_node script to /mnt/c/ros2_ws/install/week5/lib/week5
[13.230s] writing list of installed files to '/mnt/c/ros2_ws/build/week5/install.log'
[14.103s] Invoked command in '/mnt/c/ros2_ws/src/week5' returned '0': PYTHONPATH=/mnt/c/ros2_ws/build/week5/prefix_override:/usr/lib/python3/dist-packages/colcon_core/task/python/colcon_distutils_commands:/mnt/c/ros2_ws/install/week5/lib/python3.10/site-packages:${PYTHONPATH} /usr/bin/python3 -W ignore:setup.py install is deprecated -W ignore:easy_install command is deprecated setup.py egg_info --egg-base ../../build/week5 build --build-base /mnt/c/ros2_ws/build/week5/build install --record /mnt/c/ros2_ws/build/week5/install.log --single-version-externally-managed install_data
