[3.147s] Invoking command in '/mnt/c/ros2_ws/3-26-src/control': PYTHONPATH=/mnt/c/ros2_ws/3-26-src/build/control/prefix_override:/usr/lib/python3/dist-packages/colcon_core/task/python/colcon_distutils_commands:/mnt/c/ros2_ws/3-26-src/install/control/lib/python3.10/site-packages:${PYTHONPATH} /usr/bin/python3 -W ignore:setup.py install is deprecated -W ignore:easy_install command is deprecated setup.py egg_info --egg-base ../build/control build --build-base /mnt/c/ros2_ws/3-26-src/build/control/build install --record /mnt/c/ros2_ws/3-26-src/build/control/install.log --single-version-externally-managed install_data
[4.306s] running egg_info
[4.312s] writing ../build/control/control.egg-info/PKG-INFO
[4.323s] writing dependency_links to ../build/control/control.egg-info/dependency_links.txt
[4.338s] writing entry points to ../build/control/control.egg-info/entry_points.txt
[4.348s] writing requirements to ../build/control/control.egg-info/requires.txt
[4.355s] writing top-level names to ../build/control/control.egg-info/top_level.txt
[4.411s] reading manifest file '../build/control/control.egg-info/SOURCES.txt'
[4.508s] writing manifest file '../build/control/control.egg-info/SOURCES.txt'
[4.515s] running build
[4.517s] running build_py
[4.558s] copying control/ex2.py -> /mnt/c/ros2_ws/3-26-src/build/control/build/lib/control
[4.599s] copying control/midterm.py -> /mnt/c/ros2_ws/3-26-src/build/control/build/lib/control
[4.633s] copying control/midterm2.py -> /mnt/c/ros2_ws/3-26-src/build/control/build/lib/control
[4.687s] copying control/midterm3.py -> /mnt/c/ros2_ws/3-26-src/build/control/build/lib/control
[4.731s] running install
[4.732s] running install_lib
[4.812s] copying /mnt/c/ros2_ws/3-26-src/build/control/build/lib/control/ex2.py -> /mnt/c/ros2_ws/3-26-src/install/control/lib/python3.10/site-packages/control
[4.872s] copying /mnt/c/ros2_ws/3-26-src/build/control/build/lib/control/midterm.py -> /mnt/c/ros2_ws/3-26-src/install/control/lib/python3.10/site-packages/control
[4.918s] copying /mnt/c/ros2_ws/3-26-src/build/control/build/lib/control/midterm2.py -> /mnt/c/ros2_ws/3-26-src/install/control/lib/python3.10/site-packages/control
[4.962s] copying /mnt/c/ros2_ws/3-26-src/build/control/build/lib/control/midterm3.py -> /mnt/c/ros2_ws/3-26-src/install/control/lib/python3.10/site-packages/control
[5.058s] byte-compiling /mnt/c/ros2_ws/3-26-src/install/control/lib/python3.10/site-packages/control/ex2.py to ex2.cpython-310.pyc
[5.124s] byte-compiling /mnt/c/ros2_ws/3-26-src/install/control/lib/python3.10/site-packages/control/midterm.py to midterm.cpython-310.pyc
[5.185s] byte-compiling /mnt/c/ros2_ws/3-26-src/install/control/lib/python3.10/site-packages/control/midterm2.py to midterm2.cpython-310.pyc
[5.240s] byte-compiling /mnt/c/ros2_ws/3-26-src/install/control/lib/python3.10/site-packages/control/midterm3.py to midterm3.cpython-310.pyc
[5.309s] running install_data
[5.343s] running install_egg_info
[5.358s] removing '/mnt/c/ros2_ws/3-26-src/install/control/lib/python3.10/site-packages/control-0.0.0-py3.10.egg-info' (and everything under it)
[5.450s] Copying ../build/control/control.egg-info to /mnt/c/ros2_ws/3-26-src/install/control/lib/python3.10/site-packages/control-0.0.0-py3.10.egg-info
[5.925s] running install_scripts
[6.079s] Installing ex1 script to /mnt/c/ros2_ws/3-26-src/install/control/lib/control
[6.111s] writing list of installed files to '/mnt/c/ros2_ws/3-26-src/build/control/install.log'
[6.188s] Invoked command in '/mnt/c/ros2_ws/3-26-src/control' returned '0': PYTHONPATH=/mnt/c/ros2_ws/3-26-src/build/control/prefix_override:/usr/lib/python3/dist-packages/colcon_core/task/python/colcon_distutils_commands:/mnt/c/ros2_ws/3-26-src/install/control/lib/python3.10/site-packages:${PYTHONPATH} /usr/bin/python3 -W ignore:setup.py install is deprecated -W ignore:easy_install command is deprecated setup.py egg_info --egg-base ../build/control build --build-base /mnt/c/ros2_ws/3-26-src/build/control/build install --record /mnt/c/ros2_ws/3-26-src/build/control/install.log --single-version-externally-managed install_data
