[-13.738s] DEBUG:colcon:Command line arguments: ['/usr/bin/colcon', 'build']
[-13.737s] DEBUG:colcon:Parsed command line arguments: Namespace(log_base=None, log_level=None, verb_name='build', build_base='build', install_base='install', merge_install=False, symlink_install=False, test_result_base=None, continue_on_error=False, executor='parallel', parallel_workers=8, event_handlers=None, ignore_user_meta=False, metas=['./colcon.meta'], base_paths=['.'], packages_ignore=None, packages_ignore_regex=None, paths=None, packages_up_to=None, packages_up_to_regex=None, packages_above=None, packages_above_and_dependencies=None, packages_above_depth=None, packages_select_by_dep=None, packages_skip_by_dep=None, packages_skip_up_to=None, packages_select_build_failed=False, packages_skip_build_finished=False, packages_select_test_failures=False, packages_skip_test_passed=False, packages_select=None, packages_skip=None, packages_select_regex=None, packages_skip_regex=None, packages_start=None, packages_end=None, allow_overriding=[], cmake_args=None, cmake_target=None, cmake_target_skip_unavailable=False, cmake_clean_cache=False, cmake_clean_first=False, cmake_force_configure=False, ament_cmake_args=None, catkin_cmake_args=None, catkin_skip_building_tests=False, mixin_files=None, mixin=None, verb_parser=<colcon_mixin.mixin.mixin_argument.MixinArgumentDecorator object at 0x7f4ce60b0550>, verb_extension=<colcon_core.verb.build.BuildVerb object at 0x7f4ce608bf10>, main=<bound method BuildVerb.main of <colcon_core.verb.build.BuildVerb object at 0x7f4ce608bf10>>, mixin_verb=('build',))
[-13.456s] Level 1:colcon.colcon_core.package_discovery:discover_packages(colcon_meta) check parameters
[-13.454s] Level 1:colcon.colcon_core.package_discovery:discover_packages(recursive) check parameters
[-13.454s] Level 1:colcon.colcon_core.package_discovery:discover_packages(ignore) check parameters
[-13.453s] Level 1:colcon.colcon_core.package_discovery:discover_packages(path) check parameters
[-13.453s] Level 1:colcon.colcon_core.package_discovery:discover_packages(colcon_meta) discover
[-13.452s] Level 1:colcon.colcon_core.package_discovery:discover_packages(recursive) discover
[-13.452s] INFO:colcon.colcon_core.package_discovery:Crawling recursively for packages in '/mnt/c/ros2_ws/3-26-src'
[-13.449s] Level 1:colcon.colcon_core.package_identification:_identify(.) by extensions ['ignore', 'ignore_ament_install']
[-13.448s] Level 1:colcon.colcon_core.package_identification:_identify(.) by extension 'ignore'
[-13.447s] Level 1:colcon.colcon_core.package_identification:_identify(.) by extension 'ignore_ament_install'
[-13.446s] Level 1:colcon.colcon_core.package_identification:_identify(.) by extensions ['colcon_pkg']
[-13.446s] Level 1:colcon.colcon_core.package_identification:_identify(.) by extension 'colcon_pkg'
[-13.445s] Level 1:colcon.colcon_core.package_identification:_identify(.) by extensions ['colcon_meta']
[-13.444s] Level 1:colcon.colcon_core.package_identification:_identify(.) by extension 'colcon_meta'
[-13.443s] Level 1:colcon.colcon_core.package_identification:_identify(.) by extensions ['ros']
[-13.443s] Level 1:colcon.colcon_core.package_identification:_identify(.) by extension 'ros'
[-13.418s] Level 1:colcon.colcon_core.package_identification:_identify(.) by extensions ['cmake', 'python']
[-13.418s] Level 1:colcon.colcon_core.package_identification:_identify(.) by extension 'cmake'
[-13.417s] Level 1:colcon.colcon_core.package_identification:_identify(.) by extension 'python'
[-13.416s] Level 1:colcon.colcon_core.package_identification:_identify(.) by extensions ['python_setup_py']
[-13.415s] Level 1:colcon.colcon_core.package_identification:_identify(.) by extension 'python_setup_py'
[-13.410s] Level 1:colcon.colcon_core.package_identification:_identify(build) by extensions ['ignore', 'ignore_ament_install']
[-13.409s] Level 1:colcon.colcon_core.package_identification:_identify(build) by extension 'ignore'
[-13.407s] Level 1:colcon.colcon_core.package_identification:_identify(build) ignored
[-13.402s] Level 1:colcon.colcon_core.package_identification:_identify(control) by extensions ['ignore', 'ignore_ament_install']
[-13.401s] Level 1:colcon.colcon_core.package_identification:_identify(control) by extension 'ignore'
[-13.400s] Level 1:colcon.colcon_core.package_identification:_identify(control) by extension 'ignore_ament_install'
[-13.397s] Level 1:colcon.colcon_core.package_identification:_identify(control) by extensions ['colcon_pkg']
[-13.396s] Level 1:colcon.colcon_core.package_identification:_identify(control) by extension 'colcon_pkg'
[-13.394s] Level 1:colcon.colcon_core.package_identification:_identify(control) by extensions ['colcon_meta']
[-13.394s] Level 1:colcon.colcon_core.package_identification:_identify(control) by extension 'colcon_meta'
[-13.393s] Level 1:colcon.colcon_core.package_identification:_identify(control) by extensions ['ros']
[-13.392s] Level 1:colcon.colcon_core.package_identification:_identify(control) by extension 'ros'
[-13.373s] DEBUG:colcon.colcon_core.package_identification:Package 'control' with type 'ros.ament_python' and name 'control'
[-13.367s] Level 1:colcon.colcon_core.package_identification:_identify(install) by extensions ['ignore', 'ignore_ament_install']
[-13.366s] Level 1:colcon.colcon_core.package_identification:_identify(install) by extension 'ignore'
[-13.364s] Level 1:colcon.colcon_core.package_identification:_identify(install) ignored
[-13.355s] Level 1:colcon.colcon_core.package_identification:_identify(log) by extensions ['ignore', 'ignore_ament_install']
[-13.354s] Level 1:colcon.colcon_core.package_identification:_identify(log) by extension 'ignore'
[-13.353s] Level 1:colcon.colcon_core.package_identification:_identify(log) ignored
[-13.352s] Level 1:colcon.colcon_core.package_discovery:discover_packages(recursive) using defaults
[-13.352s] Level 1:colcon.colcon_core.package_discovery:discover_packages(ignore) discover
[-13.352s] Level 1:colcon.colcon_core.package_discovery:discover_packages(ignore) using defaults
[-13.351s] Level 1:colcon.colcon_core.package_discovery:discover_packages(path) discover
[-13.351s] Level 1:colcon.colcon_core.package_discovery:discover_packages(path) using defaults
[-13.301s] Level 1:colcon.colcon_core.package_discovery:discover_packages(prefix_path) check parameters
[-13.300s] Level 1:colcon.colcon_core.package_discovery:discover_packages(prefix_path) discover
[-13.256s] DEBUG:colcon.colcon_installed_package_information.package_discovery:Found 271 installed packages in /opt/ros/humble
[-13.253s] Level 1:colcon.colcon_core.package_discovery:discover_packages(prefix_path) using defaults
[-13.192s] Level 5:colcon.colcon_core.verb:set package 'control' build argument 'cmake_args' from command line to 'None'
[-13.191s] Level 5:colcon.colcon_core.verb:set package 'control' build argument 'cmake_target' from command line to 'None'
[-13.191s] Level 5:colcon.colcon_core.verb:set package 'control' build argument 'cmake_target_skip_unavailable' from command line to 'False'
[-13.190s] Level 5:colcon.colcon_core.verb:set package 'control' build argument 'cmake_clean_cache' from command line to 'False'
[-13.189s] Level 5:colcon.colcon_core.verb:set package 'control' build argument 'cmake_clean_first' from command line to 'False'
[-13.189s] Level 5:colcon.colcon_core.verb:set package 'control' build argument 'cmake_force_configure' from command line to 'False'
[-13.188s] Level 5:colcon.colcon_core.verb:set package 'control' build argument 'ament_cmake_args' from command line to 'None'
[-13.188s] Level 5:colcon.colcon_core.verb:set package 'control' build argument 'catkin_cmake_args' from command line to 'None'
[-13.187s] Level 5:colcon.colcon_core.verb:set package 'control' build argument 'catkin_skip_building_tests' from command line to 'False'
[-13.187s] DEBUG:colcon.colcon_core.verb:Building package 'control' with the following arguments: {'ament_cmake_args': None, 'build_base': '/mnt/c/ros2_ws/3-26-src/build/control', 'catkin_cmake_args': None, 'catkin_skip_building_tests': False, 'cmake_args': None, 'cmake_clean_cache': False, 'cmake_clean_first': False, 'cmake_force_configure': False, 'cmake_target': None, 'cmake_target_skip_unavailable': False, 'install_base': '/mnt/c/ros2_ws/3-26-src/install/control', 'merge_install': False, 'path': '/mnt/c/ros2_ws/3-26-src/control', 'symlink_install': False, 'test_result_base': None}
[-13.186s] INFO:colcon.colcon_core.executor:Executing jobs using 'parallel' executor
[-13.184s] DEBUG:colcon.colcon_parallel_executor.executor.parallel:run_until_complete
[-13.183s] INFO:colcon.colcon_ros.task.ament_python.build:Building ROS package in '/mnt/c/ros2_ws/3-26-src/control' with build type 'ament_python'
[-13.182s] Level 1:colcon.colcon_core.shell:create_environment_hook('control', 'ament_prefix_path')
[-13.175s] INFO:colcon.colcon_core.plugin_system:Skipping extension 'colcon_core.shell.bat': Not used on non-Windows systems
[-13.174s] INFO:colcon.colcon_core.shell:Creating environment hook '/mnt/c/ros2_ws/3-26-src/install/control/share/control/hook/ament_prefix_path.ps1'
[-13.140s] INFO:colcon.colcon_core.shell:Creating environment descriptor '/mnt/c/ros2_ws/3-26-src/install/control/share/control/hook/ament_prefix_path.dsv'
[-13.110s] INFO:colcon.colcon_core.shell:Creating environment hook '/mnt/c/ros2_ws/3-26-src/install/control/share/control/hook/ament_prefix_path.sh'
[-13.085s] INFO:colcon.colcon_core.shell:Skip shell extension 'powershell' for command environment: Not usable outside of PowerShell
[-13.084s] DEBUG:colcon.colcon_core.shell:Skip shell extension 'dsv' for command environment
[-12.420s] INFO:colcon.colcon_core.task.python.build:Building Python package in '/mnt/c/ros2_ws/3-26-src/control'
[-12.418s] INFO:colcon.colcon_core.shell:Skip shell extension 'powershell' for command environment: Not usable outside of PowerShell
[-12.418s] DEBUG:colcon.colcon_core.shell:Skip shell extension 'dsv' for command environment
[-10.456s] DEBUG:colcon.colcon_core.event_handler.log_command:Invoking command in '/mnt/c/ros2_ws/3-26-src/control': PYTHONPATH=/mnt/c/ros2_ws/3-26-src/build/control/prefix_override:/usr/lib/python3/dist-packages/colcon_core/task/python/colcon_distutils_commands:/mnt/c/ros2_ws/3-26-src/install/control/lib/python3.10/site-packages:${PYTHONPATH} /usr/bin/python3 -W ignore:setup.py install is deprecated -W ignore:easy_install command is deprecated setup.py egg_info --egg-base ../build/control build --build-base /mnt/c/ros2_ws/3-26-src/build/control/build install --record /mnt/c/ros2_ws/3-26-src/build/control/install.log --single-version-externally-managed install_data
[-8.033s] Level 1:colcon.colcon_core.environment:checking '/mnt/c/ros2_ws/3-26-src/install/control' for CMake module files
[-8.029s] DEBUG:colcon.colcon_core.event_handler.log_command:Invoked command in '/mnt/c/ros2_ws/3-26-src/control' returned '0': PYTHONPATH=/mnt/c/ros2_ws/3-26-src/build/control/prefix_override:/usr/lib/python3/dist-packages/colcon_core/task/python/colcon_distutils_commands:/mnt/c/ros2_ws/3-26-src/install/control/lib/python3.10/site-packages:${PYTHONPATH} /usr/bin/python3 -W ignore:setup.py install is deprecated -W ignore:easy_install command is deprecated setup.py egg_info --egg-base ../build/control build --build-base /mnt/c/ros2_ws/3-26-src/build/control/build install --record /mnt/c/ros2_ws/3-26-src/build/control/install.log --single-version-externally-managed install_data
[-7.953s] Level 1:colcon.colcon_core.environment:checking '/mnt/c/ros2_ws/3-26-src/install/control' for CMake config files
[-7.844s] Level 1:colcon.colcon_core.environment:checking '/mnt/c/ros2_ws/3-26-src/install/control/lib'
[-7.839s] Level 1:colcon.colcon_core.environment:checking '/mnt/c/ros2_ws/3-26-src/install/control/bin'
[-7.837s] Level 1:colcon.colcon_core.environment:checking '/mnt/c/ros2_ws/3-26-src/install/control/lib/pkgconfig/control.pc'
[-7.835s] Level 1:colcon.colcon_core.environment:checking '/mnt/c/ros2_ws/3-26-src/install/control/lib/python3.10/site-packages'
[-7.831s] Level 1:colcon.colcon_core.shell:create_environment_hook('control', 'pythonpath')
[-7.830s] INFO:colcon.colcon_core.shell:Creating environment hook '/mnt/c/ros2_ws/3-26-src/install/control/share/control/hook/pythonpath.ps1'
[-7.813s] INFO:colcon.colcon_core.shell:Creating environment descriptor '/mnt/c/ros2_ws/3-26-src/install/control/share/control/hook/pythonpath.dsv'
[-7.795s] INFO:colcon.colcon_core.shell:Creating environment hook '/mnt/c/ros2_ws/3-26-src/install/control/share/control/hook/pythonpath.sh'
[-7.777s] Level 1:colcon.colcon_core.environment:checking '/mnt/c/ros2_ws/3-26-src/install/control/bin'
[-7.775s] Level 1:colcon.colcon_core.environment:create_environment_scripts_only(control)
[-7.774s] INFO:colcon.colcon_core.shell:Creating package script '/mnt/c/ros2_ws/3-26-src/install/control/share/control/package.ps1'
[-7.757s] INFO:colcon.colcon_core.shell:Creating package descriptor '/mnt/c/ros2_ws/3-26-src/install/control/share/control/package.dsv'
[-7.741s] INFO:colcon.colcon_core.shell:Creating package script '/mnt/c/ros2_ws/3-26-src/install/control/share/control/package.sh'
[-7.726s] INFO:colcon.colcon_core.shell:Creating package script '/mnt/c/ros2_ws/3-26-src/install/control/share/control/package.bash'
[-7.710s] INFO:colcon.colcon_core.shell:Creating package script '/mnt/c/ros2_ws/3-26-src/install/control/share/control/package.zsh'
[-7.693s] Level 1:colcon.colcon_core.environment:create_file_with_runtime_dependencies(/mnt/c/ros2_ws/3-26-src/install/control/share/colcon-core/packages/control)
[-7.679s] DEBUG:colcon.colcon_parallel_executor.executor.parallel:closing loop
[-7.678s] DEBUG:colcon.colcon_parallel_executor.executor.parallel:loop closed
[-7.677s] DEBUG:colcon.colcon_parallel_executor.executor.parallel:run_until_complete finished with '0'
[-7.676s] DEBUG:colcon.colcon_core.event_reactor:joining thread
[-7.615s] INFO:colcon.colcon_core.plugin_system:Skipping extension 'colcon_notification.desktop_notification.notify_send': Could not find 'notify-send'
[-7.614s] INFO:colcon.colcon_core.plugin_system:Skipping extension 'colcon_notification.desktop_notification.terminal_notifier': Not used on non-Darwin systems
[-7.614s] INFO:colcon.colcon_core.plugin_system:Skipping extension 'colcon_notification.desktop_notification.win32': Not used on non-Windows systems
[-7.614s] INFO:colcon.colcon_notification.desktop_notification:Sending desktop notification using 'notify2'
[-7.613s] DEBUG:colcon.colcon_notification.desktop_notification.notify2:Failed to initialize notify2: org.freedesktop.DBus.Error.FileNotFound: Failed to connect to socket /run/user/1000/bus: No such file or directory
[-7.613s] DEBUG:colcon.colcon_core.event_reactor:joined thread
[-7.612s] INFO:colcon.colcon_core.shell:Creating prefix script '/mnt/c/ros2_ws/3-26-src/install/local_setup.ps1'
[-7.604s] INFO:colcon.colcon_core.shell:Creating prefix util module '/mnt/c/ros2_ws/3-26-src/install/_local_setup_util_ps1.py'
[-7.595s] INFO:colcon.colcon_core.shell:Creating prefix chain script '/mnt/c/ros2_ws/3-26-src/install/setup.ps1'
[-7.586s] INFO:colcon.colcon_core.shell:Creating prefix script '/mnt/c/ros2_ws/3-26-src/install/local_setup.sh'
[-7.577s] INFO:colcon.colcon_core.shell:Creating prefix util module '/mnt/c/ros2_ws/3-26-src/install/_local_setup_util_sh.py'
[-7.563s] INFO:colcon.colcon_core.shell:Creating prefix chain script '/mnt/c/ros2_ws/3-26-src/install/setup.sh'
[-7.553s] INFO:colcon.colcon_core.shell:Creating prefix script '/mnt/c/ros2_ws/3-26-src/install/local_setup.bash'
[-7.543s] INFO:colcon.colcon_core.shell:Creating prefix chain script '/mnt/c/ros2_ws/3-26-src/install/setup.bash'
[-7.535s] INFO:colcon.colcon_core.shell:Creating prefix script '/mnt/c/ros2_ws/3-26-src/install/local_setup.zsh'
[-7.527s] INFO:colcon.colcon_core.shell:Creating prefix chain script '/mnt/c/ros2_ws/3-26-src/install/setup.zsh'
