[0.586s] DEBUG:colcon:Command line arguments: ['/usr/bin/colcon', 'build']
[0.587s] DEBUG:colcon:Parsed command line arguments: Namespace(log_base=None, log_level=None, verb_name='build', build_base='build', install_base='install', merge_install=False, symlink_install=False, test_result_base=None, continue_on_error=False, executor='parallel', parallel_workers=8, event_handlers=None, ignore_user_meta=False, metas=['./colcon.meta'], base_paths=['.'], packages_ignore=None, packages_ignore_regex=None, paths=None, packages_up_to=None, packages_up_to_regex=None, packages_above=None, packages_above_and_dependencies=None, packages_above_depth=None, packages_select_by_dep=None, packages_skip_by_dep=None, packages_skip_up_to=None, packages_select_build_failed=False, packages_skip_build_finished=False, packages_select_test_failures=False, packages_skip_test_passed=False, packages_select=None, packages_skip=None, packages_select_regex=None, packages_skip_regex=None, packages_start=None, packages_end=None, allow_overriding=[], cmake_args=None, cmake_target=None, cmake_target_skip_unavailable=False, cmake_clean_cache=False, cmake_clean_first=False, cmake_force_configure=False, ament_cmake_args=None, catkin_cmake_args=None, catkin_skip_building_tests=False, mixin_files=None, mixin=None, verb_parser=<colcon_mixin.mixin.mixin_argument.MixinArgumentDecorator object at 0x7f0015fc8850>, verb_extension=<colcon_core.verb.build.BuildVerb object at 0x7f0015fc8370>, main=<bound method BuildVerb.main of <colcon_core.verb.build.BuildVerb object at 0x7f0015fc8370>>, mixin_verb=('build',))
[1.071s] Level 1:colcon.colcon_core.package_discovery:discover_packages(colcon_meta) check parameters
[1.073s] Level 1:colcon.colcon_core.package_discovery:discover_packages(recursive) check parameters
[1.074s] Level 1:colcon.colcon_core.package_discovery:discover_packages(ignore) check parameters
[1.075s] Level 1:colcon.colcon_core.package_discovery:discover_packages(path) check parameters
[1.075s] Level 1:colcon.colcon_core.package_discovery:discover_packages(colcon_meta) discover
[1.076s] Level 1:colcon.colcon_core.package_discovery:discover_packages(recursive) discover
[1.076s] INFO:colcon.colcon_core.package_discovery:Crawling recursively for packages in '/mnt/c/ros2_ws/3-26-src'
[1.079s] Level 1:colcon.colcon_core.package_identification:_identify(.) by extensions ['ignore', 'ignore_ament_install']
[1.080s] Level 1:colcon.colcon_core.package_identification:_identify(.) by extension 'ignore'
[1.082s] Level 1:colcon.colcon_core.package_identification:_identify(.) by extension 'ignore_ament_install'
[1.084s] Level 1:colcon.colcon_core.package_identification:_identify(.) by extensions ['colcon_pkg']
[1.085s] Level 1:colcon.colcon_core.package_identification:_identify(.) by extension 'colcon_pkg'
[1.086s] Level 1:colcon.colcon_core.package_identification:_identify(.) by extensions ['colcon_meta']
[1.087s] Level 1:colcon.colcon_core.package_identification:_identify(.) by extension 'colcon_meta'
[1.087s] Level 1:colcon.colcon_core.package_identification:_identify(.) by extensions ['ros']
[1.087s] Level 1:colcon.colcon_core.package_identification:_identify(.) by extension 'ros'
[1.123s] Level 1:colcon.colcon_core.package_identification:_identify(.) by extensions ['cmake', 'python']
[1.124s] Level 1:colcon.colcon_core.package_identification:_identify(.) by extension 'cmake'
[1.125s] Level 1:colcon.colcon_core.package_identification:_identify(.) by extension 'python'
[1.127s] Level 1:colcon.colcon_core.package_identification:_identify(.) by extensions ['python_setup_py']
[1.128s] Level 1:colcon.colcon_core.package_identification:_identify(.) by extension 'python_setup_py'
[1.138s] Level 1:colcon.colcon_core.package_identification:_identify(build) by extensions ['ignore', 'ignore_ament_install']
[1.139s] Level 1:colcon.colcon_core.package_identification:_identify(build) by extension 'ignore'
[1.141s] Level 1:colcon.colcon_core.package_identification:_identify(build) ignored
[1.158s] Level 1:colcon.colcon_core.package_identification:_identify(control) by extensions ['ignore', 'ignore_ament_install']
[1.159s] Level 1:colcon.colcon_core.package_identification:_identify(control) by extension 'ignore'
[1.161s] Level 1:colcon.colcon_core.package_identification:_identify(control) by extension 'ignore_ament_install'
[1.166s] Level 1:colcon.colcon_core.package_identification:_identify(control) by extensions ['colcon_pkg']
[1.167s] Level 1:colcon.colcon_core.package_identification:_identify(control) by extension 'colcon_pkg'
[1.169s] Level 1:colcon.colcon_core.package_identification:_identify(control) by extensions ['colcon_meta']
[1.170s] Level 1:colcon.colcon_core.package_identification:_identify(control) by extension 'colcon_meta'
[1.174s] Level 1:colcon.colcon_core.package_identification:_identify(control) by extensions ['ros']
[1.175s] Level 1:colcon.colcon_core.package_identification:_identify(control) by extension 'ros'
[1.213s] DEBUG:colcon.colcon_core.package_identification:Package 'control' with type 'ros.ament_python' and name 'control'
[1.219s] Level 1:colcon.colcon_core.package_identification:_identify(install) by extensions ['ignore', 'ignore_ament_install']
[1.220s] Level 1:colcon.colcon_core.package_identification:_identify(install) by extension 'ignore'
[1.224s] Level 1:colcon.colcon_core.package_identification:_identify(install) ignored
[1.232s] Level 1:colcon.colcon_core.package_identification:_identify(log) by extensions ['ignore', 'ignore_ament_install']
[1.232s] Level 1:colcon.colcon_core.package_identification:_identify(log) by extension 'ignore'
[1.234s] Level 1:colcon.colcon_core.package_identification:_identify(log) ignored
[1.235s] Level 1:colcon.colcon_core.package_discovery:discover_packages(recursive) using defaults
[1.236s] Level 1:colcon.colcon_core.package_discovery:discover_packages(ignore) discover
[1.237s] Level 1:colcon.colcon_core.package_discovery:discover_packages(ignore) using defaults
[1.238s] Level 1:colcon.colcon_core.package_discovery:discover_packages(path) discover
[1.238s] Level 1:colcon.colcon_core.package_discovery:discover_packages(path) using defaults
[1.363s] Level 1:colcon.colcon_core.package_discovery:discover_packages(prefix_path) check parameters
[1.364s] Level 1:colcon.colcon_core.package_discovery:discover_packages(prefix_path) discover
[1.457s] DEBUG:colcon.colcon_installed_package_information.package_discovery:Found 1 installed packages in /mnt/c/ros2_ws/3-26-src/install
[1.460s] DEBUG:colcon.colcon_installed_package_information.package_discovery:Found 271 installed packages in /opt/ros/humble
[1.462s] Level 1:colcon.colcon_core.package_discovery:discover_packages(prefix_path) using defaults
[1.547s] Level 5:colcon.colcon_core.verb:set package 'control' build argument 'cmake_args' from command line to 'None'
[1.548s] Level 5:colcon.colcon_core.verb:set package 'control' build argument 'cmake_target' from command line to 'None'
[1.549s] Level 5:colcon.colcon_core.verb:set package 'control' build argument 'cmake_target_skip_unavailable' from command line to 'False'
[1.549s] Level 5:colcon.colcon_core.verb:set package 'control' build argument 'cmake_clean_cache' from command line to 'False'
[1.550s] Level 5:colcon.colcon_core.verb:set package 'control' build argument 'cmake_clean_first' from command line to 'False'
[1.550s] Level 5:colcon.colcon_core.verb:set package 'control' build argument 'cmake_force_configure' from command line to 'False'
[1.551s] Level 5:colcon.colcon_core.verb:set package 'control' build argument 'ament_cmake_args' from command line to 'None'
[1.551s] Level 5:colcon.colcon_core.verb:set package 'control' build argument 'catkin_cmake_args' from command line to 'None'
[1.552s] Level 5:colcon.colcon_core.verb:set package 'control' build argument 'catkin_skip_building_tests' from command line to 'False'
[1.553s] DEBUG:colcon.colcon_core.verb:Building package 'control' with the following arguments: {'ament_cmake_args': None, 'build_base': '/mnt/c/ros2_ws/3-26-src/build/control', 'catkin_cmake_args': None, 'catkin_skip_building_tests': False, 'cmake_args': None, 'cmake_clean_cache': False, 'cmake_clean_first': False, 'cmake_force_configure': False, 'cmake_target': None, 'cmake_target_skip_unavailable': False, 'install_base': '/mnt/c/ros2_ws/3-26-src/install/control', 'merge_install': False, 'path': '/mnt/c/ros2_ws/3-26-src/control', 'symlink_install': False, 'test_result_base': None}
[1.554s] INFO:colcon.colcon_core.executor:Executing jobs using 'parallel' executor
[1.563s] DEBUG:colcon.colcon_parallel_executor.executor.parallel:run_until_complete
[1.577s] INFO:colcon.colcon_ros.task.ament_python.build:Building ROS package in '/mnt/c/ros2_ws/3-26-src/control' with build type 'ament_python'
[1.579s] Level 1:colcon.colcon_core.shell:create_environment_hook('control', 'ament_prefix_path')
[1.591s] INFO:colcon.colcon_core.plugin_system:Skipping extension 'colcon_core.shell.bat': Not used on non-Windows systems
[1.592s] INFO:colcon.colcon_core.shell:Creating environment hook '/mnt/c/ros2_ws/3-26-src/install/control/share/control/hook/ament_prefix_path.ps1'
[1.617s] INFO:colcon.colcon_core.shell:Creating environment descriptor '/mnt/c/ros2_ws/3-26-src/install/control/share/control/hook/ament_prefix_path.dsv'
[1.641s] INFO:colcon.colcon_core.shell:Creating environment hook '/mnt/c/ros2_ws/3-26-src/install/control/share/control/hook/ament_prefix_path.sh'
[1.667s] INFO:colcon.colcon_core.shell:Skip shell extension 'powershell' for command environment: Not usable outside of PowerShell
[1.668s] DEBUG:colcon.colcon_core.shell:Skip shell extension 'dsv' for command environment
[2.894s] INFO:colcon.colcon_core.task.python.build:Building Python package in '/mnt/c/ros2_ws/3-26-src/control'
[2.895s] INFO:colcon.colcon_core.shell:Skip shell extension 'powershell' for command environment: Not usable outside of PowerShell
[2.896s] DEBUG:colcon.colcon_core.shell:Skip shell extension 'dsv' for command environment
[12.926s] DEBUG:colcon.colcon_core.event_handler.log_command:Invoking command in '/mnt/c/ros2_ws/3-26-src/control': PYTHONPATH=/mnt/c/ros2_ws/3-26-src/build/control/prefix_override:/usr/lib/python3/dist-packages/colcon_core/task/python/colcon_distutils_commands:/mnt/c/ros2_ws/3-26-src/install/control/lib/python3.10/site-packages:${PYTHONPATH} /usr/bin/python3 -W ignore:setup.py install is deprecated -W ignore:easy_install command is deprecated setup.py egg_info --egg-base ../build/control build --build-base /mnt/c/ros2_ws/3-26-src/build/control/build install --record /mnt/c/ros2_ws/3-26-src/build/control/install.log --single-version-externally-managed install_data
[7.176s] DEBUG:colcon.colcon_core.event_handler.log_command:Invoked command in '/mnt/c/ros2_ws/3-26-src/control' returned '0': PYTHONPATH=/mnt/c/ros2_ws/3-26-src/build/control/prefix_override:/usr/lib/python3/dist-packages/colcon_core/task/python/colcon_distutils_commands:/mnt/c/ros2_ws/3-26-src/install/control/lib/python3.10/site-packages:${PYTHONPATH} /usr/bin/python3 -W ignore:setup.py install is deprecated -W ignore:easy_install command is deprecated setup.py egg_info --egg-base ../build/control build --build-base /mnt/c/ros2_ws/3-26-src/build/control/build install --record /mnt/c/ros2_ws/3-26-src/build/control/install.log --single-version-externally-managed install_data
[7.182s] Level 1:colcon.colcon_core.environment:checking '/mnt/c/ros2_ws/3-26-src/install/control' for CMake module files
[7.252s] Level 1:colcon.colcon_core.environment:checking '/mnt/c/ros2_ws/3-26-src/install/control' for CMake config files
[7.368s] Level 1:colcon.colcon_core.environment:checking '/mnt/c/ros2_ws/3-26-src/install/control/lib'
[7.373s] Level 1:colcon.colcon_core.environment:checking '/mnt/c/ros2_ws/3-26-src/install/control/bin'
[7.375s] Level 1:colcon.colcon_core.environment:checking '/mnt/c/ros2_ws/3-26-src/install/control/lib/pkgconfig/control.pc'
[7.378s] Level 1:colcon.colcon_core.environment:checking '/mnt/c/ros2_ws/3-26-src/install/control/lib/python3.10/site-packages'
[7.381s] Level 1:colcon.colcon_core.shell:create_environment_hook('control', 'pythonpath')
[7.382s] INFO:colcon.colcon_core.shell:Creating environment hook '/mnt/c/ros2_ws/3-26-src/install/control/share/control/hook/pythonpath.ps1'
[7.400s] INFO:colcon.colcon_core.shell:Creating environment descriptor '/mnt/c/ros2_ws/3-26-src/install/control/share/control/hook/pythonpath.dsv'
[7.418s] INFO:colcon.colcon_core.shell:Creating environment hook '/mnt/c/ros2_ws/3-26-src/install/control/share/control/hook/pythonpath.sh'
[7.435s] Level 1:colcon.colcon_core.environment:checking '/mnt/c/ros2_ws/3-26-src/install/control/bin'
[7.437s] Level 1:colcon.colcon_core.environment:create_environment_scripts_only(control)
[7.437s] INFO:colcon.colcon_core.shell:Creating package script '/mnt/c/ros2_ws/3-26-src/install/control/share/control/package.ps1'
[7.453s] INFO:colcon.colcon_core.shell:Creating package descriptor '/mnt/c/ros2_ws/3-26-src/install/control/share/control/package.dsv'
[7.468s] INFO:colcon.colcon_core.shell:Creating package script '/mnt/c/ros2_ws/3-26-src/install/control/share/control/package.sh'
[7.483s] INFO:colcon.colcon_core.shell:Creating package script '/mnt/c/ros2_ws/3-26-src/install/control/share/control/package.bash'
[7.499s] INFO:colcon.colcon_core.shell:Creating package script '/mnt/c/ros2_ws/3-26-src/install/control/share/control/package.zsh'
[7.515s] Level 1:colcon.colcon_core.environment:create_file_with_runtime_dependencies(/mnt/c/ros2_ws/3-26-src/install/control/share/colcon-core/packages/control)
[7.527s] DEBUG:colcon.colcon_parallel_executor.executor.parallel:closing loop
[7.527s] DEBUG:colcon.colcon_parallel_executor.executor.parallel:loop closed
[7.528s] DEBUG:colcon.colcon_parallel_executor.executor.parallel:run_until_complete finished with '0'
[7.529s] DEBUG:colcon.colcon_core.event_reactor:joining thread
[7.610s] INFO:colcon.colcon_core.plugin_system:Skipping extension 'colcon_notification.desktop_notification.notify_send': Could not find 'notify-send'
[7.611s] INFO:colcon.colcon_core.plugin_system:Skipping extension 'colcon_notification.desktop_notification.terminal_notifier': Not used on non-Darwin systems
[7.611s] INFO:colcon.colcon_core.plugin_system:Skipping extension 'colcon_notification.desktop_notification.win32': Not used on non-Windows systems
[7.611s] INFO:colcon.colcon_notification.desktop_notification:Sending desktop notification using 'notify2'
[7.612s] DEBUG:colcon.colcon_notification.desktop_notification.notify2:Failed to initialize notify2: org.freedesktop.DBus.Error.FileNotFound: Failed to connect to socket /run/user/1000/bus: No such file or directory
[7.612s] DEBUG:colcon.colcon_core.event_reactor:joined thread
[7.613s] INFO:colcon.colcon_core.shell:Creating prefix script '/mnt/c/ros2_ws/3-26-src/install/local_setup.ps1'
[7.621s] INFO:colcon.colcon_core.shell:Creating prefix util module '/mnt/c/ros2_ws/3-26-src/install/_local_setup_util_ps1.py'
[7.630s] INFO:colcon.colcon_core.shell:Creating prefix chain script '/mnt/c/ros2_ws/3-26-src/install/setup.ps1'
[7.650s] INFO:colcon.colcon_core.shell:Creating prefix script '/mnt/c/ros2_ws/3-26-src/install/local_setup.sh'
[7.659s] INFO:colcon.colcon_core.shell:Creating prefix util module '/mnt/c/ros2_ws/3-26-src/install/_local_setup_util_sh.py'
[7.679s] INFO:colcon.colcon_core.shell:Creating prefix chain script '/mnt/c/ros2_ws/3-26-src/install/setup.sh'
[7.700s] INFO:colcon.colcon_core.shell:Creating prefix script '/mnt/c/ros2_ws/3-26-src/install/local_setup.bash'
[7.708s] INFO:colcon.colcon_core.shell:Creating prefix chain script '/mnt/c/ros2_ws/3-26-src/install/setup.bash'
[7.723s] INFO:colcon.colcon_core.shell:Creating prefix script '/mnt/c/ros2_ws/3-26-src/install/local_setup.zsh'
[7.731s] INFO:colcon.colcon_core.shell:Creating prefix chain script '/mnt/c/ros2_ws/3-26-src/install/setup.zsh'
