[6.234s] Invoking command in '/mnt/c/ros2_ws/3-26-SRC/control': PYTHONPATH=/mnt/c/ros2_ws/3-26-SRC/build/control/prefix_override:/usr/lib/python3/dist-packages/colcon_core/task/python/colcon_distutils_commands:/mnt/c/ros2_ws/3-26-SRC/install/control/lib/python3.10/site-packages:${PYTHONPATH} /usr/bin/python3 -W ignore:setup.py install is deprecated -W ignore:easy_install command is deprecated setup.py egg_info --egg-base ../build/control build --build-base /mnt/c/ros2_ws/3-26-SRC/build/control/build install --record /mnt/c/ros2_ws/3-26-SRC/build/control/install.log --single-version-externally-managed install_data
[8.926s] running egg_info
[8.935s] writing ../build/control/control.egg-info/PKG-INFO
[8.946s] writing dependency_links to ../build/control/control.egg-info/dependency_links.txt
[8.956s] writing entry points to ../build/control/control.egg-info/entry_points.txt
[8.963s] writing requirements to ../build/control/control.egg-info/requires.txt
[8.968s] writing top-level names to ../build/control/control.egg-info/top_level.txt
[9.016s] reading manifest file '../build/control/control.egg-info/SOURCES.txt'
[9.092s] writing manifest file '../build/control/control.egg-info/SOURCES.txt'
[9.098s] running build
[9.099s] running build_py
[9.124s] copying control/ex1.py -> /mnt/c/ros2_ws/3-26-SRC/build/control/build/lib/control
[9.195s] running install
[9.197s] running install_lib
[9.247s] copying /mnt/c/ros2_ws/3-26-SRC/build/control/build/lib/control/ex1.py -> /mnt/c/ros2_ws/3-26-SRC/install/control/lib/python3.10/site-packages/control
[9.348s] byte-compiling /mnt/c/ros2_ws/3-26-SRC/install/control/lib/python3.10/site-packages/control/ex1.py to ex1.cpython-310.pyc
[9.422s] running install_data
[9.451s] running install_egg_info
[9.472s] removing '/mnt/c/ros2_ws/3-26-SRC/install/control/lib/python3.10/site-packages/control-0.0.0-py3.10.egg-info' (and everything under it)
[9.548s] Copying ../build/control/control.egg-info to /mnt/c/ros2_ws/3-26-SRC/install/control/lib/python3.10/site-packages/control-0.0.0-py3.10.egg-info
[9.917s] running install_scripts
[10.147s] Installing ex1 script to /mnt/c/ros2_ws/3-26-SRC/install/control/lib/control
[10.170s] writing list of installed files to '/mnt/c/ros2_ws/3-26-SRC/build/control/install.log'
[10.240s] Invoked command in '/mnt/c/ros2_ws/3-26-SRC/control' returned '0': PYTHONPATH=/mnt/c/ros2_ws/3-26-SRC/build/control/prefix_override:/usr/lib/python3/dist-packages/colcon_core/task/python/colcon_distutils_commands:/mnt/c/ros2_ws/3-26-SRC/install/control/lib/python3.10/site-packages:${PYTHONPATH} /usr/bin/python3 -W ignore:setup.py install is deprecated -W ignore:easy_install command is deprecated setup.py egg_info --egg-base ../build/control build --build-base /mnt/c/ros2_ws/3-26-SRC/build/control/build install --record /mnt/c/ros2_ws/3-26-SRC/build/control/install.log --single-version-externally-managed install_data
