[2.178s] DEBUG:colcon:Command line arguments: ['/usr/bin/colcon', 'build']
[2.179s] DEBUG:colcon:Parsed command line arguments: Namespace(log_base=None, log_level=None, verb_name='build', build_base='build', install_base='install', merge_install=False, symlink_install=False, test_result_base=None, continue_on_error=False, executor='parallel', parallel_workers=8, event_handlers=None, ignore_user_meta=False, metas=['./colcon.meta'], base_paths=['.'], packages_ignore=None, packages_ignore_regex=None, paths=None, packages_up_to=None, packages_up_to_regex=None, packages_above=None, packages_above_and_dependencies=None, packages_above_depth=None, packages_select_by_dep=None, packages_skip_by_dep=None, packages_skip_up_to=None, packages_select_build_failed=False, packages_skip_build_finished=False, packages_select_test_failures=False, packages_skip_test_passed=False, packages_select=None, packages_skip=None, packages_select_regex=None, packages_skip_regex=None, packages_start=None, packages_end=None, allow_overriding=[], cmake_args=None, cmake_target=None, cmake_target_skip_unavailable=False, cmake_clean_cache=False, cmake_clean_first=False, cmake_force_configure=False, ament_cmake_args=None, catkin_cmake_args=None, catkin_skip_building_tests=False, mixin_files=None, mixin=None, verb_parser=<colcon_mixin.mixin.mixin_argument.MixinArgumentDecorator object at 0x7fd16c7b56f0>, verb_extension=<colcon_core.verb.build.BuildVerb object at 0x7fd16c7b5210>, main=<bound method BuildVerb.main of <colcon_core.verb.build.BuildVerb object at 0x7fd16c7b5210>>, mixin_verb=('build',))
[3.767s] Level 1:colcon.colcon_core.package_discovery:discover_packages(colcon_meta) check parameters
[3.768s] Level 1:colcon.colcon_core.package_discovery:discover_packages(recursive) check parameters
[3.768s] Level 1:colcon.colcon_core.package_discovery:discover_packages(ignore) check parameters
[3.769s] Level 1:colcon.colcon_core.package_discovery:discover_packages(path) check parameters
[3.769s] Level 1:colcon.colcon_core.package_discovery:discover_packages(colcon_meta) discover
[3.770s] Level 1:colcon.colcon_core.package_discovery:discover_packages(recursive) discover
[3.771s] INFO:colcon.colcon_core.package_discovery:Crawling recursively for packages in '/mnt/c/ros2_ws/3-26-SRC'
[3.773s] Level 1:colcon.colcon_core.package_identification:_identify(.) by extensions ['ignore', 'ignore_ament_install']
[3.773s] Level 1:colcon.colcon_core.package_identification:_identify(.) by extension 'ignore'
[3.774s] Level 1:colcon.colcon_core.package_identification:_identify(.) by extension 'ignore_ament_install'
[3.775s] Level 1:colcon.colcon_core.package_identification:_identify(.) by extensions ['colcon_pkg']
[3.775s] Level 1:colcon.colcon_core.package_identification:_identify(.) by extension 'colcon_pkg'
[3.776s] Level 1:colcon.colcon_core.package_identification:_identify(.) by extensions ['colcon_meta']
[3.776s] Level 1:colcon.colcon_core.package_identification:_identify(.) by extension 'colcon_meta'
[3.777s] Level 1:colcon.colcon_core.package_identification:_identify(.) by extensions ['ros']
[3.777s] Level 1:colcon.colcon_core.package_identification:_identify(.) by extension 'ros'
[3.843s] Level 1:colcon.colcon_core.package_identification:_identify(.) by extensions ['cmake', 'python']
[3.844s] Level 1:colcon.colcon_core.package_identification:_identify(.) by extension 'cmake'
[3.845s] Level 1:colcon.colcon_core.package_identification:_identify(.) by extension 'python'
[3.846s] Level 1:colcon.colcon_core.package_identification:_identify(.) by extensions ['python_setup_py']
[3.847s] Level 1:colcon.colcon_core.package_identification:_identify(.) by extension 'python_setup_py'
[3.851s] Level 1:colcon.colcon_core.package_identification:_identify(build) by extensions ['ignore', 'ignore_ament_install']
[3.852s] Level 1:colcon.colcon_core.package_identification:_identify(build) by extension 'ignore'
[3.855s] Level 1:colcon.colcon_core.package_identification:_identify(build) ignored
[3.859s] Level 1:colcon.colcon_core.package_identification:_identify(control) by extensions ['ignore', 'ignore_ament_install']
[3.860s] Level 1:colcon.colcon_core.package_identification:_identify(control) by extension 'ignore'
[3.861s] Level 1:colcon.colcon_core.package_identification:_identify(control) by extension 'ignore_ament_install'
[3.864s] Level 1:colcon.colcon_core.package_identification:_identify(control) by extensions ['colcon_pkg']
[3.864s] Level 1:colcon.colcon_core.package_identification:_identify(control) by extension 'colcon_pkg'
[3.865s] Level 1:colcon.colcon_core.package_identification:_identify(control) by extensions ['colcon_meta']
[3.866s] Level 1:colcon.colcon_core.package_identification:_identify(control) by extension 'colcon_meta'
[3.867s] Level 1:colcon.colcon_core.package_identification:_identify(control) by extensions ['ros']
[3.868s] Level 1:colcon.colcon_core.package_identification:_identify(control) by extension 'ros'
[3.892s] DEBUG:colcon.colcon_core.package_identification:Package 'control' with type 'ros.ament_python' and name 'control'
[3.900s] Level 1:colcon.colcon_core.package_identification:_identify(install) by extensions ['ignore', 'ignore_ament_install']
[3.900s] Level 1:colcon.colcon_core.package_identification:_identify(install) by extension 'ignore'
[3.902s] Level 1:colcon.colcon_core.package_identification:_identify(install) ignored
[3.911s] Level 1:colcon.colcon_core.package_identification:_identify(log) by extensions ['ignore', 'ignore_ament_install']
[3.912s] Level 1:colcon.colcon_core.package_identification:_identify(log) by extension 'ignore'
[3.913s] Level 1:colcon.colcon_core.package_identification:_identify(log) ignored
[3.913s] Level 1:colcon.colcon_core.package_discovery:discover_packages(recursive) using defaults
[3.914s] Level 1:colcon.colcon_core.package_discovery:discover_packages(ignore) discover
[3.914s] Level 1:colcon.colcon_core.package_discovery:discover_packages(ignore) using defaults
[3.914s] Level 1:colcon.colcon_core.package_discovery:discover_packages(path) discover
[3.914s] Level 1:colcon.colcon_core.package_discovery:discover_packages(path) using defaults
[4.228s] Level 1:colcon.colcon_core.package_discovery:discover_packages(prefix_path) check parameters
[4.229s] Level 1:colcon.colcon_core.package_discovery:discover_packages(prefix_path) discover
[4.320s] DEBUG:colcon.colcon_installed_package_information.package_discovery:Found 1 installed packages in /mnt/c/ros2_ws/3-26-SRC/install
[4.379s] DEBUG:colcon.colcon_installed_package_information.package_discovery:Found 3 installed packages in /mnt/c/ros2_ws/install
[4.396s] DEBUG:colcon.colcon_installed_package_information.package_discovery:Found 271 installed packages in /opt/ros/humble
[4.400s] Level 1:colcon.colcon_core.package_discovery:discover_packages(prefix_path) using defaults
[4.672s] Level 5:colcon.colcon_core.verb:set package 'control' build argument 'cmake_args' from command line to 'None'
[4.672s] Level 5:colcon.colcon_core.verb:set package 'control' build argument 'cmake_target' from command line to 'None'
[4.673s] Level 5:colcon.colcon_core.verb:set package 'control' build argument 'cmake_target_skip_unavailable' from command line to 'False'
[4.673s] Level 5:colcon.colcon_core.verb:set package 'control' build argument 'cmake_clean_cache' from command line to 'False'
[4.673s] Level 5:colcon.colcon_core.verb:set package 'control' build argument 'cmake_clean_first' from command line to 'False'
[4.673s] Level 5:colcon.colcon_core.verb:set package 'control' build argument 'cmake_force_configure' from command line to 'False'
[4.674s] Level 5:colcon.colcon_core.verb:set package 'control' build argument 'ament_cmake_args' from command line to 'None'
[4.674s] Level 5:colcon.colcon_core.verb:set package 'control' build argument 'catkin_cmake_args' from command line to 'None'
[4.674s] Level 5:colcon.colcon_core.verb:set package 'control' build argument 'catkin_skip_building_tests' from command line to 'False'
[4.675s] DEBUG:colcon.colcon_core.verb:Building package 'control' with the following arguments: {'ament_cmake_args': None, 'build_base': '/mnt/c/ros2_ws/3-26-SRC/build/control', 'catkin_cmake_args': None, 'catkin_skip_building_tests': False, 'cmake_args': None, 'cmake_clean_cache': False, 'cmake_clean_first': False, 'cmake_force_configure': False, 'cmake_target': None, 'cmake_target_skip_unavailable': False, 'install_base': '/mnt/c/ros2_ws/3-26-SRC/install/control', 'merge_install': False, 'path': '/mnt/c/ros2_ws/3-26-SRC/control', 'symlink_install': False, 'test_result_base': None}
[4.675s] INFO:colcon.colcon_core.executor:Executing jobs using 'parallel' executor
[4.679s] DEBUG:colcon.colcon_parallel_executor.executor.parallel:run_until_complete
[4.680s] INFO:colcon.colcon_ros.task.ament_python.build:Building ROS package in '/mnt/c/ros2_ws/3-26-SRC/control' with build type 'ament_python'
[4.681s] Level 1:colcon.colcon_core.shell:create_environment_hook('control', 'ament_prefix_path')
[4.725s] INFO:colcon.colcon_core.plugin_system:Skipping extension 'colcon_core.shell.bat': Not used on non-Windows systems
[4.726s] INFO:colcon.colcon_core.shell:Creating environment hook '/mnt/c/ros2_ws/3-26-SRC/install/control/share/control/hook/ament_prefix_path.ps1'
[4.750s] INFO:colcon.colcon_core.shell:Creating environment descriptor '/mnt/c/ros2_ws/3-26-SRC/install/control/share/control/hook/ament_prefix_path.dsv'
[4.771s] INFO:colcon.colcon_core.shell:Creating environment hook '/mnt/c/ros2_ws/3-26-SRC/install/control/share/control/hook/ament_prefix_path.sh'
[4.799s] INFO:colcon.colcon_core.shell:Skip shell extension 'powershell' for command environment: Not usable outside of PowerShell
[4.800s] DEBUG:colcon.colcon_core.shell:Skip shell extension 'dsv' for command environment
[7.916s] INFO:colcon.colcon_core.task.python.build:Building Python package in '/mnt/c/ros2_ws/3-26-SRC/control'
[7.919s] INFO:colcon.colcon_core.shell:Skip shell extension 'powershell' for command environment: Not usable outside of PowerShell
[7.920s] DEBUG:colcon.colcon_core.shell:Skip shell extension 'dsv' for command environment
[12.504s] DEBUG:colcon.colcon_core.event_handler.log_command:Invoking command in '/mnt/c/ros2_ws/3-26-SRC/control': PYTHONPATH=/mnt/c/ros2_ws/3-26-SRC/build/control/prefix_override:/usr/lib/python3/dist-packages/colcon_core/task/python/colcon_distutils_commands:/mnt/c/ros2_ws/3-26-SRC/install/control/lib/python3.10/site-packages:${PYTHONPATH} /usr/bin/python3 -W ignore:setup.py install is deprecated -W ignore:easy_install command is deprecated setup.py egg_info --egg-base ../build/control build --build-base /mnt/c/ros2_ws/3-26-SRC/build/control/build install --record /mnt/c/ros2_ws/3-26-SRC/build/control/install.log --single-version-externally-managed install_data
[16.684s] DEBUG:colcon.colcon_core.event_handler.log_command:Invoked command in '/mnt/c/ros2_ws/3-26-SRC/control' returned '0': PYTHONPATH=/mnt/c/ros2_ws/3-26-SRC/build/control/prefix_override:/usr/lib/python3/dist-packages/colcon_core/task/python/colcon_distutils_commands:/mnt/c/ros2_ws/3-26-SRC/install/control/lib/python3.10/site-packages:${PYTHONPATH} /usr/bin/python3 -W ignore:setup.py install is deprecated -W ignore:easy_install command is deprecated setup.py egg_info --egg-base ../build/control build --build-base /mnt/c/ros2_ws/3-26-SRC/build/control/build install --record /mnt/c/ros2_ws/3-26-SRC/build/control/install.log --single-version-externally-managed install_data
[16.736s] Level 1:colcon.colcon_core.environment:checking '/mnt/c/ros2_ws/3-26-SRC/install/control' for CMake module files
[16.821s] Level 1:colcon.colcon_core.environment:checking '/mnt/c/ros2_ws/3-26-SRC/install/control' for CMake config files
[16.963s] Level 1:colcon.colcon_core.environment:checking '/mnt/c/ros2_ws/3-26-SRC/install/control/lib'
[16.973s] Level 1:colcon.colcon_core.environment:checking '/mnt/c/ros2_ws/3-26-SRC/install/control/bin'
[16.975s] Level 1:colcon.colcon_core.environment:checking '/mnt/c/ros2_ws/3-26-SRC/install/control/lib/pkgconfig/control.pc'
[16.979s] Level 1:colcon.colcon_core.environment:checking '/mnt/c/ros2_ws/3-26-SRC/install/control/lib/python3.10/site-packages'
[16.988s] Level 1:colcon.colcon_core.shell:create_environment_hook('control', 'pythonpath')
[16.990s] INFO:colcon.colcon_core.shell:Creating environment hook '/mnt/c/ros2_ws/3-26-SRC/install/control/share/control/hook/pythonpath.ps1'
[17.021s] INFO:colcon.colcon_core.shell:Creating environment descriptor '/mnt/c/ros2_ws/3-26-SRC/install/control/share/control/hook/pythonpath.dsv'
[17.043s] INFO:colcon.colcon_core.shell:Creating environment hook '/mnt/c/ros2_ws/3-26-SRC/install/control/share/control/hook/pythonpath.sh'
[17.065s] Level 1:colcon.colcon_core.environment:checking '/mnt/c/ros2_ws/3-26-SRC/install/control/bin'
[17.067s] Level 1:colcon.colcon_core.environment:create_environment_scripts_only(control)
[17.068s] INFO:colcon.colcon_core.shell:Creating package script '/mnt/c/ros2_ws/3-26-SRC/install/control/share/control/package.ps1'
[17.091s] INFO:colcon.colcon_core.shell:Creating package descriptor '/mnt/c/ros2_ws/3-26-SRC/install/control/share/control/package.dsv'
[17.113s] INFO:colcon.colcon_core.shell:Creating package script '/mnt/c/ros2_ws/3-26-SRC/install/control/share/control/package.sh'
[17.134s] INFO:colcon.colcon_core.shell:Creating package script '/mnt/c/ros2_ws/3-26-SRC/install/control/share/control/package.bash'
[17.153s] INFO:colcon.colcon_core.shell:Creating package script '/mnt/c/ros2_ws/3-26-SRC/install/control/share/control/package.zsh'
[17.173s] Level 1:colcon.colcon_core.environment:create_file_with_runtime_dependencies(/mnt/c/ros2_ws/3-26-SRC/install/control/share/colcon-core/packages/control)
[17.188s] DEBUG:colcon.colcon_parallel_executor.executor.parallel:closing loop
[17.189s] DEBUG:colcon.colcon_parallel_executor.executor.parallel:loop closed
[17.190s] DEBUG:colcon.colcon_parallel_executor.executor.parallel:run_until_complete finished with '0'
[17.191s] DEBUG:colcon.colcon_core.event_reactor:joining thread
[17.369s] INFO:colcon.colcon_core.plugin_system:Skipping extension 'colcon_notification.desktop_notification.notify_send': Could not find 'notify-send'
[17.370s] INFO:colcon.colcon_core.plugin_system:Skipping extension 'colcon_notification.desktop_notification.terminal_notifier': Not used on non-Darwin systems
[17.371s] INFO:colcon.colcon_core.plugin_system:Skipping extension 'colcon_notification.desktop_notification.win32': Not used on non-Windows systems
[17.372s] INFO:colcon.colcon_notification.desktop_notification:Sending desktop notification using 'notify2'
[17.374s] DEBUG:colcon.colcon_notification.desktop_notification.notify2:Failed to initialize notify2: org.freedesktop.DBus.Error.FileNotFound: Failed to connect to socket /run/user/1000/bus: No such file or directory
[17.375s] DEBUG:colcon.colcon_core.event_reactor:joined thread
[17.378s] INFO:colcon.colcon_core.shell:Creating prefix script '/mnt/c/ros2_ws/3-26-SRC/install/local_setup.ps1'
[17.395s] INFO:colcon.colcon_core.shell:Creating prefix util module '/mnt/c/ros2_ws/3-26-SRC/install/_local_setup_util_ps1.py'
[17.410s] INFO:colcon.colcon_core.shell:Creating prefix chain script '/mnt/c/ros2_ws/3-26-SRC/install/setup.ps1'
[17.481s] INFO:colcon.colcon_core.shell:Creating prefix script '/mnt/c/ros2_ws/3-26-SRC/install/local_setup.sh'
[17.495s] INFO:colcon.colcon_core.shell:Creating prefix util module '/mnt/c/ros2_ws/3-26-SRC/install/_local_setup_util_sh.py'
[17.507s] INFO:colcon.colcon_core.shell:Creating prefix chain script '/mnt/c/ros2_ws/3-26-SRC/install/setup.sh'
[17.578s] INFO:colcon.colcon_core.shell:Creating prefix script '/mnt/c/ros2_ws/3-26-SRC/install/local_setup.bash'
[17.593s] INFO:colcon.colcon_core.shell:Creating prefix chain script '/mnt/c/ros2_ws/3-26-SRC/install/setup.bash'
[17.654s] INFO:colcon.colcon_core.shell:Creating prefix script '/mnt/c/ros2_ws/3-26-SRC/install/local_setup.zsh'
[17.667s] INFO:colcon.colcon_core.shell:Creating prefix chain script '/mnt/c/ros2_ws/3-26-SRC/install/setup.zsh'
