[1.200s] DEBUG:colcon:Command line arguments: ['/usr/bin/colcon', 'build']
[1.201s] DEBUG:colcon:Parsed command line arguments: Namespace(log_base=None, log_level=None, verb_name='build', build_base='build', install_base='install', merge_install=False, symlink_install=False, test_result_base=None, continue_on_error=False, executor='parallel', parallel_workers=8, event_handlers=None, ignore_user_meta=False, metas=['./colcon.meta'], base_paths=['.'], packages_ignore=None, packages_ignore_regex=None, paths=None, packages_up_to=None, packages_up_to_regex=None, packages_above=None, packages_above_and_dependencies=None, packages_above_depth=None, packages_select_by_dep=None, packages_skip_by_dep=None, packages_skip_up_to=None, packages_select_build_failed=False, packages_skip_build_finished=False, packages_select_test_failures=False, packages_skip_test_passed=False, packages_select=None, packages_skip=None, packages_select_regex=None, packages_skip_regex=None, packages_start=None, packages_end=None, allow_overriding=[], cmake_args=None, cmake_target=None, cmake_target_skip_unavailable=False, cmake_clean_cache=False, cmake_clean_first=False, cmake_force_configure=False, ament_cmake_args=None, catkin_cmake_args=None, catkin_skip_building_tests=False, mixin_files=None, mixin=None, verb_parser=<colcon_mixin.mixin.mixin_argument.MixinArgumentDecorator object at 0x7fd999410af0>, verb_extension=<colcon_core.verb.build.BuildVerb object at 0x7fd999410610>, main=<bound method BuildVerb.main of <colcon_core.verb.build.BuildVerb object at 0x7fd999410610>>, mixin_verb=('build',))
[7.652s] Level 1:colcon.colcon_core.package_discovery:discover_packages(colcon_meta) check parameters
[7.654s] Level 1:colcon.colcon_core.package_discovery:discover_packages(recursive) check parameters
[7.655s] Level 1:colcon.colcon_core.package_discovery:discover_packages(ignore) check parameters
[7.655s] Level 1:colcon.colcon_core.package_discovery:discover_packages(path) check parameters
[7.655s] Level 1:colcon.colcon_core.package_discovery:discover_packages(colcon_meta) discover
[7.656s] Level 1:colcon.colcon_core.package_discovery:discover_packages(recursive) discover
[7.656s] INFO:colcon.colcon_core.package_discovery:Crawling recursively for packages in '/mnt/c/ros2_ws'
[7.660s] Level 1:colcon.colcon_core.package_identification:_identify(.) by extensions ['ignore', 'ignore_ament_install']
[7.660s] Level 1:colcon.colcon_core.package_identification:_identify(.) by extension 'ignore'
[7.661s] Level 1:colcon.colcon_core.package_identification:_identify(.) by extension 'ignore_ament_install'
[7.663s] Level 1:colcon.colcon_core.package_identification:_identify(.) by extensions ['colcon_pkg']
[7.664s] Level 1:colcon.colcon_core.package_identification:_identify(.) by extension 'colcon_pkg'
[7.665s] Level 1:colcon.colcon_core.package_identification:_identify(.) by extensions ['colcon_meta']
[7.665s] Level 1:colcon.colcon_core.package_identification:_identify(.) by extension 'colcon_meta'
[7.665s] Level 1:colcon.colcon_core.package_identification:_identify(.) by extensions ['ros']
[7.666s] Level 1:colcon.colcon_core.package_identification:_identify(.) by extension 'ros'
[1.725s] Level 1:colcon.colcon_core.package_identification:_identify(.) by extensions ['cmake', 'python']
[1.726s] Level 1:colcon.colcon_core.package_identification:_identify(.) by extension 'cmake'
[1.728s] Level 1:colcon.colcon_core.package_identification:_identify(.) by extension 'python'
[1.729s] Level 1:colcon.colcon_core.package_identification:_identify(.) by extensions ['python_setup_py']
[1.730s] Level 1:colcon.colcon_core.package_identification:_identify(.) by extension 'python_setup_py'
[1.736s] Level 1:colcon.colcon_core.package_identification:_identify(build) by extensions ['ignore', 'ignore_ament_install']
[1.736s] Level 1:colcon.colcon_core.package_identification:_identify(build) by extension 'ignore'
[1.739s] Level 1:colcon.colcon_core.package_identification:_identify(build) ignored
[1.747s] Level 1:colcon.colcon_core.package_identification:_identify(install) by extensions ['ignore', 'ignore_ament_install']
[1.749s] Level 1:colcon.colcon_core.package_identification:_identify(install) by extension 'ignore'
[1.777s] Level 1:colcon.colcon_core.package_identification:_identify(install) ignored
[1.789s] Level 1:colcon.colcon_core.package_identification:_identify(log) by extensions ['ignore', 'ignore_ament_install']
[1.790s] Level 1:colcon.colcon_core.package_identification:_identify(log) by extension 'ignore'
[1.794s] Level 1:colcon.colcon_core.package_identification:_identify(log) ignored
[1.800s] Level 1:colcon.colcon_core.package_identification:_identify(src) by extensions ['ignore', 'ignore_ament_install']
[1.801s] Level 1:colcon.colcon_core.package_identification:_identify(src) by extension 'ignore'
[1.803s] Level 1:colcon.colcon_core.package_identification:_identify(src) by extension 'ignore_ament_install'
[1.807s] Level 1:colcon.colcon_core.package_identification:_identify(src) by extensions ['colcon_pkg']
[1.808s] Level 1:colcon.colcon_core.package_identification:_identify(src) by extension 'colcon_pkg'
[1.809s] Level 1:colcon.colcon_core.package_identification:_identify(src) by extensions ['colcon_meta']
[1.809s] Level 1:colcon.colcon_core.package_identification:_identify(src) by extension 'colcon_meta'
[1.812s] Level 1:colcon.colcon_core.package_identification:_identify(src) by extensions ['ros']
[1.812s] Level 1:colcon.colcon_core.package_identification:_identify(src) by extension 'ros'
[1.819s] Level 1:colcon.colcon_core.package_identification:_identify(src) by extensions ['cmake', 'python']
[1.819s] Level 1:colcon.colcon_core.package_identification:_identify(src) by extension 'cmake'
[1.821s] Level 1:colcon.colcon_core.package_identification:_identify(src) by extension 'python'
[1.823s] Level 1:colcon.colcon_core.package_identification:_identify(src) by extensions ['python_setup_py']
[1.824s] Level 1:colcon.colcon_core.package_identification:_identify(src) by extension 'python_setup_py'
[1.834s] Level 1:colcon.colcon_core.package_identification:_identify(src/control) by extensions ['ignore', 'ignore_ament_install']
[1.835s] Level 1:colcon.colcon_core.package_identification:_identify(src/control) by extension 'ignore'
[1.838s] Level 1:colcon.colcon_core.package_identification:_identify(src/control) by extension 'ignore_ament_install'
[1.844s] Level 1:colcon.colcon_core.package_identification:_identify(src/control) by extensions ['colcon_pkg']
[1.844s] Level 1:colcon.colcon_core.package_identification:_identify(src/control) by extension 'colcon_pkg'
[1.848s] Level 1:colcon.colcon_core.package_identification:_identify(src/control) by extensions ['colcon_meta']
[1.849s] Level 1:colcon.colcon_core.package_identification:_identify(src/control) by extension 'colcon_meta'
[1.853s] Level 1:colcon.colcon_core.package_identification:_identify(src/control) by extensions ['ros']
[1.854s] Level 1:colcon.colcon_core.package_identification:_identify(src/control) by extension 'ros'
[1.899s] DEBUG:colcon.colcon_core.package_identification:Package 'src/control' with type 'ros.ament_python' and name 'control'
[1.910s] Level 1:colcon.colcon_core.package_identification:_identify(src/pub_sub) by extensions ['ignore', 'ignore_ament_install']
[1.911s] Level 1:colcon.colcon_core.package_identification:_identify(src/pub_sub) by extension 'ignore'
[1.916s] Level 1:colcon.colcon_core.package_identification:_identify(src/pub_sub) by extension 'ignore_ament_install'
[1.920s] Level 1:colcon.colcon_core.package_identification:_identify(src/pub_sub) by extensions ['colcon_pkg']
[1.921s] Level 1:colcon.colcon_core.package_identification:_identify(src/pub_sub) by extension 'colcon_pkg'
[1.924s] Level 1:colcon.colcon_core.package_identification:_identify(src/pub_sub) by extensions ['colcon_meta']
[1.924s] Level 1:colcon.colcon_core.package_identification:_identify(src/pub_sub) by extension 'colcon_meta'
[1.928s] Level 1:colcon.colcon_core.package_identification:_identify(src/pub_sub) by extensions ['ros']
[1.929s] Level 1:colcon.colcon_core.package_identification:_identify(src/pub_sub) by extension 'ros'
[1.955s] DEBUG:colcon.colcon_core.package_identification:Package 'src/pub_sub' with type 'ros.ament_python' and name 'pub_sub'
[1.956s] Level 1:colcon.colcon_core.package_discovery:discover_packages(recursive) using defaults
[1.956s] Level 1:colcon.colcon_core.package_discovery:discover_packages(ignore) discover
[1.957s] Level 1:colcon.colcon_core.package_discovery:discover_packages(ignore) using defaults
[1.958s] Level 1:colcon.colcon_core.package_discovery:discover_packages(path) discover
[1.958s] Level 1:colcon.colcon_core.package_discovery:discover_packages(path) using defaults
[2.200s] Level 1:colcon.colcon_core.package_discovery:discover_packages(prefix_path) check parameters
[2.201s] Level 1:colcon.colcon_core.package_discovery:discover_packages(prefix_path) discover
[2.304s] DEBUG:colcon.colcon_installed_package_information.package_discovery:Found 2 installed packages in /mnt/c/ros2_ws/install
[2.308s] DEBUG:colcon.colcon_installed_package_information.package_discovery:Found 271 installed packages in /opt/ros/humble
[2.311s] Level 1:colcon.colcon_core.package_discovery:discover_packages(prefix_path) using defaults
[2.468s] Level 5:colcon.colcon_core.verb:set package 'control' build argument 'cmake_args' from command line to 'None'
[2.469s] Level 5:colcon.colcon_core.verb:set package 'control' build argument 'cmake_target' from command line to 'None'
[2.470s] Level 5:colcon.colcon_core.verb:set package 'control' build argument 'cmake_target_skip_unavailable' from command line to 'False'
[2.471s] Level 5:colcon.colcon_core.verb:set package 'control' build argument 'cmake_clean_cache' from command line to 'False'
[2.472s] Level 5:colcon.colcon_core.verb:set package 'control' build argument 'cmake_clean_first' from command line to 'False'
[2.473s] Level 5:colcon.colcon_core.verb:set package 'control' build argument 'cmake_force_configure' from command line to 'False'
[2.473s] Level 5:colcon.colcon_core.verb:set package 'control' build argument 'ament_cmake_args' from command line to 'None'
[2.474s] Level 5:colcon.colcon_core.verb:set package 'control' build argument 'catkin_cmake_args' from command line to 'None'
[2.474s] Level 5:colcon.colcon_core.verb:set package 'control' build argument 'catkin_skip_building_tests' from command line to 'False'
[2.475s] DEBUG:colcon.colcon_core.verb:Building package 'control' with the following arguments: {'ament_cmake_args': None, 'build_base': '/mnt/c/ros2_ws/build/control', 'catkin_cmake_args': None, 'catkin_skip_building_tests': False, 'cmake_args': None, 'cmake_clean_cache': False, 'cmake_clean_first': False, 'cmake_force_configure': False, 'cmake_target': None, 'cmake_target_skip_unavailable': False, 'install_base': '/mnt/c/ros2_ws/install/control', 'merge_install': False, 'path': '/mnt/c/ros2_ws/src/control', 'symlink_install': False, 'test_result_base': None}
[2.476s] Level 5:colcon.colcon_core.verb:set package 'pub_sub' build argument 'cmake_args' from command line to 'None'
[2.477s] Level 5:colcon.colcon_core.verb:set package 'pub_sub' build argument 'cmake_target' from command line to 'None'
[2.477s] Level 5:colcon.colcon_core.verb:set package 'pub_sub' build argument 'cmake_target_skip_unavailable' from command line to 'False'
[2.477s] Level 5:colcon.colcon_core.verb:set package 'pub_sub' build argument 'cmake_clean_cache' from command line to 'False'
[2.478s] Level 5:colcon.colcon_core.verb:set package 'pub_sub' build argument 'cmake_clean_first' from command line to 'False'
[2.478s] Level 5:colcon.colcon_core.verb:set package 'pub_sub' build argument 'cmake_force_configure' from command line to 'False'
[2.479s] Level 5:colcon.colcon_core.verb:set package 'pub_sub' build argument 'ament_cmake_args' from command line to 'None'
[2.479s] Level 5:colcon.colcon_core.verb:set package 'pub_sub' build argument 'catkin_cmake_args' from command line to 'None'
[2.480s] Level 5:colcon.colcon_core.verb:set package 'pub_sub' build argument 'catkin_skip_building_tests' from command line to 'False'
[2.481s] DEBUG:colcon.colcon_core.verb:Building package 'pub_sub' with the following arguments: {'ament_cmake_args': None, 'build_base': '/mnt/c/ros2_ws/build/pub_sub', 'catkin_cmake_args': None, 'catkin_skip_building_tests': False, 'cmake_args': None, 'cmake_clean_cache': False, 'cmake_clean_first': False, 'cmake_force_configure': False, 'cmake_target': None, 'cmake_target_skip_unavailable': False, 'install_base': '/mnt/c/ros2_ws/install/pub_sub', 'merge_install': False, 'path': '/mnt/c/ros2_ws/src/pub_sub', 'symlink_install': False, 'test_result_base': None}
[2.482s] INFO:colcon.colcon_core.executor:Executing jobs using 'parallel' executor
[2.485s] DEBUG:colcon.colcon_parallel_executor.executor.parallel:run_until_complete
[2.486s] INFO:colcon.colcon_ros.task.ament_python.build:Building ROS package in '/mnt/c/ros2_ws/src/control' with build type 'ament_python'
[2.487s] Level 1:colcon.colcon_core.shell:create_environment_hook('control', 'ament_prefix_path')
[2.516s] INFO:colcon.colcon_core.plugin_system:Skipping extension 'colcon_core.shell.bat': Not used on non-Windows systems
[2.517s] INFO:colcon.colcon_core.shell:Creating environment hook '/mnt/c/ros2_ws/install/control/share/control/hook/ament_prefix_path.ps1'
[2.547s] INFO:colcon.colcon_core.shell:Creating environment descriptor '/mnt/c/ros2_ws/install/control/share/control/hook/ament_prefix_path.dsv'
[2.577s] INFO:colcon.colcon_core.shell:Creating environment hook '/mnt/c/ros2_ws/install/control/share/control/hook/ament_prefix_path.sh'
[2.610s] INFO:colcon.colcon_core.shell:Skip shell extension 'powershell' for command environment: Not usable outside of PowerShell
[2.611s] DEBUG:colcon.colcon_core.shell:Skip shell extension 'dsv' for command environment
[2.741s] INFO:colcon.colcon_ros.task.ament_python.build:Building ROS package in '/mnt/c/ros2_ws/src/pub_sub' with build type 'ament_python'
[2.742s] Level 1:colcon.colcon_core.shell:create_environment_hook('pub_sub', 'ament_prefix_path')
[2.743s] INFO:colcon.colcon_core.shell:Creating environment hook '/mnt/c/ros2_ws/install/pub_sub/share/pub_sub/hook/ament_prefix_path.ps1'
[2.773s] INFO:colcon.colcon_core.shell:Creating environment descriptor '/mnt/c/ros2_ws/install/pub_sub/share/pub_sub/hook/ament_prefix_path.dsv'
[2.807s] INFO:colcon.colcon_core.shell:Creating environment hook '/mnt/c/ros2_ws/install/pub_sub/share/pub_sub/hook/ament_prefix_path.sh'
[2.840s] INFO:colcon.colcon_core.shell:Skip shell extension 'powershell' for command environment: Not usable outside of PowerShell
[2.840s] DEBUG:colcon.colcon_core.shell:Skip shell extension 'dsv' for command environment
[4.533s] INFO:colcon.colcon_core.task.python.build:Building Python package in '/mnt/c/ros2_ws/src/control'
[4.534s] INFO:colcon.colcon_core.shell:Skip shell extension 'powershell' for command environment: Not usable outside of PowerShell
[4.535s] DEBUG:colcon.colcon_core.shell:Skip shell extension 'dsv' for command environment
[6.136s] INFO:colcon.colcon_core.task.python.build:Building Python package in '/mnt/c/ros2_ws/src/pub_sub'
[6.137s] INFO:colcon.colcon_core.shell:Skip shell extension 'powershell' for command environment: Not usable outside of PowerShell
[6.137s] DEBUG:colcon.colcon_core.shell:Skip shell extension 'dsv' for command environment
[8.347s] DEBUG:colcon.colcon_core.event_handler.log_command:Invoking command in '/mnt/c/ros2_ws/src/control': PYTHONPATH=/mnt/c/ros2_ws/build/control/prefix_override:/usr/lib/python3/dist-packages/colcon_core/task/python/colcon_distutils_commands:/mnt/c/ros2_ws/install/control/lib/python3.10/site-packages:${PYTHONPATH} /usr/bin/python3 -W ignore:setup.py install is deprecated -W ignore:easy_install command is deprecated setup.py egg_info --egg-base ../../build/control build --build-base /mnt/c/ros2_ws/build/control/build install --record /mnt/c/ros2_ws/build/control/install.log --single-version-externally-managed install_data
[8.398s] DEBUG:colcon.colcon_core.event_handler.log_command:Invoking command in '/mnt/c/ros2_ws/src/pub_sub': PYTHONPATH=/mnt/c/ros2_ws/build/pub_sub/prefix_override:/usr/lib/python3/dist-packages/colcon_core/task/python/colcon_distutils_commands:/mnt/c/ros2_ws/install/pub_sub/lib/python3.10/site-packages:${PYTHONPATH} /usr/bin/python3 -W ignore:setup.py install is deprecated -W ignore:easy_install command is deprecated setup.py egg_info --egg-base ../../build/pub_sub build --build-base /mnt/c/ros2_ws/build/pub_sub/build install --record /mnt/c/ros2_ws/build/pub_sub/install.log --single-version-externally-managed install_data
[11.435s] DEBUG:colcon.colcon_core.event_handler.log_command:Invoked command in '/mnt/c/ros2_ws/src/pub_sub' returned '0': PYTHONPATH=/mnt/c/ros2_ws/build/pub_sub/prefix_override:/usr/lib/python3/dist-packages/colcon_core/task/python/colcon_distutils_commands:/mnt/c/ros2_ws/install/pub_sub/lib/python3.10/site-packages:${PYTHONPATH} /usr/bin/python3 -W ignore:setup.py install is deprecated -W ignore:easy_install command is deprecated setup.py egg_info --egg-base ../../build/pub_sub build --build-base /mnt/c/ros2_ws/build/pub_sub/build install --record /mnt/c/ros2_ws/build/pub_sub/install.log --single-version-externally-managed install_data
[11.466s] Level 1:colcon.colcon_core.environment:checking '/mnt/c/ros2_ws/install/pub_sub' for CMake module files
[11.555s] Level 1:colcon.colcon_core.environment:checking '/mnt/c/ros2_ws/install/pub_sub' for CMake config files
[11.706s] Level 1:colcon.colcon_core.environment:checking '/mnt/c/ros2_ws/install/pub_sub/lib'
[11.712s] Level 1:colcon.colcon_core.environment:checking '/mnt/c/ros2_ws/install/pub_sub/bin'
[11.715s] Level 1:colcon.colcon_core.environment:checking '/mnt/c/ros2_ws/install/pub_sub/lib/pkgconfig/pub_sub.pc'
[11.718s] Level 1:colcon.colcon_core.environment:checking '/mnt/c/ros2_ws/install/pub_sub/lib/python3.10/site-packages'
[11.723s] Level 1:colcon.colcon_core.shell:create_environment_hook('pub_sub', 'pythonpath')
[11.724s] INFO:colcon.colcon_core.shell:Creating environment hook '/mnt/c/ros2_ws/install/pub_sub/share/pub_sub/hook/pythonpath.ps1'
[11.747s] INFO:colcon.colcon_core.shell:Creating environment descriptor '/mnt/c/ros2_ws/install/pub_sub/share/pub_sub/hook/pythonpath.dsv'
[11.772s] INFO:colcon.colcon_core.shell:Creating environment hook '/mnt/c/ros2_ws/install/pub_sub/share/pub_sub/hook/pythonpath.sh'
[17.313s] Level 1:colcon.colcon_core.environment:checking '/mnt/c/ros2_ws/install/pub_sub/bin'
[17.315s] Level 1:colcon.colcon_core.environment:create_environment_scripts_only(pub_sub)
[17.316s] INFO:colcon.colcon_core.shell:Creating package script '/mnt/c/ros2_ws/install/pub_sub/share/pub_sub/package.ps1'
[17.337s] INFO:colcon.colcon_core.shell:Creating package descriptor '/mnt/c/ros2_ws/install/pub_sub/share/pub_sub/package.dsv'
[17.356s] INFO:colcon.colcon_core.shell:Creating package script '/mnt/c/ros2_ws/install/pub_sub/share/pub_sub/package.sh'
[17.374s] INFO:colcon.colcon_core.shell:Creating package script '/mnt/c/ros2_ws/install/pub_sub/share/pub_sub/package.bash'
[17.393s] INFO:colcon.colcon_core.shell:Creating package script '/mnt/c/ros2_ws/install/pub_sub/share/pub_sub/package.zsh'
[17.411s] Level 1:colcon.colcon_core.environment:create_file_with_runtime_dependencies(/mnt/c/ros2_ws/install/pub_sub/share/colcon-core/packages/pub_sub)
[17.428s] Level 1:colcon.colcon_core.environment:checking '/mnt/c/ros2_ws/install/control' for CMake module files
[17.447s] DEBUG:colcon.colcon_core.event_handler.log_command:Invoked command in '/mnt/c/ros2_ws/src/control' returned '0': PYTHONPATH=/mnt/c/ros2_ws/build/control/prefix_override:/usr/lib/python3/dist-packages/colcon_core/task/python/colcon_distutils_commands:/mnt/c/ros2_ws/install/control/lib/python3.10/site-packages:${PYTHONPATH} /usr/bin/python3 -W ignore:setup.py install is deprecated -W ignore:easy_install command is deprecated setup.py egg_info --egg-base ../../build/control build --build-base /mnt/c/ros2_ws/build/control/build install --record /mnt/c/ros2_ws/build/control/install.log --single-version-externally-managed install_data
[17.517s] Level 1:colcon.colcon_core.environment:checking '/mnt/c/ros2_ws/install/control' for CMake config files
[17.664s] Level 1:colcon.colcon_core.environment:checking '/mnt/c/ros2_ws/install/control/lib'
[17.671s] Level 1:colcon.colcon_core.environment:checking '/mnt/c/ros2_ws/install/control/bin'
[17.673s] Level 1:colcon.colcon_core.environment:checking '/mnt/c/ros2_ws/install/control/lib/pkgconfig/control.pc'
[17.676s] Level 1:colcon.colcon_core.environment:checking '/mnt/c/ros2_ws/install/control/lib/python3.10/site-packages'
[17.680s] Level 1:colcon.colcon_core.shell:create_environment_hook('control', 'pythonpath')
[17.681s] INFO:colcon.colcon_core.shell:Creating environment hook '/mnt/c/ros2_ws/install/control/share/control/hook/pythonpath.ps1'
[17.703s] INFO:colcon.colcon_core.shell:Creating environment descriptor '/mnt/c/ros2_ws/install/control/share/control/hook/pythonpath.dsv'
[17.725s] INFO:colcon.colcon_core.shell:Creating environment hook '/mnt/c/ros2_ws/install/control/share/control/hook/pythonpath.sh'
[17.746s] Level 1:colcon.colcon_core.environment:checking '/mnt/c/ros2_ws/install/control/bin'
[17.749s] Level 1:colcon.colcon_core.environment:create_environment_scripts_only(control)
[17.750s] INFO:colcon.colcon_core.shell:Creating package script '/mnt/c/ros2_ws/install/control/share/control/package.ps1'
[17.766s] INFO:colcon.colcon_core.shell:Creating package descriptor '/mnt/c/ros2_ws/install/control/share/control/package.dsv'
[11.757s] INFO:colcon.colcon_core.shell:Creating package script '/mnt/c/ros2_ws/install/control/share/control/package.sh'
[11.782s] INFO:colcon.colcon_core.shell:Creating package script '/mnt/c/ros2_ws/install/control/share/control/package.bash'
[11.804s] INFO:colcon.colcon_core.shell:Creating package script '/mnt/c/ros2_ws/install/control/share/control/package.zsh'
[11.827s] Level 1:colcon.colcon_core.environment:create_file_with_runtime_dependencies(/mnt/c/ros2_ws/install/control/share/colcon-core/packages/control)
[11.844s] DEBUG:colcon.colcon_parallel_executor.executor.parallel:closing loop
[11.846s] DEBUG:colcon.colcon_parallel_executor.executor.parallel:loop closed
[11.847s] DEBUG:colcon.colcon_parallel_executor.executor.parallel:run_until_complete finished with '0'
[11.847s] DEBUG:colcon.colcon_core.event_reactor:joining thread
[11.942s] INFO:colcon.colcon_core.plugin_system:Skipping extension 'colcon_notification.desktop_notification.notify_send': Could not find 'notify-send'
[11.942s] INFO:colcon.colcon_core.plugin_system:Skipping extension 'colcon_notification.desktop_notification.terminal_notifier': Not used on non-Darwin systems
[11.943s] INFO:colcon.colcon_core.plugin_system:Skipping extension 'colcon_notification.desktop_notification.win32': Not used on non-Windows systems
[11.943s] INFO:colcon.colcon_notification.desktop_notification:Sending desktop notification using 'notify2'
[11.944s] DEBUG:colcon.colcon_notification.desktop_notification.notify2:Failed to initialize notify2: org.freedesktop.DBus.Error.FileNotFound: Failed to connect to socket /run/user/1000/bus: No such file or directory
[11.945s] DEBUG:colcon.colcon_core.event_reactor:joined thread
[11.945s] INFO:colcon.colcon_core.shell:Creating prefix script '/mnt/c/ros2_ws/install/local_setup.ps1'
[11.957s] INFO:colcon.colcon_core.shell:Creating prefix util module '/mnt/c/ros2_ws/install/_local_setup_util_ps1.py'
[11.969s] INFO:colcon.colcon_core.shell:Creating prefix chain script '/mnt/c/ros2_ws/install/setup.ps1'
[12.004s] INFO:colcon.colcon_core.shell:Creating prefix script '/mnt/c/ros2_ws/install/local_setup.sh'
[12.013s] INFO:colcon.colcon_core.shell:Creating prefix util module '/mnt/c/ros2_ws/install/_local_setup_util_sh.py'
[12.024s] INFO:colcon.colcon_core.shell:Creating prefix chain script '/mnt/c/ros2_ws/install/setup.sh'
[12.060s] INFO:colcon.colcon_core.shell:Creating prefix script '/mnt/c/ros2_ws/install/local_setup.bash'
[12.068s] INFO:colcon.colcon_core.shell:Creating prefix chain script '/mnt/c/ros2_ws/install/setup.bash'
[12.100s] INFO:colcon.colcon_core.shell:Creating prefix script '/mnt/c/ros2_ws/install/local_setup.zsh'
[12.111s] INFO:colcon.colcon_core.shell:Creating prefix chain script '/mnt/c/ros2_ws/install/setup.zsh'
