[3.322s] Invoking command in '/mnt/c/ros2_ws/src/control': PYTHONPATH=/mnt/c/ros2_ws/build/control/prefix_override:/usr/lib/python3/dist-packages/colcon_core/task/python/colcon_distutils_commands:/mnt/c/ros2_ws/install/control/lib/python3.10/site-packages:${PYTHONPATH} /usr/bin/python3 -W ignore:setup.py install is deprecated -W ignore:easy_install command is deprecated setup.py egg_info --egg-base ../../build/control build --build-base /mnt/c/ros2_ws/build/control/build install --record /mnt/c/ros2_ws/build/control/install.log --single-version-externally-managed install_data
[4.661s] running egg_info
[4.670s] writing ../../build/control/control.egg-info/PKG-INFO
[4.682s] writing dependency_links to ../../build/control/control.egg-info/dependency_links.txt
[4.692s] writing entry points to ../../build/control/control.egg-info/entry_points.txt
[4.700s] writing requirements to ../../build/control/control.egg-info/requires.txt
[4.706s] writing top-level names to ../../build/control/control.egg-info/top_level.txt
[4.763s] reading manifest file '../../build/control/control.egg-info/SOURCES.txt'
[4.866s] writing manifest file '../../build/control/control.egg-info/SOURCES.txt'
[4.874s] running build
[4.876s] running build_py
[4.902s] running install
[4.905s] running install_lib
[4.997s] running install_data
[5.105s] running install_egg_info
[5.135s] removing '/mnt/c/ros2_ws/install/control/lib/python3.10/site-packages/control-0.0.0-py3.10.egg-info' (and everything under it)
[5.267s] Copying ../../build/control/control.egg-info to /mnt/c/ros2_ws/install/control/lib/python3.10/site-packages/control-0.0.0-py3.10.egg-info
[5.754s] running install_scripts
[5.897s] Installing control script to /mnt/c/ros2_ws/install/control/lib/control
[5.920s] writing list of installed files to '/mnt/c/ros2_ws/build/control/install.log'
[6.012s] Invoked command in '/mnt/c/ros2_ws/src/control' returned '0': PYTHONPATH=/mnt/c/ros2_ws/build/control/prefix_override:/usr/lib/python3/dist-packages/colcon_core/task/python/colcon_distutils_commands:/mnt/c/ros2_ws/install/control/lib/python3.10/site-packages:${PYTHONPATH} /usr/bin/python3 -W ignore:setup.py install is deprecated -W ignore:easy_install command is deprecated setup.py egg_info --egg-base ../../build/control build --build-base /mnt/c/ros2_ws/build/control/build install --record /mnt/c/ros2_ws/build/control/install.log --single-version-externally-managed install_data
