[2.875s] Invoking command in '/mnt/c/ros2_ws/3-26-src/control': PYTHONPATH=/mnt/c/ros2_ws/3-26-src/build/control/prefix_override:/usr/lib/python3/dist-packages/colcon_core/task/python/colcon_distutils_commands:/mnt/c/ros2_ws/3-26-src/install/control/lib/python3.10/site-packages:${PYTHONPATH} /usr/bin/python3 -W ignore:setup.py install is deprecated -W ignore:easy_install command is deprecated setup.py egg_info --egg-base ../build/control build --build-base /mnt/c/ros2_ws/3-26-src/build/control/build install --record /mnt/c/ros2_ws/3-26-src/build/control/install.log --single-version-externally-managed install_data
[4.049s] running egg_info
[4.055s] writing ../build/control/control.egg-info/PKG-INFO
[4.066s] writing dependency_links to ../build/control/control.egg-info/dependency_links.txt
[4.077s] writing entry points to ../build/control/control.egg-info/entry_points.txt
[4.086s] writing requirements to ../build/control/control.egg-info/requires.txt
[4.093s] writing top-level names to ../build/control/control.egg-info/top_level.txt
[4.164s] reading manifest file '../build/control/control.egg-info/SOURCES.txt'
[4.274s] writing manifest file '../build/control/control.egg-info/SOURCES.txt'
[4.281s] running build
[4.282s] running build_py
[4.389s] copying control/midterm4.py -> /mnt/c/ros2_ws/3-26-src/build/control/build/lib/control
[4.429s] copying control/midterm_ex.py -> /mnt/c/ros2_ws/3-26-src/build/control/build/lib/control
[4.495s] running install
[4.496s] running install_lib
[4.677s] copying /mnt/c/ros2_ws/3-26-src/build/control/build/lib/control/midterm4.py -> /mnt/c/ros2_ws/3-26-src/install/control/lib/python3.10/site-packages/control
[4.732s] copying /mnt/c/ros2_ws/3-26-src/build/control/build/lib/control/midterm_ex.py -> /mnt/c/ros2_ws/3-26-src/install/control/lib/python3.10/site-packages/control
[4.954s] byte-compiling /mnt/c/ros2_ws/3-26-src/install/control/lib/python3.10/site-packages/control/midterm4.py to midterm4.cpython-310.pyc
[5.049s] byte-compiling /mnt/c/ros2_ws/3-26-src/install/control/lib/python3.10/site-packages/control/midterm_ex.py to midterm_ex.cpython-310.pyc
[5.176s] running install_data
[5.221s] running install_egg_info
[5.247s] removing '/mnt/c/ros2_ws/3-26-src/install/control/lib/python3.10/site-packages/control-0.0.0-py3.10.egg-info' (and everything under it)
[5.354s] Copying ../build/control/control.egg-info to /mnt/c/ros2_ws/3-26-src/install/control/lib/python3.10/site-packages/control-0.0.0-py3.10.egg-info
[5.827s] running install_scripts
[6.004s] Installing ex1 script to /mnt/c/ros2_ws/3-26-src/install/control/lib/control
[6.025s] Installing midterm_ex script to /mnt/c/ros2_ws/3-26-src/install/control/lib/control
[6.045s] Installing startpublisher script to /mnt/c/ros2_ws/3-26-src/install/control/lib/control
[6.073s] writing list of installed files to '/mnt/c/ros2_ws/3-26-src/build/control/install.log'
[6.139s] Invoked command in '/mnt/c/ros2_ws/3-26-src/control' returned '0': PYTHONPATH=/mnt/c/ros2_ws/3-26-src/build/control/prefix_override:/usr/lib/python3/dist-packages/colcon_core/task/python/colcon_distutils_commands:/mnt/c/ros2_ws/3-26-src/install/control/lib/python3.10/site-packages:${PYTHONPATH} /usr/bin/python3 -W ignore:setup.py install is deprecated -W ignore:easy_install command is deprecated setup.py egg_info --egg-base ../build/control build --build-base /mnt/c/ros2_ws/3-26-src/build/control/build install --record /mnt/c/ros2_ws/3-26-src/build/control/install.log --single-version-externally-managed install_data
