[3.017s] Invoking command in '/mnt/c/ros2_ws/3-26-src/control': PYTHONPATH=/mnt/c/ros2_ws/3-26-src/build/control/prefix_override:/usr/lib/python3/dist-packages/colcon_core/task/python/colcon_distutils_commands:/mnt/c/ros2_ws/3-26-src/install/control/lib/python3.10/site-packages:${PYTHONPATH} /usr/bin/python3 -W ignore:setup.py install is deprecated -W ignore:easy_install command is deprecated setup.py egg_info --egg-base ../build/control build --build-base /mnt/c/ros2_ws/3-26-src/build/control/build install --record /mnt/c/ros2_ws/3-26-src/build/control/install.log --single-version-externally-managed install_data
[4.151s] running egg_info
[4.157s] writing ../build/control/control.egg-info/PKG-INFO
[4.167s] writing dependency_links to ../build/control/control.egg-info/dependency_links.txt
[4.176s] writing entry points to ../build/control/control.egg-info/entry_points.txt
[4.184s] writing requirements to ../build/control/control.egg-info/requires.txt
[4.189s] writing top-level names to ../build/control/control.egg-info/top_level.txt
[4.227s] reading manifest file '../build/control/control.egg-info/SOURCES.txt'
[4.321s] writing manifest file '../build/control/control.egg-info/SOURCES.txt'
[4.326s] running build
[4.328s] running build_py
[4.387s] copying control/midterm.py -> /mnt/c/ros2_ws/3-26-src/build/control/build/lib/control
[4.421s] copying control/midterm2.py -> /mnt/c/ros2_ws/3-26-src/build/control/build/lib/control
[4.454s] copying control/midterm3.py -> /mnt/c/ros2_ws/3-26-src/build/control/build/lib/control
[4.502s] running install
[4.503s] running install_lib
[4.582s] copying /mnt/c/ros2_ws/3-26-src/build/control/build/lib/control/midterm.py -> /mnt/c/ros2_ws/3-26-src/install/control/lib/python3.10/site-packages/control
[4.631s] copying /mnt/c/ros2_ws/3-26-src/build/control/build/lib/control/midterm2.py -> /mnt/c/ros2_ws/3-26-src/install/control/lib/python3.10/site-packages/control
[4.674s] copying /mnt/c/ros2_ws/3-26-src/build/control/build/lib/control/midterm3.py -> /mnt/c/ros2_ws/3-26-src/install/control/lib/python3.10/site-packages/control
[4.782s] byte-compiling /mnt/c/ros2_ws/3-26-src/install/control/lib/python3.10/site-packages/control/midterm.py to midterm.cpython-310.pyc
[4.835s] byte-compiling /mnt/c/ros2_ws/3-26-src/install/control/lib/python3.10/site-packages/control/midterm2.py to midterm2.cpython-310.pyc
[4.892s] byte-compiling /mnt/c/ros2_ws/3-26-src/install/control/lib/python3.10/site-packages/control/midterm3.py to midterm3.cpython-310.pyc
[4.984s] running install_data
[5.008s] running install_egg_info
[5.019s] removing '/mnt/c/ros2_ws/3-26-src/install/control/lib/python3.10/site-packages/control-0.0.0-py3.10.egg-info' (and everything under it)
[5.075s] Copying ../build/control/control.egg-info to /mnt/c/ros2_ws/3-26-src/install/control/lib/python3.10/site-packages/control-0.0.0-py3.10.egg-info
[5.328s] running install_scripts
[5.439s] Installing midterm3 script to /mnt/c/ros2_ws/3-26-src/install/control/lib/control
[5.453s] Installing startpublisher script to /mnt/c/ros2_ws/3-26-src/install/control/lib/control
[5.471s] writing list of installed files to '/mnt/c/ros2_ws/3-26-src/build/control/install.log'
[5.524s] Invoked command in '/mnt/c/ros2_ws/3-26-src/control' returned '0': PYTHONPATH=/mnt/c/ros2_ws/3-26-src/build/control/prefix_override:/usr/lib/python3/dist-packages/colcon_core/task/python/colcon_distutils_commands:/mnt/c/ros2_ws/3-26-src/install/control/lib/python3.10/site-packages:${PYTHONPATH} /usr/bin/python3 -W ignore:setup.py install is deprecated -W ignore:easy_install command is deprecated setup.py egg_info --egg-base ../build/control build --build-base /mnt/c/ros2_ws/3-26-src/build/control/build install --record /mnt/c/ros2_ws/3-26-src/build/control/install.log --single-version-externally-managed install_data
