[1.790s] DEBUG:colcon:Command line arguments: ['/usr/bin/colcon', 'build']
[1.791s] DEBUG:colcon:Parsed command line arguments: Namespace(log_base=None, log_level=None, verb_name='build', build_base='build', install_base='install', merge_install=False, symlink_install=False, test_result_base=None, continue_on_error=False, executor='parallel', parallel_workers=8, event_handlers=None, ignore_user_meta=False, metas=['./colcon.meta'], base_paths=['.'], packages_ignore=None, packages_ignore_regex=None, paths=None, packages_up_to=None, packages_up_to_regex=None, packages_above=None, packages_above_and_dependencies=None, packages_above_depth=None, packages_select_by_dep=None, packages_skip_by_dep=None, packages_skip_up_to=None, packages_select_build_failed=False, packages_skip_build_finished=False, packages_select_test_failures=False, packages_skip_test_passed=False, packages_select=None, packages_skip=None, packages_select_regex=None, packages_skip_regex=None, packages_start=None, packages_end=None, allow_overriding=[], cmake_args=None, cmake_target=None, cmake_target_skip_unavailable=False, cmake_clean_cache=False, cmake_clean_first=False, cmake_force_configure=False, ament_cmake_args=None, catkin_cmake_args=None, catkin_skip_building_tests=False, mixin_files=None, mixin=None, verb_parser=<colcon_mixin.mixin.mixin_argument.MixinArgumentDecorator object at 0x7f65b28293f0>, verb_extension=<colcon_core.verb.build.BuildVerb object at 0x7f65b2828f10>, main=<bound method BuildVerb.main of <colcon_core.verb.build.BuildVerb object at 0x7f65b2828f10>>, mixin_verb=('build',))
[3.253s] Level 1:colcon.colcon_core.package_discovery:discover_packages(colcon_meta) check parameters
[3.255s] Level 1:colcon.colcon_core.package_discovery:discover_packages(recursive) check parameters
[3.255s] Level 1:colcon.colcon_core.package_discovery:discover_packages(ignore) check parameters
[3.256s] Level 1:colcon.colcon_core.package_discovery:discover_packages(path) check parameters
[3.256s] Level 1:colcon.colcon_core.package_discovery:discover_packages(colcon_meta) discover
[3.257s] Level 1:colcon.colcon_core.package_discovery:discover_packages(recursive) discover
[3.257s] INFO:colcon.colcon_core.package_discovery:Crawling recursively for packages in '/mnt/c/ros2_ws'
[3.260s] Level 1:colcon.colcon_core.package_identification:_identify(.) by extensions ['ignore', 'ignore_ament_install']
[3.261s] Level 1:colcon.colcon_core.package_identification:_identify(.) by extension 'ignore'
[3.262s] Level 1:colcon.colcon_core.package_identification:_identify(.) by extension 'ignore_ament_install'
[3.263s] Level 1:colcon.colcon_core.package_identification:_identify(.) by extensions ['colcon_pkg']
[3.263s] Level 1:colcon.colcon_core.package_identification:_identify(.) by extension 'colcon_pkg'
[3.264s] Level 1:colcon.colcon_core.package_identification:_identify(.) by extensions ['colcon_meta']
[3.264s] Level 1:colcon.colcon_core.package_identification:_identify(.) by extension 'colcon_meta'
[3.265s] Level 1:colcon.colcon_core.package_identification:_identify(.) by extensions ['ros']
[3.265s] Level 1:colcon.colcon_core.package_identification:_identify(.) by extension 'ros'
[3.325s] Level 1:colcon.colcon_core.package_identification:_identify(.) by extensions ['cmake', 'python']
[3.326s] Level 1:colcon.colcon_core.package_identification:_identify(.) by extension 'cmake'
[3.327s] Level 1:colcon.colcon_core.package_identification:_identify(.) by extension 'python'
[3.328s] Level 1:colcon.colcon_core.package_identification:_identify(.) by extensions ['python_setup_py']
[3.328s] Level 1:colcon.colcon_core.package_identification:_identify(.) by extension 'python_setup_py'
[3.332s] Level 1:colcon.colcon_core.package_identification:_identify(3-26-src) by extensions ['ignore', 'ignore_ament_install']
[3.333s] Level 1:colcon.colcon_core.package_identification:_identify(3-26-src) by extension 'ignore'
[3.334s] Level 1:colcon.colcon_core.package_identification:_identify(3-26-src) by extension 'ignore_ament_install'
[3.336s] Level 1:colcon.colcon_core.package_identification:_identify(3-26-src) by extensions ['colcon_pkg']
[3.337s] Level 1:colcon.colcon_core.package_identification:_identify(3-26-src) by extension 'colcon_pkg'
[3.339s] Level 1:colcon.colcon_core.package_identification:_identify(3-26-src) by extensions ['colcon_meta']
[3.340s] Level 1:colcon.colcon_core.package_identification:_identify(3-26-src) by extension 'colcon_meta'
[3.342s] Level 1:colcon.colcon_core.package_identification:_identify(3-26-src) by extensions ['ros']
[3.343s] Level 1:colcon.colcon_core.package_identification:_identify(3-26-src) by extension 'ros'
[3.349s] Level 1:colcon.colcon_core.package_identification:_identify(3-26-src) by extensions ['cmake', 'python']
[3.349s] Level 1:colcon.colcon_core.package_identification:_identify(3-26-src) by extension 'cmake'
[3.352s] Level 1:colcon.colcon_core.package_identification:_identify(3-26-src) by extension 'python'
[3.354s] Level 1:colcon.colcon_core.package_identification:_identify(3-26-src) by extensions ['python_setup_py']
[3.354s] Level 1:colcon.colcon_core.package_identification:_identify(3-26-src) by extension 'python_setup_py'
[3.363s] Level 1:colcon.colcon_core.package_identification:_identify(3-26-src/control) by extensions ['ignore', 'ignore_ament_install']
[3.363s] Level 1:colcon.colcon_core.package_identification:_identify(3-26-src/control) by extension 'ignore'
[3.365s] Level 1:colcon.colcon_core.package_identification:_identify(3-26-src/control) by extension 'ignore_ament_install'
[3.369s] Level 1:colcon.colcon_core.package_identification:_identify(3-26-src/control) by extensions ['colcon_pkg']
[3.370s] Level 1:colcon.colcon_core.package_identification:_identify(3-26-src/control) by extension 'colcon_pkg'
[3.372s] Level 1:colcon.colcon_core.package_identification:_identify(3-26-src/control) by extensions ['colcon_meta']
[3.372s] Level 1:colcon.colcon_core.package_identification:_identify(3-26-src/control) by extension 'colcon_meta'
[3.377s] Level 1:colcon.colcon_core.package_identification:_identify(3-26-src/control) by extensions ['ros']
[3.378s] Level 1:colcon.colcon_core.package_identification:_identify(3-26-src/control) by extension 'ros'
[3.414s] DEBUG:colcon.colcon_core.package_identification:Package '3-26-src/control' with type 'ros.ament_python' and name 'control'
[3.421s] Level 1:colcon.colcon_core.package_identification:_identify(build) by extensions ['ignore', 'ignore_ament_install']
[3.422s] Level 1:colcon.colcon_core.package_identification:_identify(build) by extension 'ignore'
[3.425s] Level 1:colcon.colcon_core.package_identification:_identify(build) ignored
[3.432s] Level 1:colcon.colcon_core.package_identification:_identify(install) by extensions ['ignore', 'ignore_ament_install']
[3.433s] Level 1:colcon.colcon_core.package_identification:_identify(install) by extension 'ignore'
[3.435s] Level 1:colcon.colcon_core.package_identification:_identify(install) ignored
[3.442s] Level 1:colcon.colcon_core.package_identification:_identify(log) by extensions ['ignore', 'ignore_ament_install']
[3.443s] Level 1:colcon.colcon_core.package_identification:_identify(log) by extension 'ignore'
[3.445s] Level 1:colcon.colcon_core.package_identification:_identify(log) ignored
[3.452s] Level 1:colcon.colcon_core.package_identification:_identify(src) by extensions ['ignore', 'ignore_ament_install']
[3.452s] Level 1:colcon.colcon_core.package_identification:_identify(src) by extension 'ignore'
[3.454s] Level 1:colcon.colcon_core.package_identification:_identify(src) by extension 'ignore_ament_install'
[3.456s] Level 1:colcon.colcon_core.package_identification:_identify(src) by extensions ['colcon_pkg']
[3.456s] Level 1:colcon.colcon_core.package_identification:_identify(src) by extension 'colcon_pkg'
[3.458s] Level 1:colcon.colcon_core.package_identification:_identify(src) by extensions ['colcon_meta']
[3.459s] Level 1:colcon.colcon_core.package_identification:_identify(src) by extension 'colcon_meta'
[3.461s] Level 1:colcon.colcon_core.package_identification:_identify(src) by extensions ['ros']
[3.462s] Level 1:colcon.colcon_core.package_identification:_identify(src) by extension 'ros'
[3.469s] Level 1:colcon.colcon_core.package_identification:_identify(src) by extensions ['cmake', 'python']
[3.469s] Level 1:colcon.colcon_core.package_identification:_identify(src) by extension 'cmake'
[3.470s] Level 1:colcon.colcon_core.package_identification:_identify(src) by extension 'python'
[3.472s] Level 1:colcon.colcon_core.package_identification:_identify(src) by extensions ['python_setup_py']
[3.472s] Level 1:colcon.colcon_core.package_identification:_identify(src) by extension 'python_setup_py'
[3.481s] Level 1:colcon.colcon_core.package_identification:_identify(src/control) by extensions ['ignore', 'ignore_ament_install']
[3.482s] Level 1:colcon.colcon_core.package_identification:_identify(src/control) by extension 'ignore'
[3.486s] Level 1:colcon.colcon_core.package_identification:_identify(src/control) by extension 'ignore_ament_install'
[3.490s] Level 1:colcon.colcon_core.package_identification:_identify(src/control) by extensions ['colcon_pkg']
[3.490s] Level 1:colcon.colcon_core.package_identification:_identify(src/control) by extension 'colcon_pkg'
[3.492s] Level 1:colcon.colcon_core.package_identification:_identify(src/control) by extensions ['colcon_meta']
[3.493s] Level 1:colcon.colcon_core.package_identification:_identify(src/control) by extension 'colcon_meta'
[3.497s] Level 1:colcon.colcon_core.package_identification:_identify(src/control) by extensions ['ros']
[3.498s] Level 1:colcon.colcon_core.package_identification:_identify(src/control) by extension 'ros'
[3.524s] DEBUG:colcon.colcon_core.package_identification:Package 'src/control' with type 'ros.ament_python' and name 'control'
[3.551s] Level 1:colcon.colcon_core.package_identification:_identify(src/pub_sub) by extensions ['ignore', 'ignore_ament_install']
[3.552s] Level 1:colcon.colcon_core.package_identification:_identify(src/pub_sub) by extension 'ignore'
[3.559s] Level 1:colcon.colcon_core.package_identification:_identify(src/pub_sub) by extension 'ignore_ament_install'
[3.566s] Level 1:colcon.colcon_core.package_identification:_identify(src/pub_sub) by extensions ['colcon_pkg']
[3.567s] Level 1:colcon.colcon_core.package_identification:_identify(src/pub_sub) by extension 'colcon_pkg'
[3.569s] Level 1:colcon.colcon_core.package_identification:_identify(src/pub_sub) by extensions ['colcon_meta']
[3.570s] Level 1:colcon.colcon_core.package_identification:_identify(src/pub_sub) by extension 'colcon_meta'
[3.574s] Level 1:colcon.colcon_core.package_identification:_identify(src/pub_sub) by extensions ['ros']
[3.574s] Level 1:colcon.colcon_core.package_identification:_identify(src/pub_sub) by extension 'ros'
[3.604s] DEBUG:colcon.colcon_core.package_identification:Package 'src/pub_sub' with type 'ros.ament_python' and name 'pub_sub'
[3.613s] Level 1:colcon.colcon_core.package_identification:_identify(src/week5) by extensions ['ignore', 'ignore_ament_install']
[3.613s] Level 1:colcon.colcon_core.package_identification:_identify(src/week5) by extension 'ignore'
[3.616s] Level 1:colcon.colcon_core.package_identification:_identify(src/week5) by extension 'ignore_ament_install'
[3.627s] Level 1:colcon.colcon_core.package_identification:_identify(src/week5) by extensions ['colcon_pkg']
[3.628s] Level 1:colcon.colcon_core.package_identification:_identify(src/week5) by extension 'colcon_pkg'
[3.632s] Level 1:colcon.colcon_core.package_identification:_identify(src/week5) by extensions ['colcon_meta']
[3.633s] Level 1:colcon.colcon_core.package_identification:_identify(src/week5) by extension 'colcon_meta'
[3.636s] Level 1:colcon.colcon_core.package_identification:_identify(src/week5) by extensions ['ros']
[3.637s] Level 1:colcon.colcon_core.package_identification:_identify(src/week5) by extension 'ros'
[3.660s] DEBUG:colcon.colcon_core.package_identification:Package 'src/week5' with type 'ros.ament_python' and name 'week5'
[3.661s] Level 1:colcon.colcon_core.package_discovery:discover_packages(recursive) using defaults
[3.661s] Level 1:colcon.colcon_core.package_discovery:discover_packages(ignore) discover
[3.662s] Level 1:colcon.colcon_core.package_discovery:discover_packages(ignore) using defaults
[3.662s] Level 1:colcon.colcon_core.package_discovery:discover_packages(path) discover
[3.663s] Level 1:colcon.colcon_core.package_discovery:discover_packages(path) using defaults
[4.037s] Level 1:colcon.colcon_core.package_discovery:discover_packages(prefix_path) check parameters
[4.038s] Level 1:colcon.colcon_core.package_discovery:discover_packages(prefix_path) discover
[4.143s] DEBUG:colcon.colcon_installed_package_information.package_discovery:Found 3 installed packages in /mnt/c/ros2_ws/install
[4.148s] DEBUG:colcon.colcon_installed_package_information.package_discovery:Found 271 installed packages in /opt/ros/humble
[4.151s] Level 1:colcon.colcon_core.package_discovery:discover_packages(prefix_path) using defaults
[4.382s] ERROR:colcon:colcon build: Duplicate package names not supported:
- control:
  - 3-26-src/control
  - src/control
