[9.946s] Invoking command in '/mnt/c/ros2_ws/src/pub_sub': PYTHONPATH=/mnt/c/ros2_ws/build/pub_sub/prefix_override:/usr/lib/python3/dist-packages/colcon_core/task/python/colcon_distutils_commands:/mnt/c/ros2_ws/install/pub_sub/lib/python3.10/site-packages:${PYTHONPATH} /usr/bin/python3 -W ignore:setup.py install is deprecated -W ignore:easy_install command is deprecated setup.py egg_info --egg-base ../../build/pub_sub build --build-base /mnt/c/ros2_ws/build/pub_sub/build install --record /mnt/c/ros2_ws/build/pub_sub/install.log --single-version-externally-managed install_data
[12.014s] running egg_info
[12.025s] writing ../../build/pub_sub/pub_sub.egg-info/PKG-INFO
[12.047s] writing dependency_links to ../../build/pub_sub/pub_sub.egg-info/dependency_links.txt
[12.058s] writing entry points to ../../build/pub_sub/pub_sub.egg-info/entry_points.txt
[12.062s] writing requirements to ../../build/pub_sub/pub_sub.egg-info/requires.txt
[12.067s] writing top-level names to ../../build/pub_sub/pub_sub.egg-info/top_level.txt
[12.131s] reading manifest file '../../build/pub_sub/pub_sub.egg-info/SOURCES.txt'
[12.243s] writing manifest file '../../build/pub_sub/pub_sub.egg-info/SOURCES.txt'
[12.249s] running build
[12.251s] running build_py
[12.327s] running install
[12.331s] running install_lib
[12.530s] running install_data
[12.576s] running install_egg_info
[12.605s] removing '/mnt/c/ros2_ws/install/pub_sub/lib/python3.10/site-packages/pub_sub-0.0.0-py3.10.egg-info' (and everything under it)
[12.698s] Copying ../../build/pub_sub/pub_sub.egg-info to /mnt/c/ros2_ws/install/pub_sub/lib/python3.10/site-packages/pub_sub-0.0.0-py3.10.egg-info
[13.105s] running install_scripts
[13.298s] Installing pub script to /mnt/c/ros2_ws/install/pub_sub/lib/pub_sub
[13.311s] Installing sub script to /mnt/c/ros2_ws/install/pub_sub/lib/pub_sub
[13.331s] writing list of installed files to '/mnt/c/ros2_ws/build/pub_sub/install.log'
[13.857s] Invoked command in '/mnt/c/ros2_ws/src/pub_sub' returned '0': PYTHONPATH=/mnt/c/ros2_ws/build/pub_sub/prefix_override:/usr/lib/python3/dist-packages/colcon_core/task/python/colcon_distutils_commands:/mnt/c/ros2_ws/install/pub_sub/lib/python3.10/site-packages:${PYTHONPATH} /usr/bin/python3 -W ignore:setup.py install is deprecated -W ignore:easy_install command is deprecated setup.py egg_info --egg-base ../../build/pub_sub build --build-base /mnt/c/ros2_ws/build/pub_sub/build install --record /mnt/c/ros2_ws/build/pub_sub/install.log --single-version-externally-managed install_data
