[8.892s] Invoking command in '/mnt/c/ros2_ws/src/week5': PYTHONPATH=/mnt/c/ros2_ws/build/week5/prefix_override:/usr/lib/python3/dist-packages/colcon_core/task/python/colcon_distutils_commands:/mnt/c/ros2_ws/install/week5/lib/python3.10/site-packages:${PYTHONPATH} /usr/bin/python3 -W ignore:setup.py install is deprecated -W ignore:easy_install command is deprecated setup.py egg_info --egg-base ../../build/week5 build --build-base /mnt/c/ros2_ws/build/week5/build install --record /mnt/c/ros2_ws/build/week5/install.log --single-version-externally-managed install_data
[11.007s] running egg_info
[11.016s] writing ../../build/week5/week5.egg-info/PKG-INFO
[11.029s] writing dependency_links to ../../build/week5/week5.egg-info/dependency_links.txt
[11.045s] writing entry points to ../../build/week5/week5.egg-info/entry_points.txt
[11.052s] writing requirements to ../../build/week5/week5.egg-info/requires.txt
[11.062s] writing top-level names to ../../build/week5/week5.egg-info/top_level.txt
[11.126s] reading manifest file '../../build/week5/week5.egg-info/SOURCES.txt'
[11.251s] writing manifest file '../../build/week5/week5.egg-info/SOURCES.txt'
[11.257s] running build
[11.259s] running build_py
[11.315s] running install
[11.316s] running install_lib
[11.514s] running install_data
[11.561s] running install_egg_info
[11.586s] removing '/mnt/c/ros2_ws/install/week5/lib/python3.10/site-packages/week5-0.0.0-py3.10.egg-info' (and everything under it)
[11.689s] Copying ../../build/week5/week5.egg-info to /mnt/c/ros2_ws/install/week5/lib/python3.10/site-packages/week5-0.0.0-py3.10.egg-info
[12.148s] running install_scripts
[12.335s] Installing test_node script to /mnt/c/ros2_ws/install/week5/lib/week5
[12.357s] writing list of installed files to '/mnt/c/ros2_ws/build/week5/install.log'
[12.459s] Invoked command in '/mnt/c/ros2_ws/src/week5' returned '0': PYTHONPATH=/mnt/c/ros2_ws/build/week5/prefix_override:/usr/lib/python3/dist-packages/colcon_core/task/python/colcon_distutils_commands:/mnt/c/ros2_ws/install/week5/lib/python3.10/site-packages:${PYTHONPATH} /usr/bin/python3 -W ignore:setup.py install is deprecated -W ignore:easy_install command is deprecated setup.py egg_info --egg-base ../../build/week5 build --build-base /mnt/c/ros2_ws/build/week5/build install --record /mnt/c/ros2_ws/build/week5/install.log --single-version-externally-managed install_data
