[7.642s] Invoking command in '/mnt/c/ros2_ws/3-26-SRC/control': PYTHONPATH=/mnt/c/ros2_ws/3-26-SRC/build/control/prefix_override:/usr/lib/python3/dist-packages/colcon_core/task/python/colcon_distutils_commands:/mnt/c/ros2_ws/3-26-SRC/install/control/lib/python3.10/site-packages:${PYTHONPATH} /usr/bin/python3 -W ignore:setup.py install is deprecated -W ignore:easy_install command is deprecated setup.py egg_info --egg-base ../build/control build --build-base /mnt/c/ros2_ws/3-26-SRC/build/control/build install --record /mnt/c/ros2_ws/3-26-SRC/build/control/install.log --single-version-externally-managed install_data
[11.036s] running egg_info
[11.045s] writing ../build/control/control.egg-info/PKG-INFO
[11.056s] writing dependency_links to ../build/control/control.egg-info/dependency_links.txt
[11.068s] writing entry points to ../build/control/control.egg-info/entry_points.txt
[11.079s] writing requirements to ../build/control/control.egg-info/requires.txt
[11.085s] writing top-level names to ../build/control/control.egg-info/top_level.txt
[11.142s] reading manifest file '../build/control/control.egg-info/SOURCES.txt'
[11.247s] writing manifest file '../build/control/control.egg-info/SOURCES.txt'
[11.252s] running build
[11.254s] running build_py
[11.284s] copying control/ex1.py -> /mnt/c/ros2_ws/3-26-SRC/build/control/build/lib/control
[11.416s] running install
[11.417s] running install_lib
[11.508s] copying /mnt/c/ros2_ws/3-26-SRC/build/control/build/lib/control/ex1.py -> /mnt/c/ros2_ws/3-26-SRC/install/control/lib/python3.10/site-packages/control
[11.708s] byte-compiling /mnt/c/ros2_ws/3-26-SRC/install/control/lib/python3.10/site-packages/control/ex1.py to ex1.cpython-310.pyc
[11.818s] running install_data
[11.864s] running install_egg_info
[11.891s] removing '/mnt/c/ros2_ws/3-26-SRC/install/control/lib/python3.10/site-packages/control-0.0.0-py3.10.egg-info' (and everything under it)
[11.990s] Copying ../build/control/control.egg-info to /mnt/c/ros2_ws/3-26-SRC/install/control/lib/python3.10/site-packages/control-0.0.0-py3.10.egg-info
[12.388s] running install_scripts
[12.680s] Installing ex1 script to /mnt/c/ros2_ws/3-26-SRC/install/control/lib/control
[12.709s] writing list of installed files to '/mnt/c/ros2_ws/3-26-SRC/build/control/install.log'
[12.777s] Invoked command in '/mnt/c/ros2_ws/3-26-SRC/control' returned '0': PYTHONPATH=/mnt/c/ros2_ws/3-26-SRC/build/control/prefix_override:/usr/lib/python3/dist-packages/colcon_core/task/python/colcon_distutils_commands:/mnt/c/ros2_ws/3-26-SRC/install/control/lib/python3.10/site-packages:${PYTHONPATH} /usr/bin/python3 -W ignore:setup.py install is deprecated -W ignore:easy_install command is deprecated setup.py egg_info --egg-base ../build/control build --build-base /mnt/c/ros2_ws/3-26-SRC/build/control/build install --record /mnt/c/ros2_ws/3-26-SRC/build/control/install.log --single-version-externally-managed install_data
