[3.483s] Invoking command in '/mnt/c/ros2_ws/3-26-src/control': PYTHONPATH=/mnt/c/ros2_ws/3-26-src/build/control/prefix_override:/usr/lib/python3/dist-packages/colcon_core/task/python/colcon_distutils_commands:/mnt/c/ros2_ws/3-26-src/install/control/lib/python3.10/site-packages:${PYTHONPATH} /usr/bin/python3 -W ignore:setup.py install is deprecated -W ignore:easy_install command is deprecated setup.py egg_info --egg-base ../build/control build --build-base /mnt/c/ros2_ws/3-26-src/build/control/build install --record /mnt/c/ros2_ws/3-26-src/build/control/install.log --single-version-externally-managed install_data
[4.722s] running egg_info
[4.731s] writing ../build/control/control.egg-info/PKG-INFO
[4.743s] writing dependency_links to ../build/control/control.egg-info/dependency_links.txt
[4.761s] writing entry points to ../build/control/control.egg-info/entry_points.txt
[4.771s] writing requirements to ../build/control/control.egg-info/requires.txt
[4.778s] writing top-level names to ../build/control/control.egg-info/top_level.txt
[4.841s] reading manifest file '../build/control/control.egg-info/SOURCES.txt'
[4.962s] writing manifest file '../build/control/control.egg-info/SOURCES.txt'
[4.968s] running build
[4.970s] running build_py
[5.082s] copying control/midterm_ex.py -> /mnt/c/ros2_ws/3-26-src/build/control/build/lib/control
[5.173s] running install
[5.175s] running install_lib
[5.395s] copying /mnt/c/ros2_ws/3-26-src/build/control/build/lib/control/midterm_ex.py -> /mnt/c/ros2_ws/3-26-src/install/control/lib/python3.10/site-packages/control
[5.615s] byte-compiling /mnt/c/ros2_ws/3-26-src/install/control/lib/python3.10/site-packages/control/midterm_ex.py to midterm_ex.cpython-310.pyc
[5.728s] running install_data
[5.779s] running install_egg_info
[5.800s] removing '/mnt/c/ros2_ws/3-26-src/install/control/lib/python3.10/site-packages/control-0.0.0-py3.10.egg-info' (and everything under it)
[5.907s] Copying ../build/control/control.egg-info to /mnt/c/ros2_ws/3-26-src/install/control/lib/python3.10/site-packages/control-0.0.0-py3.10.egg-info
[6.416s] running install_scripts
[6.552s] Installing ex1 script to /mnt/c/ros2_ws/3-26-src/install/control/lib/control
[6.575s] Installing midterm_ex script to /mnt/c/ros2_ws/3-26-src/install/control/lib/control
[6.602s] Installing startpublisher script to /mnt/c/ros2_ws/3-26-src/install/control/lib/control
[6.632s] writing list of installed files to '/mnt/c/ros2_ws/3-26-src/build/control/install.log'
[6.700s] Invoked command in '/mnt/c/ros2_ws/3-26-src/control' returned '0': PYTHONPATH=/mnt/c/ros2_ws/3-26-src/build/control/prefix_override:/usr/lib/python3/dist-packages/colcon_core/task/python/colcon_distutils_commands:/mnt/c/ros2_ws/3-26-src/install/control/lib/python3.10/site-packages:${PYTHONPATH} /usr/bin/python3 -W ignore:setup.py install is deprecated -W ignore:easy_install command is deprecated setup.py egg_info --egg-base ../build/control build --build-base /mnt/c/ros2_ws/3-26-src/build/control/build install --record /mnt/c/ros2_ws/3-26-src/build/control/install.log --single-version-externally-managed install_data
