[10.245s] Invoking command in '/mnt/c/ros2_ws/src/control': PYTHONPATH=/mnt/c/ros2_ws/build/control/prefix_override:/usr/lib/python3/dist-packages/colcon_core/task/python/colcon_distutils_commands:/mnt/c/ros2_ws/install/control/lib/python3.10/site-packages:${PYTHONPATH} /usr/bin/python3 -W ignore:setup.py install is deprecated -W ignore:easy_install command is deprecated setup.py egg_info --egg-base ../../build/control build --build-base /mnt/c/ros2_ws/build/control/build install --record /mnt/c/ros2_ws/build/control/install.log --single-version-externally-managed install_data
[12.253s] running egg_info
[12.259s] writing ../../build/control/control.egg-info/PKG-INFO
[12.268s] writing dependency_links to ../../build/control/control.egg-info/dependency_links.txt
[12.276s] writing entry points to ../../build/control/control.egg-info/entry_points.txt
[12.284s] writing requirements to ../../build/control/control.egg-info/requires.txt
[12.291s] writing top-level names to ../../build/control/control.egg-info/top_level.txt
[12.354s] reading manifest file '../../build/control/control.egg-info/SOURCES.txt'
[12.467s] writing manifest file '../../build/control/control.egg-info/SOURCES.txt'
[12.472s] running build
[12.474s] running build_py
[12.523s] running install
[12.526s] running install_lib
[12.682s] running install_data
[12.722s] running install_egg_info
[12.748s] removing '/mnt/c/ros2_ws/install/control/lib/python3.10/site-packages/control-0.0.0-py3.10.egg-info' (and everything under it)
[12.849s] Copying ../../build/control/control.egg-info to /mnt/c/ros2_ws/install/control/lib/python3.10/site-packages/control-0.0.0-py3.10.egg-info
[13.253s] running install_scripts
[13.440s] Installing control script to /mnt/c/ros2_ws/install/control/lib/control
[13.460s] writing list of installed files to '/mnt/c/ros2_ws/build/control/install.log'
[13.554s] Invoked command in '/mnt/c/ros2_ws/src/control' returned '0': PYTHONPATH=/mnt/c/ros2_ws/build/control/prefix_override:/usr/lib/python3/dist-packages/colcon_core/task/python/colcon_distutils_commands:/mnt/c/ros2_ws/install/control/lib/python3.10/site-packages:${PYTHONPATH} /usr/bin/python3 -W ignore:setup.py install is deprecated -W ignore:easy_install command is deprecated setup.py egg_info --egg-base ../../build/control build --build-base /mnt/c/ros2_ws/build/control/build install --record /mnt/c/ros2_ws/build/control/install.log --single-version-externally-managed install_data
