[9.156s] Invoking command in '/mnt/c/ros2_ws/src/pub_sub': PYTHONPATH=/mnt/c/ros2_ws/build/pub_sub/prefix_override:/usr/lib/python3/dist-packages/colcon_core/task/python/colcon_distutils_commands:/mnt/c/ros2_ws/install/pub_sub/lib/python3.10/site-packages:${PYTHONPATH} /usr/bin/python3 -W ignore:setup.py install is deprecated -W ignore:easy_install command is deprecated setup.py egg_info --egg-base ../../build/pub_sub build --build-base /mnt/c/ros2_ws/build/pub_sub/build install --record /mnt/c/ros2_ws/build/pub_sub/install.log --single-version-externally-managed install_data
[11.183s] running egg_info
[11.191s] writing ../../build/pub_sub/pub_sub.egg-info/PKG-INFO
[11.205s] writing dependency_links to ../../build/pub_sub/pub_sub.egg-info/dependency_links.txt
[11.217s] writing entry points to ../../build/pub_sub/pub_sub.egg-info/entry_points.txt
[11.227s] writing requirements to ../../build/pub_sub/pub_sub.egg-info/requires.txt
[11.232s] writing top-level names to ../../build/pub_sub/pub_sub.egg-info/top_level.txt
[11.306s] reading manifest file '../../build/pub_sub/pub_sub.egg-info/SOURCES.txt'
[11.436s] writing manifest file '../../build/pub_sub/pub_sub.egg-info/SOURCES.txt'
[11.443s] running build
[11.445s] running build_py
[11.524s] running install
[11.526s] running install_lib
[11.777s] running install_data
[11.826s] running install_egg_info
[11.854s] removing '/mnt/c/ros2_ws/install/pub_sub/lib/python3.10/site-packages/pub_sub-0.0.0-py3.10.egg-info' (and everything under it)
[11.964s] Copying ../../build/pub_sub/pub_sub.egg-info to /mnt/c/ros2_ws/install/pub_sub/lib/python3.10/site-packages/pub_sub-0.0.0-py3.10.egg-info
[12.416s] running install_scripts
[12.624s] Installing pub script to /mnt/c/ros2_ws/install/pub_sub/lib/pub_sub
[12.644s] Installing sub script to /mnt/c/ros2_ws/install/pub_sub/lib/pub_sub
[12.659s] writing list of installed files to '/mnt/c/ros2_ws/build/pub_sub/install.log'
[13.128s] Invoked command in '/mnt/c/ros2_ws/src/pub_sub' returned '0': PYTHONPATH=/mnt/c/ros2_ws/build/pub_sub/prefix_override:/usr/lib/python3/dist-packages/colcon_core/task/python/colcon_distutils_commands:/mnt/c/ros2_ws/install/pub_sub/lib/python3.10/site-packages:${PYTHONPATH} /usr/bin/python3 -W ignore:setup.py install is deprecated -W ignore:easy_install command is deprecated setup.py egg_info --egg-base ../../build/pub_sub build --build-base /mnt/c/ros2_ws/build/pub_sub/build install --record /mnt/c/ros2_ws/build/pub_sub/install.log --single-version-externally-managed install_data
