[3.134s] Invoking command in '/mnt/c/ros2_ws/3-26-src/control': PYTHONPATH=/mnt/c/ros2_ws/3-26-src/build/control/prefix_override:/usr/lib/python3/dist-packages/colcon_core/task/python/colcon_distutils_commands:/mnt/c/ros2_ws/3-26-src/install/control/lib/python3.10/site-packages:${PYTHONPATH} /usr/bin/python3 -W ignore:setup.py install is deprecated -W ignore:easy_install command is deprecated setup.py egg_info --egg-base ../build/control build --build-base /mnt/c/ros2_ws/3-26-src/build/control/build install --record /mnt/c/ros2_ws/3-26-src/build/control/install.log --single-version-externally-managed install_data
[4.378s] running egg_info
[4.384s] writing ../build/control/control.egg-info/PKG-INFO
[4.397s] writing dependency_links to ../build/control/control.egg-info/dependency_links.txt
[4.409s] writing entry points to ../build/control/control.egg-info/entry_points.txt
[4.418s] writing requirements to ../build/control/control.egg-info/requires.txt
[4.425s] writing top-level names to ../build/control/control.egg-info/top_level.txt
[4.487s] reading manifest file '../build/control/control.egg-info/SOURCES.txt'
[4.595s] writing manifest file '../build/control/control.egg-info/SOURCES.txt'
[4.601s] running build
[4.602s] running build_py
[4.742s] running install
[4.744s] running install_lib
[5.150s] running install_data
[5.186s] running install_egg_info
[5.203s] removing '/mnt/c/ros2_ws/3-26-src/install/control/lib/python3.10/site-packages/control-0.0.0-py3.10.egg-info' (and everything under it)
[5.284s] Copying ../build/control/control.egg-info to /mnt/c/ros2_ws/3-26-src/install/control/lib/python3.10/site-packages/control-0.0.0-py3.10.egg-info
[5.664s] running install_scripts
[5.771s] Installing midterm4 script to /mnt/c/ros2_ws/3-26-src/install/control/lib/control
[5.788s] Installing startpublisher script to /mnt/c/ros2_ws/3-26-src/install/control/lib/control
[5.809s] writing list of installed files to '/mnt/c/ros2_ws/3-26-src/build/control/install.log'
[5.860s] Invoked command in '/mnt/c/ros2_ws/3-26-src/control' returned '0': PYTHONPATH=/mnt/c/ros2_ws/3-26-src/build/control/prefix_override:/usr/lib/python3/dist-packages/colcon_core/task/python/colcon_distutils_commands:/mnt/c/ros2_ws/3-26-src/install/control/lib/python3.10/site-packages:${PYTHONPATH} /usr/bin/python3 -W ignore:setup.py install is deprecated -W ignore:easy_install command is deprecated setup.py egg_info --egg-base ../build/control build --build-base /mnt/c/ros2_ws/3-26-src/build/control/build install --record /mnt/c/ros2_ws/3-26-src/build/control/install.log --single-version-externally-managed install_data
